<?xml version="1.0" encoding="utf-8"?>
<CoverageSession xmlns:xsd="http://www.w3.org/2001/XMLSchema" xmlns:xsi="http://www.w3.org/2001/XMLSchema-instance" Version="0.0.0.0">
  <Summary numSequencePoints="994" visitedSequencePoints="520" numBranchPoints="0" visitedBranchPoints="0" sequenceCoverage="52.31" branchCoverage="0.0" maxCyclomaticComplexity="0" minCyclomaticComplexity="0" maxCrapScore="0" minCrapScore="0" visitedClasses="21" numClasses="43" visitedMethods="68" numMethods="142" />
  <Modules>
    <Module>
      <Summary numSequencePoints="19" visitedSequencePoints="19" numBranchPoints="0" visitedBranchPoints="0" sequenceCoverage="100.0" branchCoverage="0.0" maxCyclomaticComplexity="0" minCyclomaticComplexity="0" maxCrapScore="0" minCrapScore="0" visitedClasses="6" numClasses="6" visitedMethods="6" numMethods="6" />
      <ModuleTime>0001-01-01T00:00:00</ModuleTime>
      <ModuleName>Assembly-CSharp</ModuleName>
      <Files>
        <File uid="1" fullPath="C:/Document/Unity/DuAn1/Assets/EnemyMovement.cs" />
        <File uid="2" fullPath="C:/Document/Unity/DuAn1/Assets/Sang/Scripts/EnemyAI_test.cs" />
        <File uid="3" fullPath="C:/Document/Unity/DuAn1/Assets/Sang/Scripts/EnemyHealth_test.cs" />
        <File uid="4" fullPath="C:/Document/Unity/DuAn1/Assets/Sang/Scripts/EnemyPathfinding_test.cs" />
        <File uid="5" fullPath="C:/Document/Unity/DuAn1/Assets/Sang/Scripts/Flash_test.cs" />
        <File uid="6" fullPath="C:/Document/Unity/DuAn1/Assets/Sang/Scripts/Indestructible.cs" />
        <File uid="7" fullPath="C:/Document/Unity/DuAn1/Assets/Sang/Scripts/Knockback.cs" />
        <File uid="8" fullPath="C:/Document/Unity/DuAn1/Assets/Sang/Scripts/Player/Player_test.cs" />
        <File uid="9" fullPath="C:/Document/Unity/DuAn1/Assets/Sang/Scripts/Quai_1/Enemy_behaviour.cs" />
        <File uid="10" fullPath="C:/Document/Unity/DuAn1/Assets/Sang/Scripts/Quai_1/HotzoneCheck.cs" />
        <File uid="11" fullPath="C:/Document/Unity/DuAn1/Assets/Sang/Scripts/Quai_1/TriggerAreaCheck.cs" />
        <File uid="12" fullPath="C:/Document/Unity/DuAn1/Assets/Sang/Scripts/Shooter_test.cs" />
        <File uid="13" fullPath="C:/Document/Unity/DuAn1/Assets/Sang/Scripts/SlashAnim.cs" />
        <File uid="14" fullPath="C:/Document/Unity/DuAn1/Assets/Sang/Scripts/Traps/Trap_Fall.cs" />
        <File uid="15" fullPath="C:/Document/Unity/DuAn1/Assets/Sang/Scripts/Traps/Trap_suriken.cs" />
        <File uid="16" fullPath="C:/Document/Unity/DuAn1/Assets/TextMesh Pro/Examples &amp; Extras/Scripts/ChatController.cs" />
        <File uid="17" fullPath="C:/Document/Unity/DuAn1/Assets/TextMesh Pro/Examples &amp; Extras/Scripts/DropdownSample.cs" />
        <File uid="18" fullPath="C:/Document/Unity/DuAn1/Assets/TextMesh Pro/Examples &amp; Extras/Scripts/EnvMapAnimator.cs" />
        <File uid="19" fullPath="C:/Document/Unity/DuAn1/Assets/Tuong/Script/Audio/AudioManager2.cs" />
        <File uid="20" fullPath="C:/Document/Unity/DuAn1/Assets/Tuong/Script/Effect/Bomb.cs" />
        <File uid="21" fullPath="C:/Document/Unity/DuAn1/Assets/Tuong/Script/Effect/FireSound.cs" />
        <File uid="22" fullPath="C:/Document/Unity/DuAn1/Assets/Tuong/Script/Effect/PoisonPraticle.cs" />
        <File uid="23" fullPath="C:/Document/Unity/DuAn1/Assets/Tuong/Script/Enemy/all/bullet2.cs" />
        <File uid="24" fullPath="C:/Document/Unity/DuAn1/Assets/Tuong/Script/Enemy/all/ChaseController.cs" />
        <File uid="25" fullPath="C:/Document/Unity/DuAn1/Assets/Tuong/Script/Enemy/all/Enemy Bomb.cs" />
        <File uid="26" fullPath="C:/Document/Unity/DuAn1/Assets/Tuong/Script/Enemy/all/EnemyFly.cs" />
        <File uid="27" fullPath="C:/Document/Unity/DuAn1/Assets/Tuong/Script/Enemy/all/EnemySlime.cs" />
        <File uid="28" fullPath="C:/Document/Unity/DuAn1/Assets/Tuong/Script/Enemy/Enemy flying/EnemyFlying2.cs" />
        <File uid="29" fullPath="C:/Document/Unity/DuAn1/Assets/Tuong/Script/Enemy/EnemyFire/EnemyFire.cs" />
        <File uid="30" fullPath="C:/Document/Unity/DuAn1/Assets/Tuong/Script/Item/Chest.cs" />
        <File uid="31" fullPath="C:/Document/Unity/DuAn1/Assets/Tuong/Script/Item/Food.cs" />
        <File uid="32" fullPath="C:/Document/Unity/DuAn1/Assets/Tuong/Script/Login/Login.cs" />
        <File uid="33" fullPath="C:/Document/Unity/DuAn1/Assets/Tuong/Script/Login/Menu.cs" />
        <File uid="34" fullPath="C:/Document/Unity/DuAn1/Assets/Tuong/Script/Trap/FallingPlatform.cs" />
        <File uid="35" fullPath="C:/Document/Unity/DuAn1/Assets/Tuong/Script/Trap/RoatatingTrapIDle.cs" />
        <File uid="36" fullPath="C:/Document/Unity/DuAn1/Assets/Tuong/Script/Trap/RotatingTrap.cs" />
        <File uid="37" fullPath="C:/Document/Unity/DuAn1/Assets/Tuong/Script/Trap/Trap.cs" />
        <File uid="38" fullPath="C:/Document/Unity/DuAn1/Assets/Tuong/Script/UI/Coin.cs" />
        <File uid="39" fullPath="C:/Document/Unity/DuAn1/Assets/Tuong/Script/UI/Death.cs" />
        <File uid="40" fullPath="C:/Document/Unity/DuAn1/Assets/Tuong/Script/UI/Flag.cs" />
        <File uid="41" fullPath="C:/Document/Unity/DuAn1/Assets/Tuong/Script/UI/GameOver.cs" />
        <File uid="42" fullPath="C:/Document/Unity/DuAn1/Assets/Tuong/Script/UI/NPC store.cs" />
        <File uid="43" fullPath="C:/Document/Unity/DuAn1/Assets/Tuong/Script/UI/Update.cs" />
        <File uid="44" fullPath="C:/Document/Unity/DuAn1/Assets/TextMesh Pro/Examples &amp; Extras/Scripts/TMP_DigitValidator.cs" />
        <File uid="45" fullPath="C:/Document/Unity/DuAn1/Assets/TextMesh Pro/Examples &amp; Extras/Scripts/TMP_PhoneNumberValidator.cs" />
        <File uid="46" fullPath="C:/Document/Unity/DuAn1/Assets/TextMesh Pro/Examples &amp; Extras/Scripts/TMP_TextEventHandler.cs" />
        <File uid="47" fullPath="C:/Document/Unity/DuAn1/Assets/TextMesh Pro/Examples &amp; Extras/Scripts/Benchmark01.cs" />
        <File uid="48" fullPath="C:/Document/Unity/DuAn1/Assets/TextMesh Pro/Examples &amp; Extras/Scripts/Benchmark01_UGUI.cs" />
        <File uid="49" fullPath="C:/Document/Unity/DuAn1/Assets/TextMesh Pro/Examples &amp; Extras/Scripts/Benchmark02.cs" />
        <File uid="50" fullPath="C:/Document/Unity/DuAn1/Assets/TextMesh Pro/Examples &amp; Extras/Scripts/Benchmark03.cs" />
        <File uid="51" fullPath="C:/Document/Unity/DuAn1/Assets/TextMesh Pro/Examples &amp; Extras/Scripts/Benchmark04.cs" />
        <File uid="52" fullPath="C:/Document/Unity/DuAn1/Assets/TextMesh Pro/Examples &amp; Extras/Scripts/CameraController.cs" />
        <File uid="53" fullPath="C:/Document/Unity/DuAn1/Assets/TextMesh Pro/Examples &amp; Extras/Scripts/ObjectSpin.cs" />
        <File uid="54" fullPath="C:/Document/Unity/DuAn1/Assets/TextMesh Pro/Examples &amp; Extras/Scripts/ShaderPropAnimator.cs" />
        <File uid="55" fullPath="C:/Document/Unity/DuAn1/Assets/TextMesh Pro/Examples &amp; Extras/Scripts/SimpleScript.cs" />
        <File uid="56" fullPath="C:/Document/Unity/DuAn1/Assets/TextMesh Pro/Examples &amp; Extras/Scripts/SkewTextExample.cs" />
        <File uid="57" fullPath="C:/Document/Unity/DuAn1/Assets/TextMesh Pro/Examples &amp; Extras/Scripts/TeleType.cs" />
        <File uid="58" fullPath="C:/Document/Unity/DuAn1/Assets/TextMesh Pro/Examples &amp; Extras/Scripts/TextConsoleSimulator.cs" />
        <File uid="59" fullPath="C:/Document/Unity/DuAn1/Assets/TextMesh Pro/Examples &amp; Extras/Scripts/TextMeshProFloatingText.cs" />
        <File uid="60" fullPath="C:/Document/Unity/DuAn1/Assets/TextMesh Pro/Examples &amp; Extras/Scripts/TextMeshSpawner.cs" />
        <File uid="61" fullPath="C:/Document/Unity/DuAn1/Assets/TextMesh Pro/Examples &amp; Extras/Scripts/TMPro_InstructionOverlay.cs" />
        <File uid="62" fullPath="C:/Document/Unity/DuAn1/Assets/TextMesh Pro/Examples &amp; Extras/Scripts/TMP_ExampleScript_01.cs" />
        <File uid="63" fullPath="C:/Document/Unity/DuAn1/Assets/TextMesh Pro/Examples &amp; Extras/Scripts/TMP_FrameRateCounter.cs" />
        <File uid="64" fullPath="C:/Document/Unity/DuAn1/Assets/TextMesh Pro/Examples &amp; Extras/Scripts/TMP_TextEventCheck.cs" />
        <File uid="65" fullPath="C:/Document/Unity/DuAn1/Assets/TextMesh Pro/Examples &amp; Extras/Scripts/TMP_TextInfoDebugTool.cs" />
        <File uid="66" fullPath="C:/Document/Unity/DuAn1/Assets/TextMesh Pro/Examples &amp; Extras/Scripts/TMP_TextSelector_A.cs" />
        <File uid="67" fullPath="C:/Document/Unity/DuAn1/Assets/TextMesh Pro/Examples &amp; Extras/Scripts/TMP_TextSelector_B.cs" />
        <File uid="68" fullPath="C:/Document/Unity/DuAn1/Assets/TextMesh Pro/Examples &amp; Extras/Scripts/TMP_UiFrameRateCounter.cs" />
        <File uid="69" fullPath="C:/Document/Unity/DuAn1/Assets/TextMesh Pro/Examples &amp; Extras/Scripts/VertexColorCycler.cs" />
        <File uid="70" fullPath="C:/Document/Unity/DuAn1/Assets/TextMesh Pro/Examples &amp; Extras/Scripts/VertexJitter.cs" />
        <File uid="71" fullPath="C:/Document/Unity/DuAn1/Assets/TextMesh Pro/Examples &amp; Extras/Scripts/VertexShakeA.cs" />
        <File uid="72" fullPath="C:/Document/Unity/DuAn1/Assets/TextMesh Pro/Examples &amp; Extras/Scripts/VertexShakeB.cs" />
        <File uid="73" fullPath="C:/Document/Unity/DuAn1/Assets/TextMesh Pro/Examples &amp; Extras/Scripts/VertexZoom.cs" />
        <File uid="74" fullPath="C:/Document/Unity/DuAn1/Assets/TextMesh Pro/Examples &amp; Extras/Scripts/WarpTextExample.cs" />
      </Files>
      <Classes>
        <Class>
          <Summary numSequencePoints="2" visitedSequencePoints="2" numBranchPoints="0" visitedBranchPoints="0" sequenceCoverage="100.0" branchCoverage="0.0" maxCyclomaticComplexity="0" minCyclomaticComplexity="0" maxCrapScore="0" minCrapScore="0" visitedClasses="1" numClasses="1" visitedMethods="1" numMethods="1" />
          <FullName>Bomb</FullName>
          <Methods>
            <Method visited="true" cyclomaticComplexity="0" nPathComplexity="0" sequenceCoverage="100.0" branchCoverage="0" crapScore="0" isConstructor="true" isStatic="false" isGetter="false" isSetter="false">
              <Summary numSequencePoints="2" visitedSequencePoints="2" numBranchPoints="0" visitedBranchPoints="0" sequenceCoverage="100.0" branchCoverage="0" maxCyclomaticComplexity="0" minCyclomaticComplexity="0" maxCrapScore="0" minCrapScore="0" visitedClasses="0" numClasses="0" visitedMethods="1" numMethods="1" />
              <MetadataToken>100663411</MetadataToken>
              <Name>Bomb::Bomb()</Name>
              <FileRef uid="20" />
              <SequencePoints>
                <SequencePoint vc="2" uspid="103084" ordinal="0" offset="0" sl="13" sc="5" el="13" ec="5" bec="0" bev="0" fileid="20" />
                <SequencePoint vc="2" uspid="103085" ordinal="0" offset="7" sl="15" sc="5" el="15" ec="5" bec="0" bev="0" fileid="20" />
              </SequencePoints>
              <BranchPoints />
            </Method>
          </Methods>
        </Class>
        <Class>
          <Summary numSequencePoints="6" visitedSequencePoints="6" numBranchPoints="0" visitedBranchPoints="0" sequenceCoverage="100.0" branchCoverage="0.0" maxCyclomaticComplexity="0" minCyclomaticComplexity="0" maxCrapScore="0" minCrapScore="0" visitedClasses="1" numClasses="1" visitedMethods="1" numMethods="1" />
          <FullName>EnemyBomb</FullName>
          <Methods>
            <Method visited="true" cyclomaticComplexity="0" nPathComplexity="0" sequenceCoverage="100.0" branchCoverage="0" crapScore="0" isConstructor="true" isStatic="false" isGetter="false" isSetter="false">
              <Summary numSequencePoints="6" visitedSequencePoints="6" numBranchPoints="0" visitedBranchPoints="0" sequenceCoverage="100.0" branchCoverage="0" maxCyclomaticComplexity="0" minCyclomaticComplexity="0" maxCrapScore="0" minCrapScore="0" visitedClasses="0" numClasses="0" visitedMethods="1" numMethods="1" />
              <MetadataToken>100663439</MetadataToken>
              <Name>EnemyBomb::EnemyBomb()</Name>
              <FileRef uid="25" />
              <SequencePoints>
                <SequencePoint vc="2" uspid="103304" ordinal="0" offset="0" sl="13" sc="5" el="13" ec="5" bec="0" bev="0" fileid="25" />
                <SequencePoint vc="2" uspid="103305" ordinal="0" offset="11" sl="16" sc="5" el="16" ec="5" bec="0" bev="0" fileid="25" />
                <SequencePoint vc="2" uspid="103306" ordinal="0" offset="18" sl="17" sc="5" el="17" ec="5" bec="0" bev="0" fileid="25" />
                <SequencePoint vc="2" uspid="103307" ordinal="0" offset="25" sl="24" sc="5" el="24" ec="5" bec="0" bev="0" fileid="25" />
                <SequencePoint vc="2" uspid="103308" ordinal="0" offset="32" sl="30" sc="5" el="30" ec="5" bec="0" bev="0" fileid="25" />
                <SequencePoint vc="2" uspid="103309" ordinal="0" offset="39" sl="31" sc="5" el="31" ec="5" bec="0" bev="0" fileid="25" />
              </SequencePoints>
              <BranchPoints />
            </Method>
          </Methods>
        </Class>
        <Class>
          <Summary numSequencePoints="2" visitedSequencePoints="2" numBranchPoints="0" visitedBranchPoints="0" sequenceCoverage="100.0" branchCoverage="0.0" maxCyclomaticComplexity="0" minCyclomaticComplexity="0" maxCrapScore="0" minCrapScore="0" visitedClasses="1" numClasses="1" visitedMethods="1" numMethods="1" />
          <FullName>EnemySlime</FullName>
          <Methods>
            <Method visited="true" cyclomaticComplexity="0" nPathComplexity="0" sequenceCoverage="100.0" branchCoverage="0" crapScore="0" isConstructor="true" isStatic="false" isGetter="false" isSetter="false">
              <Summary numSequencePoints="2" visitedSequencePoints="2" numBranchPoints="0" visitedBranchPoints="0" sequenceCoverage="100.0" branchCoverage="0" maxCyclomaticComplexity="0" minCyclomaticComplexity="0" maxCrapScore="0" minCrapScore="0" visitedClasses="0" numClasses="0" visitedMethods="1" numMethods="1" />
              <MetadataToken>100663454</MetadataToken>
              <Name>EnemySlime::EnemySlime()</Name>
              <FileRef uid="27" />
              <SequencePoints>
                <SequencePoint vc="3" uspid="103391" ordinal="0" offset="0" sl="7" sc="5" el="7" ec="5" bec="0" bev="0" fileid="27" />
                <SequencePoint vc="3" uspid="103392" ordinal="0" offset="11" sl="20" sc="5" el="20" ec="5" bec="0" bev="0" fileid="27" />
              </SequencePoints>
              <BranchPoints />
            </Method>
          </Methods>
        </Class>
        <Class>
          <Summary numSequencePoints="6" visitedSequencePoints="6" numBranchPoints="0" visitedBranchPoints="0" sequenceCoverage="100.0" branchCoverage="0.0" maxCyclomaticComplexity="0" minCyclomaticComplexity="0" maxCrapScore="0" minCrapScore="0" visitedClasses="1" numClasses="1" visitedMethods="1" numMethods="1" />
          <FullName>EnemyFlying2</FullName>
          <Methods>
            <Method visited="true" cyclomaticComplexity="0" nPathComplexity="0" sequenceCoverage="100.0" branchCoverage="0" crapScore="0" isConstructor="true" isStatic="false" isGetter="false" isSetter="false">
              <Summary numSequencePoints="6" visitedSequencePoints="6" numBranchPoints="0" visitedBranchPoints="0" sequenceCoverage="100.0" branchCoverage="0" maxCyclomaticComplexity="0" minCyclomaticComplexity="0" maxCrapScore="0" minCrapScore="0" visitedClasses="0" numClasses="0" visitedMethods="1" numMethods="1" />
              <MetadataToken>100663465</MetadataToken>
              <Name>EnemyFlying2::EnemyFlying2()</Name>
              <FileRef uid="28" />
              <SequencePoints>
                <SequencePoint vc="6" uspid="103512" ordinal="0" offset="0" sl="13" sc="5" el="13" ec="5" bec="0" bev="0" fileid="28" />
                <SequencePoint vc="6" uspid="103513" ordinal="0" offset="11" sl="16" sc="5" el="16" ec="5" bec="0" bev="0" fileid="28" />
                <SequencePoint vc="6" uspid="103514" ordinal="0" offset="18" sl="17" sc="5" el="17" ec="5" bec="0" bev="0" fileid="28" />
                <SequencePoint vc="6" uspid="103515" ordinal="0" offset="25" sl="24" sc="5" el="24" ec="5" bec="0" bev="0" fileid="28" />
                <SequencePoint vc="6" uspid="103516" ordinal="0" offset="32" sl="30" sc="5" el="30" ec="5" bec="0" bev="0" fileid="28" />
                <SequencePoint vc="6" uspid="103517" ordinal="0" offset="39" sl="31" sc="5" el="31" ec="5" bec="0" bev="0" fileid="28" />
              </SequencePoints>
              <BranchPoints />
            </Method>
          </Methods>
        </Class>
        <Class>
          <Summary numSequencePoints="2" visitedSequencePoints="2" numBranchPoints="0" visitedBranchPoints="0" sequenceCoverage="100.0" branchCoverage="0.0" maxCyclomaticComplexity="0" minCyclomaticComplexity="0" maxCrapScore="0" minCrapScore="0" visitedClasses="1" numClasses="1" visitedMethods="1" numMethods="1" />
          <FullName>Trap</FullName>
          <Methods>
            <Method visited="true" cyclomaticComplexity="0" nPathComplexity="0" sequenceCoverage="100.0" branchCoverage="0" crapScore="0" isConstructor="true" isStatic="false" isGetter="false" isSetter="false">
              <Summary numSequencePoints="2" visitedSequencePoints="2" numBranchPoints="0" visitedBranchPoints="0" sequenceCoverage="100.0" branchCoverage="0" maxCyclomaticComplexity="0" minCyclomaticComplexity="0" maxCrapScore="0" minCrapScore="0" visitedClasses="0" numClasses="0" visitedMethods="1" numMethods="1" />
              <MetadataToken>100663529</MetadataToken>
              <Name>Trap::Trap()</Name>
              <FileRef uid="37" />
              <SequencePoints>
                <SequencePoint vc="2" uspid="103870" ordinal="0" offset="0" sl="13" sc="5" el="13" ec="5" bec="0" bev="0" fileid="37" />
                <SequencePoint vc="2" uspid="103871" ordinal="0" offset="7" sl="14" sc="5" el="14" ec="5" bec="0" bev="0" fileid="37" />
              </SequencePoints>
              <BranchPoints />
            </Method>
          </Methods>
        </Class>
        <Class>
          <Summary numSequencePoints="1" visitedSequencePoints="1" numBranchPoints="0" visitedBranchPoints="0" sequenceCoverage="100.0" branchCoverage="0.0" maxCyclomaticComplexity="0" minCyclomaticComplexity="0" maxCrapScore="0" minCrapScore="0" visitedClasses="1" numClasses="1" visitedMethods="1" numMethods="1" />
          <FullName>Flag</FullName>
          <Methods>
            <Method visited="true" cyclomaticComplexity="0" nPathComplexity="0" sequenceCoverage="100.0" branchCoverage="0" crapScore="0" isConstructor="true" isStatic="false" isGetter="false" isSetter="false">
              <Summary numSequencePoints="1" visitedSequencePoints="1" numBranchPoints="0" visitedBranchPoints="0" sequenceCoverage="100.0" branchCoverage="0" maxCyclomaticComplexity="0" minCyclomaticComplexity="0" maxCrapScore="0" minCrapScore="0" visitedClasses="0" numClasses="0" visitedMethods="1" numMethods="1" />
              <MetadataToken>100663536</MetadataToken>
              <Name>Flag::Flag()</Name>
              <FileRef uid="40" />
              <SequencePoints>
                <SequencePoint vc="2" uspid="103910" ordinal="0" offset="0" sl="9" sc="5" el="9" ec="5" bec="0" bev="0" fileid="40" />
              </SequencePoints>
              <BranchPoints />
            </Method>
          </Methods>
        </Class>
      </Classes>
    </Module>
    <Module>
      <Summary numSequencePoints="238" visitedSequencePoints="0" numBranchPoints="0" visitedBranchPoints="0" sequenceCoverage="0.0" branchCoverage="0.0" maxCyclomaticComplexity="0" minCyclomaticComplexity="0" maxCrapScore="0" minCrapScore="0" visitedClasses="0" numClasses="13" visitedMethods="0" numMethods="40" />
      <ModuleTime>0001-01-01T00:00:00</ModuleTime>
      <ModuleName>PlayFab</ModuleName>
      <Files>
        <File uid="75" fullPath="C:/Document/Unity/DuAn1/Assets/PlayFabSDK/Shared/Internal/PlayFabHttp/GzipDownloadHandler.cs" />
        <File uid="76" fullPath="C:/Document/Unity/DuAn1/Assets/PlayFabSDK/Shared/Models/PlayFabSharedSettings.cs" />
        <File uid="77" fullPath="C:/Document/Unity/DuAn1/Assets/PlayFabSDK/Authentication/PlayFabAuthenticationAPI.cs" />
        <File uid="78" fullPath="C:/Document/Unity/DuAn1/Assets/PlayFabSDK/Authentication/PlayFabAuthenticationInstanceAPI.cs" />
        <File uid="79" fullPath="C:/Document/Unity/DuAn1/Assets/PlayFabSDK/Client/PlayFabClientAPI.cs" />
        <File uid="80" fullPath="C:/Document/Unity/DuAn1/Assets/PlayFabSDK/Client/PlayFabClientInstanceAPI.cs" />
        <File uid="81" fullPath="C:/Document/Unity/DuAn1/Assets/PlayFabSDK/CloudScript/PlayFabCloudScriptAPI.cs" />
        <File uid="82" fullPath="C:/Document/Unity/DuAn1/Assets/PlayFabSDK/CloudScript/PlayFabCloudScriptInstanceAPI.cs" />
        <File uid="83" fullPath="C:/Document/Unity/DuAn1/Assets/PlayFabSDK/Data/PlayFabDataAPI.cs" />
        <File uid="84" fullPath="C:/Document/Unity/DuAn1/Assets/PlayFabSDK/Data/PlayFabDataInstanceAPI.cs" />
        <File uid="85" fullPath="C:/Document/Unity/DuAn1/Assets/PlayFabSDK/Economy/PlayFabEconomyAPI.cs" />
        <File uid="86" fullPath="C:/Document/Unity/DuAn1/Assets/PlayFabSDK/Economy/PlayFabEconomyInstanceAPI.cs" />
        <File uid="87" fullPath="C:/Document/Unity/DuAn1/Assets/PlayFabSDK/Events/PlayFabEventsAPI.cs" />
        <File uid="88" fullPath="C:/Document/Unity/DuAn1/Assets/PlayFabSDK/Events/PlayFabEventsInstanceAPI.cs" />
        <File uid="89" fullPath="C:/Document/Unity/DuAn1/Assets/PlayFabSDK/Experimentation/PlayFabExperimentationAPI.cs" />
        <File uid="90" fullPath="C:/Document/Unity/DuAn1/Assets/PlayFabSDK/Experimentation/PlayFabExperimentationInstanceAPI.cs" />
        <File uid="91" fullPath="C:/Document/Unity/DuAn1/Assets/PlayFabSDK/Groups/PlayFabGroupsAPI.cs" />
        <File uid="92" fullPath="C:/Document/Unity/DuAn1/Assets/PlayFabSDK/Groups/PlayFabGroupsInstanceAPI.cs" />
        <File uid="93" fullPath="C:/Document/Unity/DuAn1/Assets/PlayFabSDK/Insights/PlayFabInsightsAPI.cs" />
        <File uid="94" fullPath="C:/Document/Unity/DuAn1/Assets/PlayFabSDK/Insights/PlayFabInsightsInstanceAPI.cs" />
        <File uid="95" fullPath="C:/Document/Unity/DuAn1/Assets/PlayFabSDK/Localization/PlayFabLocalizationAPI.cs" />
        <File uid="96" fullPath="C:/Document/Unity/DuAn1/Assets/PlayFabSDK/Localization/PlayFabLocalizationInstanceAPI.cs" />
        <File uid="97" fullPath="C:/Document/Unity/DuAn1/Assets/PlayFabSDK/Multiplayer/PlayFabMultiplayerAPI.cs" />
        <File uid="98" fullPath="C:/Document/Unity/DuAn1/Assets/PlayFabSDK/Multiplayer/PlayFabMultiplayerInstanceAPI.cs" />
        <File uid="99" fullPath="C:/Document/Unity/DuAn1/Assets/PlayFabSDK/Profiles/PlayFabProfilesAPI.cs" />
        <File uid="100" fullPath="C:/Document/Unity/DuAn1/Assets/PlayFabSDK/Profiles/PlayFabProfilesInstanceAPI.cs" />
        <File uid="101" fullPath="C:/Document/Unity/DuAn1/Assets/PlayFabSDK/Shared/Internal/PlayFabErrors.cs" />
        <File uid="102" fullPath="C:/Document/Unity/DuAn1/Assets/PlayFabSDK/Shared/Internal/wsaReflectionExtensions.cs" />
        <File uid="103" fullPath="C:/Document/Unity/DuAn1/Assets/PlayFabSDK/Shared/Public/PlayFabApiSettings.cs" />
        <File uid="104" fullPath="C:/Document/Unity/DuAn1/Assets/PlayFabSDK/Shared/Public/PlayFabAuthenticationContext.cs" />
        <File uid="105" fullPath="C:/Document/Unity/DuAn1/Assets/PlayFabSDK/Shared/Public/PlayFabDataGatherer.cs" />
        <File uid="106" fullPath="C:/Document/Unity/DuAn1/Assets/PlayFabSDK/Shared/Public/PlayFabSettings.cs" />
        <File uid="107" fullPath="C:/Document/Unity/DuAn1/Assets/PlayFabSDK/Shared/Public/PluginContractKey.cs" />
        <File uid="108" fullPath="C:/Document/Unity/DuAn1/Assets/PlayFabSDK/Shared/Public/PluginManager.cs" />
        <File uid="109" fullPath="C:/Document/Unity/DuAn1/Assets/PlayFabSDK/Shared/Models/SharedModels.cs" />
        <File uid="110" fullPath="C:/Document/Unity/DuAn1/Assets/PlayFabSDK/Shared/Internal/ISerializer.cs" />
        <File uid="111" fullPath="C:/Document/Unity/DuAn1/Assets/PlayFabSDK/Shared/Internal/SimpleJson.cs" />
        <File uid="112" fullPath="C:/Document/Unity/DuAn1/Assets/PlayFabSDK/Entity/ScreenTimeTracker.cs" />
        <File uid="113" fullPath="C:/Document/Unity/DuAn1/Assets/PlayFabSDK/Shared/Public/PlayFabLogger.cs" />
        <File uid="114" fullPath="C:/Document/Unity/DuAn1/Assets/PlayFabSDK/Client/PlayFabDeviceUtil.cs" />
        <File uid="115" fullPath="C:/Document/Unity/DuAn1/Assets/PlayFabSDK/Shared/Internal/Log.cs" />
        <File uid="116" fullPath="C:/Document/Unity/DuAn1/Assets/PlayFabSDK/Shared/Internal/PlayFabHttp/IPlayFabHttp.cs" />
        <File uid="117" fullPath="C:/Document/Unity/DuAn1/Assets/PlayFabSDK/Shared/Internal/PlayFabHttp/PlayFabHTTP.cs" />
        <File uid="118" fullPath="C:/Document/Unity/DuAn1/Assets/PlayFabSDK/Shared/Internal/PlayFabHttp/PlayFabUnityHttp.cs" />
        <File uid="119" fullPath="C:/Document/Unity/DuAn1/Assets/PlayFabSDK/Shared/Internal/PlayFabHttp/PlayFabWebRequest.cs" />
        <File uid="120" fullPath="C:/Document/Unity/DuAn1/Assets/PlayFabSDK/Shared/Internal/SingletonMonoBehaviour.cs" />
        <File uid="121" fullPath="C:/Document/Unity/DuAn1/Assets/PlayFabSDK/Shared/Internal/Util.cs" />
        <File uid="122" fullPath="C:/Document/Unity/DuAn1/Assets/PlayFabSDK/Shared/Public/PlayFabEvents.cs" />
      </Files>
      <Classes>
        <Class>
          <Summary numSequencePoints="8" visitedSequencePoints="0" numBranchPoints="0" visitedBranchPoints="0" sequenceCoverage="0.0" branchCoverage="0.0" maxCyclomaticComplexity="0" minCyclomaticComplexity="0" maxCrapScore="0" minCrapScore="0" visitedClasses="0" numClasses="1" visitedMethods="0" numMethods="1" />
          <FullName>PlayFab.PlayFabClientAPI</FullName>
          <Methods>
            <Method visited="false" cyclomaticComplexity="0" nPathComplexity="0" sequenceCoverage="0.0" branchCoverage="0" crapScore="0" isConstructor="false" isStatic="true" isGetter="false" isSetter="false">
              <Summary numSequencePoints="8" visitedSequencePoints="0" numBranchPoints="0" visitedBranchPoints="0" sequenceCoverage="0.0" branchCoverage="0" maxCyclomaticComplexity="0" minCyclomaticComplexity="0" maxCrapScore="0" minCrapScore="0" visitedClasses="0" numClasses="0" visitedMethods="0" numMethods="1" />
              <MetadataToken>100663343</MetadataToken>
              <Name>static System.Void PlayFab.PlayFabClientAPI::ExecuteCloudScript[TOut](PlayFab.ClientModels.ExecuteCloudScriptRequest, System.Action[ExecuteCloudScriptResult], System.Action[PlayFabError], System.Object, System.Collections.Generic.Dictionary[String,String])</Name>
              <FileRef uid="79" />
              <SequencePoints>
                <SequencePoint vc="0" uspid="106801" ordinal="0" offset="13" sl="292" sc="0" el="292" ec="0" bec="0" bev="0" fileid="79" />
                <SequencePoint vc="0" uspid="106802" ordinal="0" offset="14" sl="293" sc="0" el="293" ec="0" bec="0" bev="0" fileid="79" />
                <SequencePoint vc="0" uspid="106803" ordinal="0" offset="36" sl="294" sc="0" el="294" ec="0" bec="0" bev="0" fileid="79" />
                <SequencePoint vc="0" uspid="106804" ordinal="0" offset="42" sl="295" sc="0" el="295" ec="0" bec="0" bev="0" fileid="79" />
                <SequencePoint vc="0" uspid="106805" ordinal="0" offset="57" sl="295" sc="0" el="295" ec="0" bec="0" bev="0" fileid="79" />
                <SequencePoint vc="0" uspid="106806" ordinal="0" offset="69" sl="296" sc="0" el="296" ec="0" bec="0" bev="0" fileid="79" />
                <SequencePoint vc="0" uspid="106807" ordinal="0" offset="82" sl="308" sc="0" el="308" ec="0" bec="0" bev="0" fileid="79" />
                <SequencePoint vc="0" uspid="106808" ordinal="0" offset="103" sl="309" sc="0" el="309" ec="0" bec="0" bev="0" fileid="79" />
              </SequencePoints>
              <BranchPoints />
            </Method>
          </Methods>
        </Class>
        <Class>
          <Summary numSequencePoints="8" visitedSequencePoints="0" numBranchPoints="0" visitedBranchPoints="0" sequenceCoverage="0.0" branchCoverage="0.0" maxCyclomaticComplexity="0" minCyclomaticComplexity="0" maxCrapScore="0" minCrapScore="0" visitedClasses="0" numClasses="1" visitedMethods="0" numMethods="1" />
          <FullName>PlayFab.PlayFabClientInstanceAPI</FullName>
          <Methods>
            <Method visited="false" cyclomaticComplexity="0" nPathComplexity="0" sequenceCoverage="0.0" branchCoverage="0" crapScore="0" isConstructor="false" isStatic="false" isGetter="false" isSetter="false">
              <Summary numSequencePoints="8" visitedSequencePoints="0" numBranchPoints="0" visitedBranchPoints="0" sequenceCoverage="0.0" branchCoverage="0" maxCyclomaticComplexity="0" minCyclomaticComplexity="0" maxCrapScore="0" minCrapScore="0" visitedClasses="0" numClasses="0" visitedMethods="0" numMethods="1" />
              <MetadataToken>100663514</MetadataToken>
              <Name>System.Void PlayFab.PlayFabClientInstanceAPI::ExecuteCloudScript[TOut](PlayFab.ClientModels.ExecuteCloudScriptRequest, System.Action[ExecuteCloudScriptResult], System.Action[PlayFabError], System.Object, System.Collections.Generic.Dictionary[String,String])</Name>
              <FileRef uid="80" />
              <SequencePoints>
                <SequencePoint vc="0" uspid="107944" ordinal="0" offset="13" sl="282" sc="0" el="282" ec="0" bec="0" bev="0" fileid="80" />
                <SequencePoint vc="0" uspid="107945" ordinal="0" offset="14" sl="283" sc="0" el="283" ec="0" bec="0" bev="0" fileid="80" />
                <SequencePoint vc="0" uspid="107946" ordinal="0" offset="37" sl="284" sc="0" el="284" ec="0" bec="0" bev="0" fileid="80" />
                <SequencePoint vc="0" uspid="107947" ordinal="0" offset="53" sl="285" sc="0" el="285" ec="0" bec="0" bev="0" fileid="80" />
                <SequencePoint vc="0" uspid="107948" ordinal="0" offset="68" sl="285" sc="0" el="285" ec="0" bec="0" bev="0" fileid="80" />
                <SequencePoint vc="0" uspid="107949" ordinal="0" offset="80" sl="286" sc="0" el="286" ec="0" bec="0" bev="0" fileid="80" />
                <SequencePoint vc="0" uspid="107950" ordinal="0" offset="93" sl="298" sc="0" el="298" ec="0" bec="0" bev="0" fileid="80" />
                <SequencePoint vc="0" uspid="107951" ordinal="0" offset="115" sl="299" sc="0" el="299" ec="0" bec="0" bev="0" fileid="80" />
              </SequencePoints>
              <BranchPoints />
            </Method>
          </Methods>
        </Class>
        <Class>
          <Summary numSequencePoints="6" visitedSequencePoints="0" numBranchPoints="0" visitedBranchPoints="0" sequenceCoverage="0.0" branchCoverage="0.0" maxCyclomaticComplexity="0" minCyclomaticComplexity="0" maxCrapScore="0" minCrapScore="0" visitedClasses="0" numClasses="1" visitedMethods="0" numMethods="2" />
          <FullName>PlayFab.PluginManager</FullName>
          <Methods>
            <Method visited="false" cyclomaticComplexity="0" nPathComplexity="0" sequenceCoverage="0.0" branchCoverage="0" crapScore="0" isConstructor="false" isStatic="true" isGetter="false" isSetter="false">
              <Summary numSequencePoints="3" visitedSequencePoints="0" numBranchPoints="0" visitedBranchPoints="0" sequenceCoverage="0.0" branchCoverage="0" maxCyclomaticComplexity="0" minCyclomaticComplexity="0" maxCrapScore="0" minCrapScore="0" visitedClasses="0" numClasses="0" visitedMethods="0" numMethods="1" />
              <MetadataToken>100664268</MetadataToken>
              <Name>static T PlayFab.PluginManager::GetPlugin[T](PlayFab.PluginContract, System.String)</Name>
              <FileRef uid="108" />
              <SequencePoints>
                <SequencePoint vc="0" uspid="112778" ordinal="0" offset="0" sl="28" sc="0" el="28" ec="0" bec="0" bev="0" fileid="108" />
                <SequencePoint vc="0" uspid="112779" ordinal="0" offset="1" sl="29" sc="0" el="29" ec="0" bec="0" bev="0" fileid="108" />
                <SequencePoint vc="0" uspid="112780" ordinal="0" offset="21" sl="30" sc="0" el="30" ec="0" bec="0" bev="0" fileid="108" />
              </SequencePoints>
              <BranchPoints />
            </Method>
            <Method visited="false" cyclomaticComplexity="0" nPathComplexity="0" sequenceCoverage="0.0" branchCoverage="0" crapScore="0" isConstructor="false" isStatic="false" isGetter="false" isSetter="false">
              <Summary numSequencePoints="3" visitedSequencePoints="0" numBranchPoints="0" visitedBranchPoints="0" sequenceCoverage="0.0" branchCoverage="0" maxCyclomaticComplexity="0" minCyclomaticComplexity="0" maxCrapScore="0" minCrapScore="0" visitedClasses="0" numClasses="0" visitedMethods="0" numMethods="1" />
              <MetadataToken>100664272</MetadataToken>
              <Name>PlayFab.IPlayFabPlugin PlayFab.PluginManager::CreatePlugin[T]()</Name>
              <FileRef uid="108" />
              <SequencePoints>
                <SequencePoint vc="0" uspid="112805" ordinal="0" offset="0" sl="81" sc="0" el="81" ec="0" bec="0" bev="0" fileid="108" />
                <SequencePoint vc="0" uspid="112806" ordinal="0" offset="1" sl="82" sc="0" el="82" ec="0" bec="0" bev="0" fileid="108" />
                <SequencePoint vc="0" uspid="112807" ordinal="0" offset="24" sl="83" sc="0" el="83" ec="0" bec="0" bev="0" fileid="108" />
              </SequencePoints>
              <BranchPoints />
            </Method>
          </Methods>
        </Class>
        <Class>
          <Summary numSequencePoints="6" visitedSequencePoints="0" numBranchPoints="0" visitedBranchPoints="0" sequenceCoverage="0.0" branchCoverage="0.0" maxCyclomaticComplexity="0" minCyclomaticComplexity="0" maxCrapScore="0" minCrapScore="0" visitedClasses="0" numClasses="1" visitedMethods="0" numMethods="2" />
          <FullName>PlayFab.Json.SimpleJsonInstance</FullName>
          <Methods>
            <Method visited="false" cyclomaticComplexity="0" nPathComplexity="0" sequenceCoverage="0.0" branchCoverage="0" crapScore="0" isConstructor="false" isStatic="false" isGetter="false" isSetter="false">
              <Summary numSequencePoints="3" visitedSequencePoints="0" numBranchPoints="0" visitedBranchPoints="0" sequenceCoverage="0.0" branchCoverage="0" maxCyclomaticComplexity="0" minCyclomaticComplexity="0" maxCrapScore="0" minCrapScore="0" visitedClasses="0" numClasses="0" visitedMethods="0" numMethods="1" />
              <MetadataToken>100664282</MetadataToken>
              <Name>T PlayFab.Json.SimpleJsonInstance::DeserializeObject[T](System.String)</Name>
              <FileRef uid="110" />
              <SequencePoints>
                <SequencePoint vc="0" uspid="112825" ordinal="0" offset="0" sl="84" sc="0" el="84" ec="0" bec="0" bev="0" fileid="110" />
                <SequencePoint vc="0" uspid="112826" ordinal="0" offset="1" sl="85" sc="0" el="85" ec="0" bec="0" bev="0" fileid="110" />
                <SequencePoint vc="0" uspid="112827" ordinal="0" offset="15" sl="86" sc="0" el="86" ec="0" bec="0" bev="0" fileid="110" />
              </SequencePoints>
              <BranchPoints />
            </Method>
            <Method visited="false" cyclomaticComplexity="0" nPathComplexity="0" sequenceCoverage="0.0" branchCoverage="0" crapScore="0" isConstructor="false" isStatic="false" isGetter="false" isSetter="false">
              <Summary numSequencePoints="3" visitedSequencePoints="0" numBranchPoints="0" visitedBranchPoints="0" sequenceCoverage="0.0" branchCoverage="0" maxCyclomaticComplexity="0" minCyclomaticComplexity="0" maxCrapScore="0" minCrapScore="0" visitedClasses="0" numClasses="0" visitedMethods="0" numMethods="1" />
              <MetadataToken>100664283</MetadataToken>
              <Name>T PlayFab.Json.SimpleJsonInstance::DeserializeObject[T](System.String, System.Object)</Name>
              <FileRef uid="110" />
              <SequencePoints>
                <SequencePoint vc="0" uspid="112828" ordinal="0" offset="0" sl="89" sc="0" el="89" ec="0" bec="0" bev="0" fileid="110" />
                <SequencePoint vc="0" uspid="112829" ordinal="0" offset="1" sl="90" sc="0" el="90" ec="0" bec="0" bev="0" fileid="110" />
                <SequencePoint vc="0" uspid="112830" ordinal="0" offset="16" sl="91" sc="0" el="91" ec="0" bec="0" bev="0" fileid="110" />
              </SequencePoints>
              <BranchPoints />
            </Method>
          </Methods>
        </Class>
        <Class>
          <Summary numSequencePoints="3" visitedSequencePoints="0" numBranchPoints="0" visitedBranchPoints="0" sequenceCoverage="0.0" branchCoverage="0.0" maxCyclomaticComplexity="0" minCyclomaticComplexity="0" maxCrapScore="0" minCrapScore="0" visitedClasses="0" numClasses="1" visitedMethods="0" numMethods="1" />
          <FullName>PlayFab.Json.PlayFabSimpleJson</FullName>
          <Methods>
            <Method visited="false" cyclomaticComplexity="0" nPathComplexity="0" sequenceCoverage="0.0" branchCoverage="0" crapScore="0" isConstructor="false" isStatic="true" isGetter="false" isSetter="false">
              <Summary numSequencePoints="3" visitedSequencePoints="0" numBranchPoints="0" visitedBranchPoints="0" sequenceCoverage="0.0" branchCoverage="0" maxCyclomaticComplexity="0" minCyclomaticComplexity="0" maxCrapScore="0" minCrapScore="0" visitedClasses="0" numClasses="0" visitedMethods="0" numMethods="1" />
              <MetadataToken>100664319</MetadataToken>
              <Name>static T PlayFab.Json.PlayFabSimpleJson::DeserializeObject[T](System.String, PlayFab.Json.IJsonSerializerStrategy)</Name>
              <FileRef uid="111" />
              <SequencePoints>
                <SequencePoint vc="0" uspid="112963" ordinal="0" offset="0" sl="609" sc="0" el="609" ec="0" bec="0" bev="0" fileid="111" />
                <SequencePoint vc="0" uspid="112964" ordinal="0" offset="1" sl="610" sc="0" el="610" ec="0" bec="0" bev="0" fileid="111" />
                <SequencePoint vc="0" uspid="112965" ordinal="0" offset="26" sl="611" sc="0" el="611" ec="0" bec="0" bev="0" fileid="111" />
              </SequencePoints>
              <BranchPoints />
            </Method>
          </Methods>
        </Class>
        <Class>
          <Summary numSequencePoints="52" visitedSequencePoints="0" numBranchPoints="0" visitedBranchPoints="0" sequenceCoverage="0.0" branchCoverage="0.0" maxCyclomaticComplexity="0" minCyclomaticComplexity="0" maxCrapScore="0" minCrapScore="0" visitedClasses="0" numClasses="1" visitedMethods="0" numMethods="3" />
          <FullName>PlayFab.Internal.PlayFabHttp</FullName>
          <Methods>
            <Method visited="false" cyclomaticComplexity="0" nPathComplexity="0" sequenceCoverage="0.0" branchCoverage="0" crapScore="0" isConstructor="false" isStatic="true" isGetter="false" isSetter="false">
              <Summary numSequencePoints="5" visitedSequencePoints="0" numBranchPoints="0" visitedBranchPoints="0" sequenceCoverage="0.0" branchCoverage="0" maxCyclomaticComplexity="0" minCyclomaticComplexity="0" maxCrapScore="0" minCrapScore="0" visitedClasses="0" numClasses="0" visitedMethods="0" numMethods="1" />
              <MetadataToken>100665029</MetadataToken>
              <Name>static System.Void PlayFab.Internal.PlayFabHttp::MakeApiCall[TResult](System.String, PlayFab.SharedModels.PlayFabRequestCommon, PlayFab.Internal.AuthType, System.Action[TResult], System.Action[PlayFabError], System.Object, System.Collections.Generic.Dictionary[String,String], PlayFab.PlayFabAuthenticationContext, PlayFab.PlayFabApiSettings, PlayFab.SharedModels.IPlayFabInstanceApi)</Name>
              <FileRef uid="117" />
              <SequencePoints>
                <SequencePoint vc="0" uspid="114216" ordinal="0" offset="0" sl="130" sc="0" el="130" ec="0" bec="0" bev="0" fileid="117" />
                <SequencePoint vc="0" uspid="114217" ordinal="0" offset="1" sl="131" sc="0" el="131" ec="0" bec="0" bev="0" fileid="117" />
                <SequencePoint vc="0" uspid="114218" ordinal="0" offset="14" sl="132" sc="0" el="132" ec="0" bec="0" bev="0" fileid="117" />
                <SequencePoint vc="0" uspid="114219" ordinal="0" offset="30" sl="133" sc="0" el="133" ec="0" bec="0" bev="0" fileid="117" />
                <SequencePoint vc="0" uspid="114220" ordinal="0" offset="54" sl="134" sc="0" el="134" ec="0" bec="0" bev="0" fileid="117" />
              </SequencePoints>
              <BranchPoints />
            </Method>
            <Method visited="false" cyclomaticComplexity="0" nPathComplexity="0" sequenceCoverage="0.0" branchCoverage="0" crapScore="0" isConstructor="false" isStatic="true" isGetter="false" isSetter="false">
              <Summary numSequencePoints="4" visitedSequencePoints="0" numBranchPoints="0" visitedBranchPoints="0" sequenceCoverage="0.0" branchCoverage="0" maxCyclomaticComplexity="0" minCyclomaticComplexity="0" maxCrapScore="0" minCrapScore="0" visitedClasses="0" numClasses="0" visitedMethods="0" numMethods="1" />
              <MetadataToken>100665030</MetadataToken>
              <Name>static System.Void PlayFab.Internal.PlayFabHttp::MakeApiCallWithFullUri[TResult](System.String, PlayFab.SharedModels.PlayFabRequestCommon, PlayFab.Internal.AuthType, System.Action[TResult], System.Action[PlayFabError], System.Object, System.Collections.Generic.Dictionary[String,String], PlayFab.PlayFabAuthenticationContext, PlayFab.PlayFabApiSettings, PlayFab.SharedModels.IPlayFabInstanceApi)</Name>
              <FileRef uid="117" />
              <SequencePoints>
                <SequencePoint vc="0" uspid="114221" ordinal="0" offset="0" sl="140" sc="0" el="140" ec="0" bec="0" bev="0" fileid="117" />
                <SequencePoint vc="0" uspid="114222" ordinal="0" offset="1" sl="141" sc="0" el="141" ec="0" bec="0" bev="0" fileid="117" />
                <SequencePoint vc="0" uspid="114223" ordinal="0" offset="14" sl="143" sc="0" el="143" ec="0" bec="0" bev="0" fileid="117" />
                <SequencePoint vc="0" uspid="114224" ordinal="0" offset="38" sl="144" sc="0" el="144" ec="0" bec="0" bev="0" fileid="117" />
              </SequencePoints>
              <BranchPoints />
            </Method>
            <Method visited="false" cyclomaticComplexity="0" nPathComplexity="0" sequenceCoverage="0.0" branchCoverage="0" crapScore="0" isConstructor="false" isStatic="true" isGetter="false" isSetter="false">
              <Summary numSequencePoints="43" visitedSequencePoints="0" numBranchPoints="0" visitedBranchPoints="0" sequenceCoverage="0.0" branchCoverage="0" maxCyclomaticComplexity="0" minCyclomaticComplexity="0" maxCrapScore="0" minCrapScore="0" visitedClasses="0" numClasses="0" visitedMethods="0" numMethods="1" />
              <MetadataToken>100665031</MetadataToken>
              <Name>static System.Void PlayFab.Internal.PlayFabHttp::_MakeApiCall[TResult](System.String, System.String, PlayFab.SharedModels.PlayFabRequestCommon, PlayFab.Internal.AuthType, System.Action[TResult], System.Action[PlayFabError], System.Object, System.Collections.Generic.Dictionary[String,String], System.Boolean, PlayFab.PlayFabAuthenticationContext, PlayFab.PlayFabApiSettings, PlayFab.SharedModels.IPlayFabInstanceApi)</Name>
              <FileRef uid="117" />
              <SequencePoints>
                <SequencePoint vc="0" uspid="114225" ordinal="0" offset="14" sl="153" sc="0" el="153" ec="0" bec="0" bev="0" fileid="117" />
                <SequencePoint vc="0" uspid="114226" ordinal="0" offset="15" sl="154" sc="0" el="154" ec="0" bec="0" bev="0" fileid="117" />
                <SequencePoint vc="0" uspid="114227" ordinal="0" offset="21" sl="155" sc="0" el="155" ec="0" bec="0" bev="0" fileid="117" />
                <SequencePoint vc="0" uspid="114228" ordinal="0" offset="31" sl="157" sc="0" el="157" ec="0" bec="0" bev="0" fileid="117" />
                <SequencePoint vc="0" uspid="114229" ordinal="0" offset="48" sl="158" sc="0" el="158" ec="0" bec="0" bev="0" fileid="117" />
                <SequencePoint vc="0" uspid="114230" ordinal="0" offset="165" sl="172" sc="0" el="172" ec="0" bec="0" bev="0" fileid="117" />
                <SequencePoint vc="0" uspid="114231" ordinal="0" offset="166" sl="172" sc="0" el="172" ec="0" bec="0" bev="0" fileid="117" />
                <SequencePoint vc="0" uspid="114232" ordinal="0" offset="179" sl="172" sc="0" el="172" ec="0" bec="0" bev="0" fileid="117" />
                <SequencePoint vc="0" uspid="114233" ordinal="0" offset="187" sl="173" sc="0" el="173" ec="0" bec="0" bev="0" fileid="117" />
                <SequencePoint vc="0" uspid="114234" ordinal="0" offset="219" sl="174" sc="0" el="174" ec="0" bec="0" bev="0" fileid="117" />
                <SequencePoint vc="0" uspid="114235" ordinal="0" offset="250" sl="172" sc="0" el="172" ec="0" bec="0" bev="0" fileid="117" />
                <SequencePoint vc="0" uspid="114236" ordinal="0" offset="276" sl="182" sc="0" el="182" ec="0" bec="0" bev="0" fileid="117" />
                <SequencePoint vc="0" uspid="114237" ordinal="0" offset="288" sl="183" sc="0" el="183" ec="0" bec="0" bev="0" fileid="117" />
                <SequencePoint vc="0" uspid="114238" ordinal="0" offset="315" sl="184" sc="0" el="184" ec="0" bec="0" bev="0" fileid="117" />
                <SequencePoint vc="0" uspid="114239" ordinal="0" offset="342" sl="185" sc="0" el="185" ec="0" bec="0" bev="0" fileid="117" />
                <SequencePoint vc="0" uspid="114240" ordinal="0" offset="379" sl="189" sc="0" el="189" ec="0" bec="0" bev="0" fileid="117" />
                <SequencePoint vc="0" uspid="114241" ordinal="0" offset="395" sl="189" sc="0" el="189" ec="0" bec="0" bev="0" fileid="117" />
                <SequencePoint vc="0" uspid="114242" ordinal="0" offset="407" sl="190" sc="0" el="190" ec="0" bec="0" bev="0" fileid="117" />
                <SequencePoint vc="0" uspid="114243" ordinal="0" offset="436" sl="190" sc="0" el="190" ec="0" bec="0" bev="0" fileid="117" />
                <SequencePoint vc="0" uspid="114244" ordinal="0" offset="438" sl="194" sc="0" el="194" ec="0" bec="0" bev="0" fileid="117" />
                <SequencePoint vc="0" uspid="114245" ordinal="0" offset="449" sl="195" sc="0" el="195" ec="0" bec="0" bev="0" fileid="117" />
                <SequencePoint vc="0" uspid="114246" ordinal="0" offset="478" sl="196" sc="0" el="196" ec="0" bec="0" bev="0" fileid="117" />
                <SequencePoint vc="0" uspid="114247" ordinal="0" offset="480" sl="200" sc="0" el="200" ec="0" bec="0" bev="0" fileid="117" />
                <SequencePoint vc="0" uspid="114248" ordinal="0" offset="491" sl="201" sc="0" el="201" ec="0" bec="0" bev="0" fileid="117" />
                <SequencePoint vc="0" uspid="114249" ordinal="0" offset="520" sl="202" sc="0" el="202" ec="0" bec="0" bev="0" fileid="117" />
                <SequencePoint vc="0" uspid="114250" ordinal="0" offset="522" sl="205" sc="0" el="205" ec="0" bec="0" bev="0" fileid="117" />
                <SequencePoint vc="0" uspid="114251" ordinal="0" offset="533" sl="206" sc="0" el="206" ec="0" bec="0" bev="0" fileid="117" />
                <SequencePoint vc="0" uspid="114252" ordinal="0" offset="562" sl="207" sc="0" el="207" ec="0" bec="0" bev="0" fileid="117" />
                <SequencePoint vc="0" uspid="114253" ordinal="0" offset="564" sl="211" sc="0" el="211" ec="0" bec="0" bev="0" fileid="117" />
                <SequencePoint vc="0" uspid="114254" ordinal="0" offset="587" sl="215" sc="0" el="215" ec="0" bec="0" bev="0" fileid="117" />
                <SequencePoint vc="0" uspid="114255" ordinal="0" offset="610" sl="223" sc="0" el="223" ec="0" bec="0" bev="0" fileid="117" />
                <SequencePoint vc="0" uspid="114256" ordinal="0" offset="631" sl="224" sc="0" el="224" ec="0" bec="0" bev="0" fileid="117" />
                <SequencePoint vc="0" uspid="114257" ordinal="0" offset="632" sl="225" sc="0" el="225" ec="0" bec="0" bev="0" fileid="117" />
                <SequencePoint vc="0" uspid="114258" ordinal="0" offset="648" sl="226" sc="0" el="226" ec="0" bec="0" bev="0" fileid="117" />
                <SequencePoint vc="0" uspid="114259" ordinal="0" offset="677" sl="227" sc="0" el="227" ec="0" bec="0" bev="0" fileid="117" />
                <SequencePoint vc="0" uspid="114260" ordinal="0" offset="690" sl="225" sc="0" el="225" ec="0" bec="0" bev="0" fileid="117" />
                <SequencePoint vc="0" uspid="114261" ordinal="0" offset="696" sl="225" sc="0" el="225" ec="0" bec="0" bev="0" fileid="117" />
                <SequencePoint vc="0" uspid="114262" ordinal="0" offset="710" sl="228" sc="0" el="228" ec="0" bec="0" bev="0" fileid="117" />
                <SequencePoint vc="0" uspid="114263" ordinal="0" offset="727" sl="229" sc="0" el="229" ec="0" bec="0" bev="0" fileid="117" />
                <SequencePoint vc="0" uspid="114264" ordinal="0" offset="730" sl="231" sc="0" el="231" ec="0" bec="0" bev="0" fileid="117" />
                <SequencePoint vc="0" uspid="114265" ordinal="0" offset="731" sl="232" sc="0" el="232" ec="0" bec="0" bev="0" fileid="117" />
                <SequencePoint vc="0" uspid="114266" ordinal="0" offset="744" sl="233" sc="0" el="233" ec="0" bec="0" bev="0" fileid="117" />
                <SequencePoint vc="0" uspid="114267" ordinal="0" offset="745" sl="234" sc="0" el="234" ec="0" bec="0" bev="0" fileid="117" />
              </SequencePoints>
              <BranchPoints />
            </Method>
          </Methods>
        </Class>
        <Class>
          <Summary numSequencePoints="3" visitedSequencePoints="0" numBranchPoints="0" visitedBranchPoints="0" sequenceCoverage="0.0" branchCoverage="0.0" maxCyclomaticComplexity="0" minCyclomaticComplexity="0" maxCrapScore="0" minCrapScore="0" visitedClasses="0" numClasses="1" visitedMethods="0" numMethods="1" />
          <FullName>PlayFab.Internal.ApiProcessingEventArgs</FullName>
          <Methods>
            <Method visited="false" cyclomaticComplexity="0" nPathComplexity="0" sequenceCoverage="0.0" branchCoverage="0" crapScore="0" isConstructor="false" isStatic="false" isGetter="false" isSetter="false">
              <Summary numSequencePoints="3" visitedSequencePoints="0" numBranchPoints="0" visitedBranchPoints="0" sequenceCoverage="0.0" branchCoverage="0" maxCyclomaticComplexity="0" minCyclomaticComplexity="0" maxCrapScore="0" minCrapScore="0" visitedClasses="0" numClasses="0" visitedMethods="0" numMethods="1" />
              <MetadataToken>100665047</MetadataToken>
              <Name>TRequest PlayFab.Internal.ApiProcessingEventArgs::GetRequest[TRequest]()</Name>
              <FileRef uid="117" />
              <SequencePoints>
                <SequencePoint vc="0" uspid="114419" ordinal="0" offset="0" sl="499" sc="0" el="499" ec="0" bec="0" bev="0" fileid="117" />
                <SequencePoint vc="0" uspid="114420" ordinal="0" offset="1" sl="500" sc="0" el="500" ec="0" bec="0" bev="0" fileid="117" />
                <SequencePoint vc="0" uspid="114421" ordinal="0" offset="20" sl="501" sc="0" el="501" ec="0" bec="0" bev="0" fileid="117" />
              </SequencePoints>
              <BranchPoints />
            </Method>
          </Methods>
        </Class>
        <Class>
          <Summary numSequencePoints="32" visitedSequencePoints="0" numBranchPoints="0" visitedBranchPoints="0" sequenceCoverage="0.0" branchCoverage="0.0" maxCyclomaticComplexity="0" minCyclomaticComplexity="0" maxCrapScore="0" minCrapScore="0" visitedClasses="0" numClasses="1" visitedMethods="0" numMethods="4" />
          <FullName>PlayFab.Internal.SingletonMonoBehaviour[T]</FullName>
          <Methods>
            <Method visited="false" cyclomaticComplexity="0" nPathComplexity="0" sequenceCoverage="0.0" branchCoverage="0" crapScore="0" isConstructor="false" isStatic="true" isGetter="true" isSetter="false">
              <Summary numSequencePoints="4" visitedSequencePoints="0" numBranchPoints="0" visitedBranchPoints="0" sequenceCoverage="0.0" branchCoverage="0" maxCyclomaticComplexity="0" minCyclomaticComplexity="0" maxCrapScore="0" minCrapScore="0" visitedClasses="0" numClasses="0" visitedMethods="0" numMethods="1" />
              <MetadataToken>100665086</MetadataToken>
              <Name>static T PlayFab.Internal.SingletonMonoBehaviour[T]::get_instance()</Name>
              <FileRef uid="120" />
              <SequencePoints>
                <SequencePoint vc="0" uspid="114853" ordinal="0" offset="0" sl="13" sc="0" el="13" ec="0" bec="0" bev="0" fileid="120" />
                <SequencePoint vc="0" uspid="114854" ordinal="0" offset="1" sl="14" sc="0" el="14" ec="0" bec="0" bev="0" fileid="120" />
                <SequencePoint vc="0" uspid="114855" ordinal="0" offset="7" sl="15" sc="0" el="15" ec="0" bec="0" bev="0" fileid="120" />
                <SequencePoint vc="0" uspid="114856" ordinal="0" offset="15" sl="16" sc="0" el="16" ec="0" bec="0" bev="0" fileid="120" />
              </SequencePoints>
              <BranchPoints />
            </Method>
            <Method visited="false" cyclomaticComplexity="0" nPathComplexity="0" sequenceCoverage="0.0" branchCoverage="0" crapScore="0" isConstructor="false" isStatic="true" isGetter="false" isSetter="false">
              <Summary numSequencePoints="16" visitedSequencePoints="0" numBranchPoints="0" visitedBranchPoints="0" sequenceCoverage="0.0" branchCoverage="0" maxCyclomaticComplexity="0" minCyclomaticComplexity="0" maxCrapScore="0" minCrapScore="0" visitedClasses="0" numClasses="0" visitedMethods="0" numMethods="1" />
              <MetadataToken>100665087</MetadataToken>
              <Name>static System.Void PlayFab.Internal.SingletonMonoBehaviour[T]::CreateInstance()</Name>
              <FileRef uid="120" />
              <SequencePoints>
                <SequencePoint vc="0" uspid="114857" ordinal="0" offset="0" sl="20" sc="0" el="20" ec="0" bec="0" bev="0" fileid="120" />
                <SequencePoint vc="0" uspid="114858" ordinal="0" offset="1" sl="21" sc="0" el="21" ec="0" bec="0" bev="0" fileid="120" />
                <SequencePoint vc="0" uspid="114859" ordinal="0" offset="21" sl="22" sc="0" el="22" ec="0" bec="0" bev="0" fileid="120" />
                <SequencePoint vc="0" uspid="114860" ordinal="0" offset="22" sl="24" sc="0" el="24" ec="0" bec="0" bev="0" fileid="120" />
                <SequencePoint vc="0" uspid="114861" ordinal="0" offset="32" sl="25" sc="0" el="25" ec="0" bec="0" bev="0" fileid="120" />
                <SequencePoint vc="0" uspid="114862" ordinal="0" offset="52" sl="26" sc="0" el="26" ec="0" bec="0" bev="0" fileid="120" />
                <SequencePoint vc="0" uspid="114863" ordinal="0" offset="53" sl="28" sc="0" el="28" ec="0" bec="0" bev="0" fileid="120" />
                <SequencePoint vc="0" uspid="114864" ordinal="0" offset="74" sl="29" sc="0" el="29" ec="0" bec="0" bev="0" fileid="120" />
                <SequencePoint vc="0" uspid="114865" ordinal="0" offset="85" sl="30" sc="0" el="30" ec="0" bec="0" bev="0" fileid="120" />
                <SequencePoint vc="0" uspid="114866" ordinal="0" offset="86" sl="32" sc="0" el="32" ec="0" bec="0" bev="0" fileid="120" />
                <SequencePoint vc="0" uspid="114867" ordinal="0" offset="108" sl="33" sc="0" el="33" ec="0" bec="0" bev="0" fileid="120" />
                <SequencePoint vc="0" uspid="114868" ordinal="0" offset="109" sl="34" sc="0" el="34" ec="0" bec="0" bev="0" fileid="120" />
                <SequencePoint vc="0" uspid="114869" ordinal="0" offset="125" sl="35" sc="0" el="35" ec="0" bec="0" bev="0" fileid="120" />
                <SequencePoint vc="0" uspid="114870" ordinal="0" offset="141" sl="36" sc="0" el="36" ec="0" bec="0" bev="0" fileid="120" />
                <SequencePoint vc="0" uspid="114871" ordinal="0" offset="142" sl="37" sc="0" el="37" ec="0" bec="0" bev="0" fileid="120" />
                <SequencePoint vc="0" uspid="114872" ordinal="0" offset="143" sl="38" sc="0" el="38" ec="0" bec="0" bev="0" fileid="120" />
              </SequencePoints>
              <BranchPoints />
            </Method>
            <Method visited="false" cyclomaticComplexity="0" nPathComplexity="0" sequenceCoverage="0.0" branchCoverage="0" crapScore="0" isConstructor="false" isStatic="false" isGetter="false" isSetter="false">
              <Summary numSequencePoints="10" visitedSequencePoints="0" numBranchPoints="0" visitedBranchPoints="0" sequenceCoverage="0.0" branchCoverage="0" maxCyclomaticComplexity="0" minCyclomaticComplexity="0" maxCrapScore="0" minCrapScore="0" visitedClasses="0" numClasses="0" visitedMethods="0" numMethods="1" />
              <MetadataToken>100665088</MetadataToken>
              <Name>System.Void PlayFab.Internal.SingletonMonoBehaviour[T]::Awake()</Name>
              <FileRef uid="120" />
              <SequencePoints>
                <SequencePoint vc="0" uspid="114873" ordinal="0" offset="0" sl="41" sc="0" el="41" ec="0" bec="0" bev="0" fileid="120" />
                <SequencePoint vc="0" uspid="114874" ordinal="0" offset="1" sl="42" sc="0" el="42" ec="0" bec="0" bev="0" fileid="120" />
                <SequencePoint vc="0" uspid="114875" ordinal="0" offset="10" sl="43" sc="0" el="43" ec="0" bec="0" bev="0" fileid="120" />
                <SequencePoint vc="0" uspid="114876" ordinal="0" offset="11" sl="44" sc="0" el="44" ec="0" bec="0" bev="0" fileid="120" />
                <SequencePoint vc="0" uspid="114877" ordinal="0" offset="18" sl="45" sc="0" el="45" ec="0" bec="0" bev="0" fileid="120" />
                <SequencePoint vc="0" uspid="114878" ordinal="0" offset="19" sl="48" sc="0" el="48" ec="0" bec="0" bev="0" fileid="120" />
                <SequencePoint vc="0" uspid="114879" ordinal="0" offset="39" sl="49" sc="0" el="49" ec="0" bec="0" bev="0" fileid="120" />
                <SequencePoint vc="0" uspid="114880" ordinal="0" offset="40" sl="50" sc="0" el="50" ec="0" bec="0" bev="0" fileid="120" />
                <SequencePoint vc="0" uspid="114881" ordinal="0" offset="52" sl="51" sc="0" el="51" ec="0" bec="0" bev="0" fileid="120" />
                <SequencePoint vc="0" uspid="114882" ordinal="0" offset="53" sl="52" sc="0" el="52" ec="0" bec="0" bev="0" fileid="120" />
              </SequencePoints>
              <BranchPoints />
            </Method>
            <Method visited="false" cyclomaticComplexity="0" nPathComplexity="0" sequenceCoverage="0.0" branchCoverage="0" crapScore="0" isConstructor="false" isStatic="false" isGetter="false" isSetter="false">
              <Summary numSequencePoints="2" visitedSequencePoints="0" numBranchPoints="0" visitedBranchPoints="0" sequenceCoverage="0.0" branchCoverage="0" maxCyclomaticComplexity="0" minCyclomaticComplexity="0" maxCrapScore="0" minCrapScore="0" visitedClasses="0" numClasses="0" visitedMethods="0" numMethods="1" />
              <MetadataToken>100665089</MetadataToken>
              <Name>System.Void PlayFab.Internal.SingletonMonoBehaviour[T]::Initialize()</Name>
              <FileRef uid="120" />
              <SequencePoints>
                <SequencePoint vc="0" uspid="114883" ordinal="0" offset="0" sl="56" sc="0" el="56" ec="0" bec="0" bev="0" fileid="120" />
                <SequencePoint vc="0" uspid="114884" ordinal="0" offset="1" sl="56" sc="0" el="56" ec="0" bec="0" bev="0" fileid="120" />
              </SequencePoints>
              <BranchPoints />
            </Method>
          </Methods>
        </Class>
        <Class>
          <Summary numSequencePoints="11" visitedSequencePoints="0" numBranchPoints="0" visitedBranchPoints="0" sequenceCoverage="0.0" branchCoverage="0.0" maxCyclomaticComplexity="0" minCyclomaticComplexity="0" maxCrapScore="0" minCrapScore="0" visitedClasses="0" numClasses="1" visitedMethods="0" numMethods="1" />
          <FullName>PlayFab.Internal.PlayFabUtil</FullName>
          <Methods>
            <Method visited="false" cyclomaticComplexity="0" nPathComplexity="0" sequenceCoverage="0.0" branchCoverage="0" crapScore="0" isConstructor="false" isStatic="true" isGetter="false" isSetter="false">
              <Summary numSequencePoints="11" visitedSequencePoints="0" numBranchPoints="0" visitedBranchPoints="0" sequenceCoverage="0.0" branchCoverage="0" maxCyclomaticComplexity="0" minCyclomaticComplexity="0" maxCrapScore="0" minCrapScore="0" visitedClasses="0" numClasses="0" visitedMethods="0" numMethods="1" />
              <MetadataToken>100665096</MetadataToken>
              <Name>static T PlayFab.Internal.PlayFabUtil::TryEnumParse[T](System.String, T)</Name>
              <FileRef uid="121" />
              <SequencePoints>
                <SequencePoint vc="0" uspid="114915" ordinal="0" offset="0" sl="95" sc="0" el="95" ec="0" bec="0" bev="0" fileid="121" />
                <SequencePoint vc="0" uspid="114916" ordinal="0" offset="1" sl="97" sc="0" el="97" ec="0" bec="0" bev="0" fileid="121" />
                <SequencePoint vc="0" uspid="114917" ordinal="0" offset="2" sl="98" sc="0" el="98" ec="0" bec="0" bev="0" fileid="121" />
                <SequencePoint vc="0" uspid="114918" ordinal="0" offset="26" sl="100" sc="0" el="100" ec="0" bec="0" bev="0" fileid="121" />
                <SequencePoint vc="0" uspid="114919" ordinal="0" offset="27" sl="101" sc="0" el="101" ec="0" bec="0" bev="0" fileid="121" />
                <SequencePoint vc="0" uspid="114920" ordinal="0" offset="28" sl="102" sc="0" el="102" ec="0" bec="0" bev="0" fileid="121" />
                <SequencePoint vc="0" uspid="114921" ordinal="0" offset="32" sl="104" sc="0" el="104" ec="0" bec="0" bev="0" fileid="121" />
                <SequencePoint vc="0" uspid="114922" ordinal="0" offset="33" sl="105" sc="0" el="105" ec="0" bec="0" bev="0" fileid="121" />
                <SequencePoint vc="0" uspid="114923" ordinal="0" offset="34" sl="106" sc="0" el="106" ec="0" bec="0" bev="0" fileid="121" />
                <SequencePoint vc="0" uspid="114924" ordinal="0" offset="56" sl="107" sc="0" el="107" ec="0" bec="0" bev="0" fileid="121" />
                <SequencePoint vc="0" uspid="114925" ordinal="0" offset="60" sl="109" sc="0" el="109" ec="0" bec="0" bev="0" fileid="121" />
              </SequencePoints>
              <BranchPoints />
            </Method>
          </Methods>
        </Class>
        <Class>
          <Summary numSequencePoints="13" visitedSequencePoints="0" numBranchPoints="0" visitedBranchPoints="0" sequenceCoverage="0.0" branchCoverage="0.0" maxCyclomaticComplexity="0" minCyclomaticComplexity="0" maxCrapScore="0" minCrapScore="0" visitedClasses="0" numClasses="1" visitedMethods="0" numMethods="1" />
          <FullName>PlayFab.PlayFabClientAPI&lt;&gt;c__DisplayClass21_0[TOut]</FullName>
          <Methods>
            <Method visited="false" cyclomaticComplexity="0" nPathComplexity="0" sequenceCoverage="0.0" branchCoverage="0" crapScore="0" isConstructor="false" isStatic="false" isGetter="false" isSetter="false">
              <Summary numSequencePoints="13" visitedSequencePoints="0" numBranchPoints="0" visitedBranchPoints="0" sequenceCoverage="0.0" branchCoverage="0" maxCyclomaticComplexity="0" minCyclomaticComplexity="0" maxCrapScore="0" minCrapScore="0" visitedClasses="0" numClasses="0" visitedMethods="0" numMethods="1" />
              <MetadataToken>100666990</MetadataToken>
              <Name>System.Void PlayFab.PlayFabClientAPI&lt;&gt;c__DisplayClass21_0[TOut]::&lt;ExecuteCloudScript&gt;b__0(PlayFab.ClientModels.ExecuteCloudScriptResult)</Name>
              <FileRef uid="79" />
              <SequencePoints>
                <SequencePoint vc="0" uspid="129950" ordinal="0" offset="0" sl="297" sc="0" el="297" ec="0" bec="0" bev="0" fileid="79" />
                <SequencePoint vc="0" uspid="129951" ordinal="0" offset="1" sl="298" sc="0" el="298" ec="0" bec="0" bev="0" fileid="79" />
                <SequencePoint vc="0" uspid="129952" ordinal="0" offset="13" sl="299" sc="0" el="299" ec="0" bec="0" bev="0" fileid="79" />
                <SequencePoint vc="0" uspid="129953" ordinal="0" offset="26" sl="300" sc="0" el="300" ec="0" bec="0" bev="0" fileid="79" />
                <SequencePoint vc="0" uspid="129954" ordinal="0" offset="27" sl="301" sc="0" el="301" ec="0" bec="0" bev="0" fileid="79" />
                <SequencePoint vc="0" uspid="129955" ordinal="0" offset="45" sl="302" sc="0" el="302" ec="0" bec="0" bev="0" fileid="79" />
                <SequencePoint vc="0" uspid="129956" ordinal="0" offset="48" sl="302" sc="0" el="302" ec="0" bec="0" bev="0" fileid="79" />
                <SequencePoint vc="0" uspid="129957" ordinal="0" offset="49" sl="302" sc="0" el="302" ec="0" bec="0" bev="0" fileid="79" />
                <SequencePoint vc="0" uspid="129958" ordinal="0" offset="50" sl="303" sc="0" el="303" ec="0" bec="0" bev="0" fileid="79" />
                <SequencePoint vc="0" uspid="129959" ordinal="0" offset="57" sl="304" sc="0" el="304" ec="0" bec="0" bev="0" fileid="79" />
                <SequencePoint vc="0" uspid="129960" ordinal="0" offset="125" sl="305" sc="0" el="305" ec="0" bec="0" bev="0" fileid="79" />
                <SequencePoint vc="0" uspid="129961" ordinal="0" offset="128" sl="306" sc="0" el="306" ec="0" bec="0" bev="0" fileid="79" />
                <SequencePoint vc="0" uspid="129962" ordinal="0" offset="141" sl="307" sc="0" el="307" ec="0" bec="0" bev="0" fileid="79" />
              </SequencePoints>
              <BranchPoints />
            </Method>
          </Methods>
        </Class>
        <Class>
          <Summary numSequencePoints="13" visitedSequencePoints="0" numBranchPoints="0" visitedBranchPoints="0" sequenceCoverage="0.0" branchCoverage="0.0" maxCyclomaticComplexity="0" minCyclomaticComplexity="0" maxCrapScore="0" minCrapScore="0" visitedClasses="0" numClasses="1" visitedMethods="0" numMethods="1" />
          <FullName>PlayFab.PlayFabClientInstanceAPI&lt;&gt;c__DisplayClass26_0[TOut]</FullName>
          <Methods>
            <Method visited="false" cyclomaticComplexity="0" nPathComplexity="0" sequenceCoverage="0.0" branchCoverage="0" crapScore="0" isConstructor="false" isStatic="false" isGetter="false" isSetter="false">
              <Summary numSequencePoints="13" visitedSequencePoints="0" numBranchPoints="0" visitedBranchPoints="0" sequenceCoverage="0.0" branchCoverage="0" maxCyclomaticComplexity="0" minCyclomaticComplexity="0" maxCrapScore="0" minCrapScore="0" visitedClasses="0" numClasses="0" visitedMethods="0" numMethods="1" />
              <MetadataToken>100666992</MetadataToken>
              <Name>System.Void PlayFab.PlayFabClientInstanceAPI&lt;&gt;c__DisplayClass26_0[TOut]::&lt;ExecuteCloudScript&gt;b__0(PlayFab.ClientModels.ExecuteCloudScriptResult)</Name>
              <FileRef uid="80" />
              <SequencePoints>
                <SequencePoint vc="0" uspid="129963" ordinal="0" offset="0" sl="287" sc="0" el="287" ec="0" bec="0" bev="0" fileid="80" />
                <SequencePoint vc="0" uspid="129964" ordinal="0" offset="1" sl="288" sc="0" el="288" ec="0" bec="0" bev="0" fileid="80" />
                <SequencePoint vc="0" uspid="129965" ordinal="0" offset="13" sl="289" sc="0" el="289" ec="0" bec="0" bev="0" fileid="80" />
                <SequencePoint vc="0" uspid="129966" ordinal="0" offset="26" sl="290" sc="0" el="290" ec="0" bec="0" bev="0" fileid="80" />
                <SequencePoint vc="0" uspid="129967" ordinal="0" offset="27" sl="291" sc="0" el="291" ec="0" bec="0" bev="0" fileid="80" />
                <SequencePoint vc="0" uspid="129968" ordinal="0" offset="45" sl="292" sc="0" el="292" ec="0" bec="0" bev="0" fileid="80" />
                <SequencePoint vc="0" uspid="129969" ordinal="0" offset="48" sl="292" sc="0" el="292" ec="0" bec="0" bev="0" fileid="80" />
                <SequencePoint vc="0" uspid="129970" ordinal="0" offset="49" sl="292" sc="0" el="292" ec="0" bec="0" bev="0" fileid="80" />
                <SequencePoint vc="0" uspid="129971" ordinal="0" offset="50" sl="293" sc="0" el="293" ec="0" bec="0" bev="0" fileid="80" />
                <SequencePoint vc="0" uspid="129972" ordinal="0" offset="57" sl="294" sc="0" el="294" ec="0" bec="0" bev="0" fileid="80" />
                <SequencePoint vc="0" uspid="129973" ordinal="0" offset="125" sl="295" sc="0" el="295" ec="0" bec="0" bev="0" fileid="80" />
                <SequencePoint vc="0" uspid="129974" ordinal="0" offset="128" sl="296" sc="0" el="296" ec="0" bec="0" bev="0" fileid="80" />
                <SequencePoint vc="0" uspid="129975" ordinal="0" offset="141" sl="297" sc="0" el="297" ec="0" bec="0" bev="0" fileid="80" />
              </SequencePoints>
              <BranchPoints />
            </Method>
          </Methods>
        </Class>
        <Class>
          <Summary numSequencePoints="74" visitedSequencePoints="0" numBranchPoints="0" visitedBranchPoints="0" sequenceCoverage="0.0" branchCoverage="0.0" maxCyclomaticComplexity="0" minCyclomaticComplexity="0" maxCrapScore="0" minCrapScore="0" visitedClasses="0" numClasses="1" visitedMethods="0" numMethods="20" />
          <FullName>PlayFab.Json.ReflectionUtilsThreadSafeDictionary[TKey,TValue]</FullName>
          <Methods>
            <Method visited="false" cyclomaticComplexity="0" nPathComplexity="0" sequenceCoverage="0.0" branchCoverage="0" crapScore="0" isConstructor="false" isStatic="false" isGetter="false" isSetter="false">
              <Summary numSequencePoints="7" visitedSequencePoints="0" numBranchPoints="0" visitedBranchPoints="0" sequenceCoverage="0.0" branchCoverage="0" maxCyclomaticComplexity="0" minCyclomaticComplexity="0" maxCrapScore="0" minCrapScore="0" visitedClasses="0" numClasses="0" visitedMethods="0" numMethods="1" />
              <MetadataToken>100667016</MetadataToken>
              <Name>TValue PlayFab.Json.ReflectionUtilsThreadSafeDictionary[TKey,TValue]::Get(TKey)</Name>
              <FileRef uid="111" />
              <SequencePoints>
                <SequencePoint vc="0" uspid="130026" ordinal="0" offset="0" sl="1962" sc="0" el="1962" ec="0" bec="0" bev="0" fileid="111" />
                <SequencePoint vc="0" uspid="130027" ordinal="0" offset="1" sl="1963" sc="0" el="1963" ec="0" bec="0" bev="0" fileid="111" />
                <SequencePoint vc="0" uspid="130028" ordinal="0" offset="14" sl="1964" sc="0" el="1964" ec="0" bec="0" bev="0" fileid="111" />
                <SequencePoint vc="0" uspid="130029" ordinal="0" offset="24" sl="1966" sc="0" el="1966" ec="0" bec="0" bev="0" fileid="111" />
                <SequencePoint vc="0" uspid="130030" ordinal="0" offset="45" sl="1967" sc="0" el="1967" ec="0" bec="0" bev="0" fileid="111" />
                <SequencePoint vc="0" uspid="130031" ordinal="0" offset="55" sl="1968" sc="0" el="1968" ec="0" bec="0" bev="0" fileid="111" />
                <SequencePoint vc="0" uspid="130032" ordinal="0" offset="59" sl="1969" sc="0" el="1969" ec="0" bec="0" bev="0" fileid="111" />
              </SequencePoints>
              <BranchPoints />
            </Method>
            <Method visited="false" cyclomaticComplexity="0" nPathComplexity="0" sequenceCoverage="0.0" branchCoverage="0" crapScore="0" isConstructor="false" isStatic="false" isGetter="false" isSetter="false">
              <Summary numSequencePoints="19" visitedSequencePoints="0" numBranchPoints="0" visitedBranchPoints="0" sequenceCoverage="0.0" branchCoverage="0" maxCyclomaticComplexity="0" minCyclomaticComplexity="0" maxCrapScore="0" minCrapScore="0" visitedClasses="0" numClasses="0" visitedMethods="0" numMethods="1" />
              <MetadataToken>100667017</MetadataToken>
              <Name>TValue PlayFab.Json.ReflectionUtilsThreadSafeDictionary[TKey,TValue]::AddValue(TKey)</Name>
              <FileRef uid="111" />
              <SequencePoints>
                <SequencePoint vc="0" uspid="130033" ordinal="0" offset="0" sl="1972" sc="0" el="1972" ec="0" bec="0" bev="0" fileid="111" />
                <SequencePoint vc="0" uspid="130034" ordinal="0" offset="1" sl="1973" sc="0" el="1973" ec="0" bec="0" bev="0" fileid="111" />
                <SequencePoint vc="0" uspid="130035" ordinal="0" offset="14" sl="1974" sc="0" el="1974" ec="0" bec="0" bev="0" fileid="111" />
                <SequencePoint vc="0" uspid="130036" ordinal="0" offset="32" sl="1975" sc="0" el="1975" ec="0" bec="0" bev="0" fileid="111" />
                <SequencePoint vc="0" uspid="130037" ordinal="0" offset="33" sl="1976" sc="0" el="1976" ec="0" bec="0" bev="0" fileid="111" />
                <SequencePoint vc="0" uspid="130038" ordinal="0" offset="46" sl="1977" sc="0" el="1977" ec="0" bec="0" bev="0" fileid="111" />
                <SequencePoint vc="0" uspid="130039" ordinal="0" offset="47" sl="1978" sc="0" el="1978" ec="0" bec="0" bev="0" fileid="111" />
                <SequencePoint vc="0" uspid="130040" ordinal="0" offset="58" sl="1979" sc="0" el="1979" ec="0" bec="0" bev="0" fileid="111" />
                <SequencePoint vc="0" uspid="130041" ordinal="0" offset="72" sl="1980" sc="0" el="1980" ec="0" bec="0" bev="0" fileid="111" />
                <SequencePoint vc="0" uspid="130042" ordinal="0" offset="75" sl="1982" sc="0" el="1982" ec="0" bec="0" bev="0" fileid="111" />
                <SequencePoint vc="0" uspid="130043" ordinal="0" offset="76" sl="1984" sc="0" el="1984" ec="0" bec="0" bev="0" fileid="111" />
                <SequencePoint vc="0" uspid="130044" ordinal="0" offset="96" sl="1985" sc="0" el="1985" ec="0" bec="0" bev="0" fileid="111" />
                <SequencePoint vc="0" uspid="130045" ordinal="0" offset="102" sl="1986" sc="0" el="1986" ec="0" bec="0" bev="0" fileid="111" />
                <SequencePoint vc="0" uspid="130046" ordinal="0" offset="115" sl="1987" sc="0" el="1987" ec="0" bec="0" bev="0" fileid="111" />
                <SequencePoint vc="0" uspid="130047" ordinal="0" offset="125" sl="1988" sc="0" el="1988" ec="0" bec="0" bev="0" fileid="111" />
                <SequencePoint vc="0" uspid="130048" ordinal="0" offset="133" sl="1989" sc="0" el="1989" ec="0" bec="0" bev="0" fileid="111" />
                <SequencePoint vc="0" uspid="130049" ordinal="0" offset="134" sl="1990" sc="0" el="1990" ec="0" bec="0" bev="0" fileid="111" />
                <SequencePoint vc="0" uspid="130050" ordinal="0" offset="148" sl="1991" sc="0" el="1991" ec="0" bec="0" bev="0" fileid="111" />
                <SequencePoint vc="0" uspid="130051" ordinal="0" offset="153" sl="1992" sc="0" el="1992" ec="0" bec="0" bev="0" fileid="111" />
              </SequencePoints>
              <BranchPoints />
            </Method>
            <Method visited="false" cyclomaticComplexity="0" nPathComplexity="0" sequenceCoverage="0.0" branchCoverage="0" crapScore="0" isConstructor="false" isStatic="false" isGetter="false" isSetter="false">
              <Summary numSequencePoints="2" visitedSequencePoints="0" numBranchPoints="0" visitedBranchPoints="0" sequenceCoverage="0.0" branchCoverage="0" maxCyclomaticComplexity="0" minCyclomaticComplexity="0" maxCrapScore="0" minCrapScore="0" visitedClasses="0" numClasses="0" visitedMethods="0" numMethods="1" />
              <MetadataToken>100667018</MetadataToken>
              <Name>System.Void PlayFab.Json.ReflectionUtilsThreadSafeDictionary[TKey,TValue]::Add(TKey, TValue)</Name>
              <FileRef uid="111" />
              <SequencePoints>
                <SequencePoint vc="0" uspid="130052" ordinal="0" offset="0" sl="1995" sc="0" el="1995" ec="0" bec="0" bev="0" fileid="111" />
                <SequencePoint vc="0" uspid="130053" ordinal="0" offset="1" sl="1996" sc="0" el="1996" ec="0" bec="0" bev="0" fileid="111" />
              </SequencePoints>
              <BranchPoints />
            </Method>
            <Method visited="false" cyclomaticComplexity="0" nPathComplexity="0" sequenceCoverage="0.0" branchCoverage="0" crapScore="0" isConstructor="false" isStatic="false" isGetter="false" isSetter="false">
              <Summary numSequencePoints="3" visitedSequencePoints="0" numBranchPoints="0" visitedBranchPoints="0" sequenceCoverage="0.0" branchCoverage="0" maxCyclomaticComplexity="0" minCyclomaticComplexity="0" maxCrapScore="0" minCrapScore="0" visitedClasses="0" numClasses="0" visitedMethods="0" numMethods="1" />
              <MetadataToken>100667019</MetadataToken>
              <Name>System.Boolean PlayFab.Json.ReflectionUtilsThreadSafeDictionary[TKey,TValue]::ContainsKey(TKey)</Name>
              <FileRef uid="111" />
              <SequencePoints>
                <SequencePoint vc="0" uspid="130054" ordinal="0" offset="0" sl="2000" sc="0" el="2000" ec="0" bec="0" bev="0" fileid="111" />
                <SequencePoint vc="0" uspid="130055" ordinal="0" offset="1" sl="2001" sc="0" el="2001" ec="0" bec="0" bev="0" fileid="111" />
                <SequencePoint vc="0" uspid="130056" ordinal="0" offset="16" sl="2002" sc="0" el="2002" ec="0" bec="0" bev="0" fileid="111" />
              </SequencePoints>
              <BranchPoints />
            </Method>
            <Method visited="false" cyclomaticComplexity="0" nPathComplexity="0" sequenceCoverage="0.0" branchCoverage="0" crapScore="0" isConstructor="false" isStatic="false" isGetter="true" isSetter="false">
              <Summary numSequencePoints="3" visitedSequencePoints="0" numBranchPoints="0" visitedBranchPoints="0" sequenceCoverage="0.0" branchCoverage="0" maxCyclomaticComplexity="0" minCyclomaticComplexity="0" maxCrapScore="0" minCrapScore="0" visitedClasses="0" numClasses="0" visitedMethods="0" numMethods="1" />
              <MetadataToken>100667020</MetadataToken>
              <Name>System.Collections.Generic.ICollection[TKey] PlayFab.Json.ReflectionUtilsThreadSafeDictionary[TKey,TValue]::get_Keys()</Name>
              <FileRef uid="111" />
              <SequencePoints>
                <SequencePoint vc="0" uspid="130057" ordinal="0" offset="0" sl="2006" sc="0" el="2006" ec="0" bec="0" bev="0" fileid="111" />
                <SequencePoint vc="0" uspid="130058" ordinal="0" offset="1" sl="2006" sc="0" el="2006" ec="0" bec="0" bev="0" fileid="111" />
                <SequencePoint vc="0" uspid="130059" ordinal="0" offset="15" sl="2006" sc="0" el="2006" ec="0" bec="0" bev="0" fileid="111" />
              </SequencePoints>
              <BranchPoints />
            </Method>
            <Method visited="false" cyclomaticComplexity="0" nPathComplexity="0" sequenceCoverage="0.0" branchCoverage="0" crapScore="0" isConstructor="false" isStatic="false" isGetter="false" isSetter="false">
              <Summary numSequencePoints="2" visitedSequencePoints="0" numBranchPoints="0" visitedBranchPoints="0" sequenceCoverage="0.0" branchCoverage="0" maxCyclomaticComplexity="0" minCyclomaticComplexity="0" maxCrapScore="0" minCrapScore="0" visitedClasses="0" numClasses="0" visitedMethods="0" numMethods="1" />
              <MetadataToken>100667021</MetadataToken>
              <Name>System.Boolean PlayFab.Json.ReflectionUtilsThreadSafeDictionary[TKey,TValue]::Remove(TKey)</Name>
              <FileRef uid="111" />
              <SequencePoints>
                <SequencePoint vc="0" uspid="130060" ordinal="0" offset="0" sl="2010" sc="0" el="2010" ec="0" bec="0" bev="0" fileid="111" />
                <SequencePoint vc="0" uspid="130061" ordinal="0" offset="1" sl="2011" sc="0" el="2011" ec="0" bec="0" bev="0" fileid="111" />
              </SequencePoints>
              <BranchPoints />
            </Method>
            <Method visited="false" cyclomaticComplexity="0" nPathComplexity="0" sequenceCoverage="0.0" branchCoverage="0" crapScore="0" isConstructor="false" isStatic="false" isGetter="false" isSetter="false">
[...]
                <SequencePoint vc="1" uspid="136534" ordinal="0" offset="7" sl="184" sc="9" el="184" ec="9" bec="0" bev="0" fileid="179" />
                <SequencePoint vc="1" uspid="136535" ordinal="0" offset="14" sl="186" sc="9" el="186" ec="9" bec="0" bev="0" fileid="179" />
                <SequencePoint vc="1" uspid="136536" ordinal="0" offset="20" sl="187" sc="9" el="187" ec="9" bec="0" bev="0" fileid="179" />
                <SequencePoint vc="1" uspid="136537" ordinal="0" offset="27" sl="189" sc="9" el="189" ec="9" bec="0" bev="0" fileid="179" />
                <SequencePoint vc="1" uspid="136538" ordinal="0" offset="34" sl="190" sc="9" el="190" ec="9" bec="0" bev="0" fileid="179" />
                <SequencePoint vc="1" uspid="136539" ordinal="0" offset="45" sl="191" sc="9" el="191" ec="9" bec="0" bev="0" fileid="179" />
                <SequencePoint vc="1" uspid="136540" ordinal="0" offset="52" sl="193" sc="9" el="193" ec="9" bec="0" bev="0" fileid="179" />
                <SequencePoint vc="1" uspid="136541" ordinal="0" offset="69" sl="194" sc="5" el="194" ec="5" bec="0" bev="0" fileid="179" />
              </SequencePoints>
              <BranchPoints />
            </Method>
            <Method visited="true" cyclomaticComplexity="0" nPathComplexity="0" sequenceCoverage="100.0" branchCoverage="0" crapScore="0" isConstructor="false" isStatic="false" isGetter="false" isSetter="false">
              <Summary numSequencePoints="10" visitedSequencePoints="10" numBranchPoints="0" visitedBranchPoints="0" sequenceCoverage="100.0" branchCoverage="0" maxCyclomaticComplexity="0" minCyclomaticComplexity="0" maxCrapScore="0" minCrapScore="0" visitedClasses="0" numClasses="0" visitedMethods="1" numMethods="1" />
              <MetadataToken>100663318</MetadataToken>
              <Name>System.Void TestCoin::SliderPosition()</Name>
              <FileRef uid="179" />
              <SequencePoints>
                <SequencePoint vc="1" uspid="136542" ordinal="0" offset="0" sl="200" sc="5" el="200" ec="5" bec="0" bev="0" fileid="179" />
                <SequencePoint vc="1" uspid="136543" ordinal="0" offset="1" sl="201" sc="9" el="201" ec="9" bec="0" bev="0" fileid="179" />
                <SequencePoint vc="1" uspid="136544" ordinal="0" offset="12" sl="202" sc="9" el="202" ec="9" bec="0" bev="0" fileid="179" />
                <SequencePoint vc="1" uspid="136545" ordinal="0" offset="29" sl="204" sc="9" el="204" ec="9" bec="0" bev="0" fileid="179" />
                <SequencePoint vc="1" uspid="136546" ordinal="0" offset="36" sl="205" sc="9" el="205" ec="9" bec="0" bev="0" fileid="179" />
                <SequencePoint vc="1" uspid="136547" ordinal="0" offset="53" sl="206" sc="9" el="206" ec="9" bec="0" bev="0" fileid="179" />
                <SequencePoint vc="1" uspid="136548" ordinal="0" offset="90" sl="207" sc="9" el="207" ec="9" bec="0" bev="0" fileid="179" />
                <SequencePoint vc="1" uspid="136549" ordinal="0" offset="127" sl="209" sc="9" el="209" ec="9" bec="0" bev="0" fileid="179" />
                <SequencePoint vc="1" uspid="136550" ordinal="0" offset="144" sl="210" sc="9" el="210" ec="9" bec="0" bev="0" fileid="179" />
                <SequencePoint vc="1" uspid="136551" ordinal="0" offset="177" sl="211" sc="5" el="211" ec="5" bec="0" bev="0" fileid="179" />
              </SequencePoints>
              <BranchPoints />
            </Method>
            <Method visited="true" cyclomaticComplexity="0" nPathComplexity="0" sequenceCoverage="100.0" branchCoverage="0" crapScore="0" isConstructor="false" isStatic="false" isGetter="false" isSetter="false">
              <Summary numSequencePoints="10" visitedSequencePoints="10" numBranchPoints="0" visitedBranchPoints="0" sequenceCoverage="100.0" branchCoverage="0" maxCyclomaticComplexity="0" minCyclomaticComplexity="0" maxCrapScore="0" minCrapScore="0" visitedClasses="0" numClasses="0" visitedMethods="1" numMethods="1" />
              <MetadataToken>100663319</MetadataToken>
              <Name>System.Void TestCoin::FlashPosition()</Name>
              <FileRef uid="179" />
              <SequencePoints>
                <SequencePoint vc="1" uspid="136552" ordinal="0" offset="0" sl="215" sc="5" el="215" ec="5" bec="0" bev="0" fileid="179" />
                <SequencePoint vc="1" uspid="136553" ordinal="0" offset="1" sl="216" sc="9" el="216" ec="9" bec="0" bev="0" fileid="179" />
                <SequencePoint vc="1" uspid="136554" ordinal="0" offset="12" sl="217" sc="9" el="217" ec="9" bec="0" bev="0" fileid="179" />
                <SequencePoint vc="1" uspid="136555" ordinal="0" offset="29" sl="219" sc="9" el="219" ec="9" bec="0" bev="0" fileid="179" />
                <SequencePoint vc="1" uspid="136556" ordinal="0" offset="36" sl="220" sc="9" el="220" ec="9" bec="0" bev="0" fileid="179" />
                <SequencePoint vc="1" uspid="136557" ordinal="0" offset="53" sl="221" sc="9" el="221" ec="9" bec="0" bev="0" fileid="179" />
                <SequencePoint vc="1" uspid="136558" ordinal="0" offset="90" sl="222" sc="9" el="222" ec="9" bec="0" bev="0" fileid="179" />
                <SequencePoint vc="1" uspid="136559" ordinal="0" offset="127" sl="224" sc="9" el="224" ec="9" bec="0" bev="0" fileid="179" />
                <SequencePoint vc="1" uspid="136560" ordinal="0" offset="144" sl="225" sc="9" el="225" ec="9" bec="0" bev="0" fileid="179" />
                <SequencePoint vc="1" uspid="136561" ordinal="0" offset="177" sl="226" sc="5" el="226" ec="5" bec="0" bev="0" fileid="179" />
              </SequencePoints>
              <BranchPoints />
            </Method>
            <Method visited="true" cyclomaticComplexity="0" nPathComplexity="0" sequenceCoverage="100.0" branchCoverage="0" crapScore="0" isConstructor="false" isStatic="false" isGetter="false" isSetter="false">
              <Summary numSequencePoints="11" visitedSequencePoints="11" numBranchPoints="0" visitedBranchPoints="0" sequenceCoverage="100.0" branchCoverage="0" maxCyclomaticComplexity="0" minCyclomaticComplexity="0" maxCrapScore="0" minCrapScore="0" visitedClasses="0" numClasses="0" visitedMethods="1" numMethods="1" />
              <MetadataToken>100663320</MetadataToken>
              <Name>System.Void TestCoin::HealthPlayer()</Name>
              <FileRef uid="179" />
              <SequencePoints>
                <SequencePoint vc="1" uspid="136562" ordinal="0" offset="0" sl="230" sc="5" el="230" ec="5" bec="0" bev="0" fileid="179" />
                <SequencePoint vc="1" uspid="136563" ordinal="0" offset="1" sl="231" sc="9" el="231" ec="9" bec="0" bev="0" fileid="179" />
                <SequencePoint vc="1" uspid="136564" ordinal="0" offset="12" sl="232" sc="9" el="232" ec="9" bec="0" bev="0" fileid="179" />
                <SequencePoint vc="1" uspid="136565" ordinal="0" offset="19" sl="234" sc="9" el="234" ec="9" bec="0" bev="0" fileid="179" />
                <SequencePoint vc="1" uspid="136566" ordinal="0" offset="30" sl="235" sc="9" el="235" ec="9" bec="0" bev="0" fileid="179" />
                <SequencePoint vc="1" uspid="136567" ordinal="0" offset="37" sl="237" sc="9" el="237" ec="9" bec="0" bev="0" fileid="179" />
                <SequencePoint vc="1" uspid="136568" ordinal="0" offset="44" sl="239" sc="9" el="239" ec="9" bec="0" bev="0" fileid="179" />
                <SequencePoint vc="1" uspid="136569" ordinal="0" offset="55" sl="240" sc="9" el="240" ec="9" bec="0" bev="0" fileid="179" />
                <SequencePoint vc="1" uspid="136570" ordinal="0" offset="66" sl="242" sc="9" el="242" ec="9" bec="0" bev="0" fileid="179" />
                <SequencePoint vc="1" uspid="136571" ordinal="0" offset="73" sl="244" sc="9" el="244" ec="9" bec="0" bev="0" fileid="179" />
                <SequencePoint vc="1" uspid="136572" ordinal="0" offset="100" sl="245" sc="5" el="245" ec="5" bec="0" bev="0" fileid="179" />
              </SequencePoints>
              <BranchPoints />
            </Method>
            <Method visited="true" cyclomaticComplexity="0" nPathComplexity="0" sequenceCoverage="100.0" branchCoverage="0" crapScore="0" isConstructor="false" isStatic="false" isGetter="false" isSetter="false">
              <Summary numSequencePoints="7" visitedSequencePoints="7" numBranchPoints="0" visitedBranchPoints="0" sequenceCoverage="100.0" branchCoverage="0" maxCyclomaticComplexity="0" minCyclomaticComplexity="0" maxCrapScore="0" minCrapScore="0" visitedClasses="0" numClasses="0" visitedMethods="1" numMethods="1" />
              <MetadataToken>100663321</MetadataToken>
              <Name>System.Void TestCoin::PlaySound()</Name>
              <FileRef uid="179" />
              <SequencePoints>
                <SequencePoint vc="1" uspid="136573" ordinal="0" offset="0" sl="249" sc="5" el="249" ec="5" bec="0" bev="0" fileid="179" />
                <SequencePoint vc="1" uspid="136574" ordinal="0" offset="1" sl="250" sc="9" el="250" ec="9" bec="0" bev="0" fileid="179" />
                <SequencePoint vc="1" uspid="136575" ordinal="0" offset="12" sl="251" sc="9" el="251" ec="9" bec="0" bev="0" fileid="179" />
                <SequencePoint vc="1" uspid="136576" ordinal="0" offset="29" sl="253" sc="9" el="253" ec="9" bec="0" bev="0" fileid="179" />
                <SequencePoint vc="1" uspid="136577" ordinal="0" offset="36" sl="255" sc="9" el="255" ec="9" bec="0" bev="0" fileid="179" />
                <SequencePoint vc="1" uspid="136578" ordinal="0" offset="69" sl="256" sc="9" el="256" ec="9" bec="0" bev="0" fileid="179" />
                <SequencePoint vc="1" uspid="136579" ordinal="0" offset="102" sl="257" sc="5" el="257" ec="5" bec="0" bev="0" fileid="179" />
              </SequencePoints>
              <BranchPoints />
            </Method>
            <Method visited="true" cyclomaticComplexity="0" nPathComplexity="0" sequenceCoverage="100.0" branchCoverage="0" crapScore="0" isConstructor="false" isStatic="false" isGetter="false" isSetter="false">
              <Summary numSequencePoints="11" visitedSequencePoints="11" numBranchPoints="0" visitedBranchPoints="0" sequenceCoverage="100.0" branchCoverage="0" maxCyclomaticComplexity="0" minCyclomaticComplexity="0" maxCrapScore="0" minCrapScore="0" visitedClasses="0" numClasses="0" visitedMethods="1" numMethods="1" />
              <MetadataToken>100663322</MetadataToken>
              <Name>System.Void TestCoin::PlayAnimationRun()</Name>
              <FileRef uid="179" />
              <SequencePoints>
                <SequencePoint vc="1" uspid="136580" ordinal="0" offset="0" sl="261" sc="5" el="261" ec="5" bec="0" bev="0" fileid="179" />
                <SequencePoint vc="1" uspid="136581" ordinal="0" offset="1" sl="262" sc="9" el="262" ec="9" bec="0" bev="0" fileid="179" />
                <SequencePoint vc="1" uspid="136582" ordinal="0" offset="12" sl="263" sc="9" el="263" ec="9" bec="0" bev="0" fileid="179" />
                <SequencePoint vc="1" uspid="136583" ordinal="0" offset="29" sl="264" sc="9" el="264" ec="9" bec="0" bev="0" fileid="179" />
                <SequencePoint vc="1" uspid="136584" ordinal="0" offset="36" sl="265" sc="9" el="265" ec="9" bec="0" bev="0" fileid="179" />
                <SequencePoint vc="1" uspid="136585" ordinal="0" offset="43" sl="266" sc="9" el="266" ec="9" bec="0" bev="0" fileid="179" />
                <SequencePoint vc="1" uspid="136586" ordinal="0" offset="65" sl="267" sc="9" el="267" ec="9" bec="0" bev="0" fileid="179" />
                <SequencePoint vc="1" uspid="136587" ordinal="0" offset="81" sl="268" sc="9" el="268" ec="9" bec="0" bev="0" fileid="179" />
                <SequencePoint vc="1" uspid="136588" ordinal="0" offset="101" sl="269" sc="9" el="269" ec="9" bec="0" bev="0" fileid="179" />
                <SequencePoint vc="1" uspid="136589" ordinal="0" offset="114" sl="270" sc="9" el="270" ec="9" bec="0" bev="0" fileid="179" />
                <SequencePoint vc="1" uspid="136590" ordinal="0" offset="143" sl="271" sc="5" el="271" ec="5" bec="0" bev="0" fileid="179" />
              </SequencePoints>
              <BranchPoints />
            </Method>
            <Method visited="true" cyclomaticComplexity="0" nPathComplexity="0" sequenceCoverage="100.0" branchCoverage="0" crapScore="0" isConstructor="false" isStatic="false" isGetter="false" isSetter="false">
              <Summary numSequencePoints="11" visitedSequencePoints="11" numBranchPoints="0" visitedBranchPoints="0" sequenceCoverage="100.0" branchCoverage="0" maxCyclomaticComplexity="0" minCyclomaticComplexity="0" maxCrapScore="0" minCrapScore="0" visitedClasses="0" numClasses="0" visitedMethods="1" numMethods="1" />
              <MetadataToken>100663323</MetadataToken>
              <Name>System.Void TestCoin::OpenPanelTesting()</Name>
              <FileRef uid="179" />
              <SequencePoints>
                <SequencePoint vc="1" uspid="136591" ordinal="0" offset="0" sl="275" sc="5" el="275" ec="5" bec="0" bev="0" fileid="179" />
                <SequencePoint vc="1" uspid="136592" ordinal="0" offset="1" sl="276" sc="9" el="276" ec="9" bec="0" bev="0" fileid="179" />
                <SequencePoint vc="1" uspid="136593" ordinal="0" offset="12" sl="277" sc="9" el="277" ec="9" bec="0" bev="0" fileid="179" />
                <SequencePoint vc="1" uspid="136594" ordinal="0" offset="29" sl="279" sc="9" el="279" ec="9" bec="0" bev="0" fileid="179" />
                <SequencePoint vc="1" uspid="136595" ordinal="0" offset="36" sl="280" sc="9" el="280" ec="9" bec="0" bev="0" fileid="179" />
                <SequencePoint vc="1" uspid="136596" ordinal="0" offset="53" sl="282" sc="9" el="282" ec="9" bec="0" bev="0" fileid="179" />
                <SequencePoint vc="1" uspid="136597" ordinal="0" offset="64" sl="283" sc="9" el="283" ec="9" bec="0" bev="0" fileid="179" />
                <SequencePoint vc="1" uspid="136598" ordinal="0" offset="81" sl="283" sc="64" el="283" ec="64" bec="0" bev="0" fileid="179" />
                <SequencePoint vc="1" uspid="136599" ordinal="0" offset="82" sl="285" sc="9" el="285" ec="9" bec="0" bev="0" fileid="179" />
                <SequencePoint vc="1" uspid="136600" ordinal="0" offset="94" sl="286" sc="9" el="286" ec="9" bec="0" bev="0" fileid="179" />
                <SequencePoint vc="1" uspid="136601" ordinal="0" offset="116" sl="287" sc="5" el="287" ec="5" bec="0" bev="0" fileid="179" />
              </SequencePoints>
              <BranchPoints />
            </Method>
          </Methods>
        </Class>
        <Class>
          <Summary numSequencePoints="9" visitedSequencePoints="9" numBranchPoints="0" visitedBranchPoints="0" sequenceCoverage="100.0" branchCoverage="0.0" maxCyclomaticComplexity="0" minCyclomaticComplexity="0" maxCrapScore="0" minCrapScore="0" visitedClasses="1" numClasses="1" visitedMethods="1" numMethods="1" />
          <FullName>TestCoin/&lt;TestAudioStart&gt;d__5</FullName>
          <Methods>
            <Method visited="true" cyclomaticComplexity="0" nPathComplexity="0" sequenceCoverage="100.0" branchCoverage="0" crapScore="0" isConstructor="false" isStatic="false" isGetter="false" isSetter="false">
              <Summary numSequencePoints="9" visitedSequencePoints="9" numBranchPoints="0" visitedBranchPoints="0" sequenceCoverage="100.0" branchCoverage="0" maxCyclomaticComplexity="0" minCyclomaticComplexity="0" maxCrapScore="0" minCrapScore="0" visitedClasses="0" numClasses="0" visitedMethods="1" numMethods="1" />
              <MetadataToken>100663329</MetadataToken>
              <Name>System.Boolean TestCoin/&lt;TestAudioStart&gt;d__5::MoveNext()</Name>
              <FileRef uid="179" />
              <SequencePoints>
                <SequencePoint vc="1" uspid="136602" ordinal="0" offset="31" sl="108" sc="5" el="108" ec="5" bec="0" bev="0" fileid="179" />
                <SequencePoint vc="1" uspid="136603" ordinal="0" offset="32" sl="109" sc="9" el="109" ec="9" bec="0" bev="0" fileid="179" />
                <SequencePoint vc="1" uspid="136604" ordinal="0" offset="43" sl="111" sc="9" el="111" ec="9" bec="0" bev="0" fileid="179" />
                <SequencePoint vc="1" uspid="136605" ordinal="0" offset="60" sl="112" sc="9" el="112" ec="9" bec="0" bev="0" fileid="179" />
                <SequencePoint vc="1" uspid="136606" ordinal="0" offset="77" sl="114" sc="9" el="114" ec="9" bec="0" bev="0" fileid="179" />
                <SequencePoint vc="1" uspid="136607" ordinal="0" offset="90" sl="115" sc="9" el="115" ec="9" bec="0" bev="0" fileid="179" />
                <SequencePoint vc="1" uspid="136608" ordinal="0" offset="102" sl="117" sc="9" el="117" ec="9" bec="0" bev="0" fileid="179" />
                <SequencePoint vc="1" uspid="136609" ordinal="0" offset="125" sl="119" sc="9" el="119" ec="9" bec="0" bev="0" fileid="179" />
                <SequencePoint vc="1" uspid="136610" ordinal="0" offset="152" sl="120" sc="5" el="120" ec="5" bec="0" bev="0" fileid="179" />
              </SequencePoints>
              <BranchPoints />
            </Method>
          </Methods>
        </Class>
        <Class>
          <Summary numSequencePoints="10" visitedSequencePoints="10" numBranchPoints="0" visitedBranchPoints="0" sequenceCoverage="100.0" branchCoverage="0.0" maxCyclomaticComplexity="0" minCyclomaticComplexity="0" maxCrapScore="0" minCrapScore="0" visitedClasses="1" numClasses="1" visitedMethods="1" numMethods="1" />
          <FullName>TestCoin/&lt;TestInfoPanelStart&gt;d__6</FullName>
          <Methods>
            <Method visited="true" cyclomaticComplexity="0" nPathComplexity="0" sequenceCoverage="100.0" branchCoverage="0" crapScore="0" isConstructor="false" isStatic="false" isGetter="false" isSetter="false">
              <Summary numSequencePoints="10" visitedSequencePoints="10" numBranchPoints="0" visitedBranchPoints="0" sequenceCoverage="100.0" branchCoverage="0" maxCyclomaticComplexity="0" minCyclomaticComplexity="0" maxCrapScore="0" minCrapScore="0" visitedClasses="0" numClasses="0" visitedMethods="1" numMethods="1" />
              <MetadataToken>100663335</MetadataToken>
              <Name>System.Boolean TestCoin/&lt;TestInfoPanelStart&gt;d__6::MoveNext()</Name>
              <FileRef uid="179" />
              <SequencePoints>
                <SequencePoint vc="1" uspid="136611" ordinal="0" offset="31" sl="123" sc="5" el="123" ec="5" bec="0" bev="0" fileid="179" />
                <SequencePoint vc="1" uspid="136612" ordinal="0" offset="32" sl="124" sc="9" el="124" ec="9" bec="0" bev="0" fileid="179" />
                <SequencePoint vc="1" uspid="136613" ordinal="0" offset="48" sl="125" sc="9" el="125" ec="9" bec="0" bev="0" fileid="179" />
                <SequencePoint vc="1" uspid="136614" ordinal="0" offset="65" sl="127" sc="9" el="127" ec="9" bec="0" bev="0" fileid="179" />
                <SequencePoint vc="1" uspid="136615" ordinal="0" offset="81" sl="128" sc="9" el="128" ec="9" bec="0" bev="0" fileid="179" />
                <SequencePoint vc="1" uspid="136616" ordinal="0" offset="94" sl="129" sc="9" el="129" ec="9" bec="0" bev="0" fileid="179" />
                <SequencePoint vc="1" uspid="136617" ordinal="0" offset="111" sl="131" sc="9" el="131" ec="9" bec="0" bev="0" fileid="179" />
                <SequencePoint vc="1" uspid="136618" ordinal="0" offset="123" sl="132" sc="9" el="132" ec="9" bec="0" bev="0" fileid="179" />
                <SequencePoint vc="1" uspid="136619" ordinal="0" offset="146" sl="134" sc="9" el="134" ec="9" bec="0" bev="0" fileid="179" />
                <SequencePoint vc="1" uspid="136620" ordinal="0" offset="173" sl="135" sc="5" el="135" ec="5" bec="0" bev="0" fileid="179" />
              </SequencePoints>
              <BranchPoints />
            </Method>
          </Methods>
        </Class>
      </Classes>
    </Module>
  </Modules>
</CoverageSession>