<?xml version="1.0" encoding="utf-8"?>
<CoverageSession xmlns:xsd="http://www.w3.org/2001/XMLSchema" xmlns:xsi="http://www.w3.org/2001/XMLSchema-instance" Version="0.0.0.0">
  <Summary numSequencePoints="1538" visitedSequencePoints="833" numBranchPoints="0" visitedBranchPoints="0" sequenceCoverage="54.16" branchCoverage="0.0" maxCyclomaticComplexity="0" minCyclomaticComplexity="0" maxCrapScore="0" minCrapScore="0" visitedClasses="50" numClasses="72" visitedMethods="149" numMethods="223" />
  <Modules>
    <Module>
      <Summary numSequencePoints="334" visitedSequencePoints="222" numBranchPoints="0" visitedBranchPoints="0" sequenceCoverage="66.47" branchCoverage="0.0" maxCyclomaticComplexity="0" minCyclomaticComplexity="0" maxCrapScore="0" minCrapScore="0" visitedClasses="12" numClasses="12" visitedMethods="39" numMethods="39" />
      <ModuleTime>0001-01-01T00:00:00</ModuleTime>
      <ModuleName>Assembly-CSharp</ModuleName>
      <Files>
        <File uid="1" fullPath="C:/Document/Unity/DuAn1/Assets/EnemyMovement.cs" />
        <File uid="2" fullPath="C:/Document/Unity/DuAn1/Assets/Sang/Scripts/EnemyAI_test.cs" />
        <File uid="3" fullPath="C:/Document/Unity/DuAn1/Assets/Sang/Scripts/EnemyHealth_test.cs" />
        <File uid="4" fullPath="C:/Document/Unity/DuAn1/Assets/Sang/Scripts/EnemyPathfinding_test.cs" />
        <File uid="5" fullPath="C:/Document/Unity/DuAn1/Assets/Sang/Scripts/Flash_test.cs" />
        <File uid="6" fullPath="C:/Document/Unity/DuAn1/Assets/Sang/Scripts/Indestructible.cs" />
        <File uid="7" fullPath="C:/Document/Unity/DuAn1/Assets/Sang/Scripts/Knockback.cs" />
        <File uid="8" fullPath="C:/Document/Unity/DuAn1/Assets/Sang/Scripts/Player/Player_test.cs" />
        <File uid="9" fullPath="C:/Document/Unity/DuAn1/Assets/Sang/Scripts/Quai_1/Enemy_behaviour.cs" />
        <File uid="10" fullPath="C:/Document/Unity/DuAn1/Assets/Sang/Scripts/Quai_1/HotzoneCheck.cs" />
        <File uid="11" fullPath="C:/Document/Unity/DuAn1/Assets/Sang/Scripts/Quai_1/TriggerAreaCheck.cs" />
        <File uid="12" fullPath="C:/Document/Unity/DuAn1/Assets/Sang/Scripts/Shooter_test.cs" />
        <File uid="13" fullPath="C:/Document/Unity/DuAn1/Assets/Sang/Scripts/SlashAnim.cs" />
        <File uid="14" fullPath="C:/Document/Unity/DuAn1/Assets/Sang/Scripts/Traps/Trap_Fall.cs" />
        <File uid="15" fullPath="C:/Document/Unity/DuAn1/Assets/Sang/Scripts/Traps/Trap_suriken.cs" />
        <File uid="16" fullPath="C:/Document/Unity/DuAn1/Assets/TextMesh Pro/Examples &amp; Extras/Scripts/ChatController.cs" />
        <File uid="17" fullPath="C:/Document/Unity/DuAn1/Assets/TextMesh Pro/Examples &amp; Extras/Scripts/DropdownSample.cs" />
        <File uid="18" fullPath="C:/Document/Unity/DuAn1/Assets/TextMesh Pro/Examples &amp; Extras/Scripts/EnvMapAnimator.cs" />
        <File uid="19" fullPath="C:/Document/Unity/DuAn1/Assets/Tuong/Script/Audio/AudioManager2.cs" />
        <File uid="20" fullPath="C:/Document/Unity/DuAn1/Assets/Tuong/Script/Effect/Bomb.cs" />
        <File uid="21" fullPath="C:/Document/Unity/DuAn1/Assets/Tuong/Script/Effect/FireSound.cs" />
        <File uid="22" fullPath="C:/Document/Unity/DuAn1/Assets/Tuong/Script/Effect/PoisonPraticle.cs" />
        <File uid="23" fullPath="C:/Document/Unity/DuAn1/Assets/Tuong/Script/Enemy/all/bullet2.cs" />
        <File uid="24" fullPath="C:/Document/Unity/DuAn1/Assets/Tuong/Script/Enemy/all/ChaseController.cs" />
        <File uid="25" fullPath="C:/Document/Unity/DuAn1/Assets/Tuong/Script/Enemy/all/Enemy Bomb.cs" />
        <File uid="26" fullPath="C:/Document/Unity/DuAn1/Assets/Tuong/Script/Enemy/all/EnemyFly.cs" />
        <File uid="27" fullPath="C:/Document/Unity/DuAn1/Assets/Tuong/Script/Enemy/all/EnemySlime.cs" />
        <File uid="28" fullPath="C:/Document/Unity/DuAn1/Assets/Tuong/Script/Enemy/Enemy flying/EnemyFlying2.cs" />
        <File uid="29" fullPath="C:/Document/Unity/DuAn1/Assets/Tuong/Script/Enemy/EnemyFire/EnemyFire.cs" />
        <File uid="30" fullPath="C:/Document/Unity/DuAn1/Assets/Tuong/Script/Item/Chest.cs" />
        <File uid="31" fullPath="C:/Document/Unity/DuAn1/Assets/Tuong/Script/Item/Food.cs" />
        <File uid="32" fullPath="C:/Document/Unity/DuAn1/Assets/Tuong/Script/Login/Login.cs" />
        <File uid="33" fullPath="C:/Document/Unity/DuAn1/Assets/Tuong/Script/Login/Menu.cs" />
        <File uid="34" fullPath="C:/Document/Unity/DuAn1/Assets/Tuong/Script/Trap/FallingPlatform.cs" />
        <File uid="35" fullPath="C:/Document/Unity/DuAn1/Assets/Tuong/Script/Trap/RoatatingTrapIDle.cs" />
        <File uid="36" fullPath="C:/Document/Unity/DuAn1/Assets/Tuong/Script/Trap/RotatingTrap.cs" />
        <File uid="37" fullPath="C:/Document/Unity/DuAn1/Assets/Tuong/Script/Trap/Trap.cs" />
        <File uid="38" fullPath="C:/Document/Unity/DuAn1/Assets/Tuong/Script/UI/Coin.cs" />
        <File uid="39" fullPath="C:/Document/Unity/DuAn1/Assets/Tuong/Script/UI/Death.cs" />
        <File uid="40" fullPath="C:/Document/Unity/DuAn1/Assets/Tuong/Script/UI/Flag.cs" />
        <File uid="41" fullPath="C:/Document/Unity/DuAn1/Assets/Tuong/Script/UI/GameOver.cs" />
        <File uid="42" fullPath="C:/Document/Unity/DuAn1/Assets/Tuong/Script/UI/NPC store.cs" />
        <File uid="43" fullPath="C:/Document/Unity/DuAn1/Assets/Tuong/Script/UI/Update.cs" />
        <File uid="44" fullPath="C:/Document/Unity/DuAn1/Assets/TextMesh Pro/Examples &amp; Extras/Scripts/TMP_DigitValidator.cs" />
        <File uid="45" fullPath="C:/Document/Unity/DuAn1/Assets/TextMesh Pro/Examples &amp; Extras/Scripts/TMP_PhoneNumberValidator.cs" />
        <File uid="46" fullPath="C:/Document/Unity/DuAn1/Assets/TextMesh Pro/Examples &amp; Extras/Scripts/TMP_TextEventHandler.cs" />
        <File uid="47" fullPath="C:/Document/Unity/DuAn1/Assets/TextMesh Pro/Examples &amp; Extras/Scripts/Benchmark01.cs" />
        <File uid="48" fullPath="C:/Document/Unity/DuAn1/Assets/TextMesh Pro/Examples &amp; Extras/Scripts/Benchmark01_UGUI.cs" />
        <File uid="49" fullPath="C:/Document/Unity/DuAn1/Assets/TextMesh Pro/Examples &amp; Extras/Scripts/Benchmark02.cs" />
        <File uid="50" fullPath="C:/Document/Unity/DuAn1/Assets/TextMesh Pro/Examples &amp; Extras/Scripts/Benchmark03.cs" />
        <File uid="51" fullPath="C:/Document/Unity/DuAn1/Assets/TextMesh Pro/Examples &amp; Extras/Scripts/Benchmark04.cs" />
        <File uid="52" fullPath="C:/Document/Unity/DuAn1/Assets/TextMesh Pro/Examples &amp; Extras/Scripts/CameraController.cs" />
        <File uid="53" fullPath="C:/Document/Unity/DuAn1/Assets/TextMesh Pro/Examples &amp; Extras/Scripts/ObjectSpin.cs" />
        <File uid="54" fullPath="C:/Document/Unity/DuAn1/Assets/TextMesh Pro/Examples &amp; Extras/Scripts/ShaderPropAnimator.cs" />
        <File uid="55" fullPath="C:/Document/Unity/DuAn1/Assets/TextMesh Pro/Examples &amp; Extras/Scripts/SimpleScript.cs" />
        <File uid="56" fullPath="C:/Document/Unity/DuAn1/Assets/TextMesh Pro/Examples &amp; Extras/Scripts/SkewTextExample.cs" />
        <File uid="57" fullPath="C:/Document/Unity/DuAn1/Assets/TextMesh Pro/Examples &amp; Extras/Scripts/TeleType.cs" />
        <File uid="58" fullPath="C:/Document/Unity/DuAn1/Assets/TextMesh Pro/Examples &amp; Extras/Scripts/TextConsoleSimulator.cs" />
        <File uid="59" fullPath="C:/Document/Unity/DuAn1/Assets/TextMesh Pro/Examples &amp; Extras/Scripts/TextMeshProFloatingText.cs" />
        <File uid="60" fullPath="C:/Document/Unity/DuAn1/Assets/TextMesh Pro/Examples &amp; Extras/Scripts/TextMeshSpawner.cs" />
        <File uid="61" fullPath="C:/Document/Unity/DuAn1/Assets/TextMesh Pro/Examples &amp; Extras/Scripts/TMPro_InstructionOverlay.cs" />
        <File uid="62" fullPath="C:/Document/Unity/DuAn1/Assets/TextMesh Pro/Examples &amp; Extras/Scripts/TMP_ExampleScript_01.cs" />
        <File uid="63" fullPath="C:/Document/Unity/DuAn1/Assets/TextMesh Pro/Examples &amp; Extras/Scripts/TMP_FrameRateCounter.cs" />
        <File uid="64" fullPath="C:/Document/Unity/DuAn1/Assets/TextMesh Pro/Examples &amp; Extras/Scripts/TMP_TextEventCheck.cs" />
        <File uid="65" fullPath="C:/Document/Unity/DuAn1/Assets/TextMesh Pro/Examples &amp; Extras/Scripts/TMP_TextInfoDebugTool.cs" />
        <File uid="66" fullPath="C:/Document/Unity/DuAn1/Assets/TextMesh Pro/Examples &amp; Extras/Scripts/TMP_TextSelector_A.cs" />
        <File uid="67" fullPath="C:/Document/Unity/DuAn1/Assets/TextMesh Pro/Examples &amp; Extras/Scripts/TMP_TextSelector_B.cs" />
        <File uid="68" fullPath="C:/Document/Unity/DuAn1/Assets/TextMesh Pro/Examples &amp; Extras/Scripts/TMP_UiFrameRateCounter.cs" />
        <File uid="69" fullPath="C:/Document/Unity/DuAn1/Assets/TextMesh Pro/Examples &amp; Extras/Scripts/VertexColorCycler.cs" />
        <File uid="70" fullPath="C:/Document/Unity/DuAn1/Assets/TextMesh Pro/Examples &amp; Extras/Scripts/VertexJitter.cs" />
        <File uid="71" fullPath="C:/Document/Unity/DuAn1/Assets/TextMesh Pro/Examples &amp; Extras/Scripts/VertexShakeA.cs" />
        <File uid="72" fullPath="C:/Document/Unity/DuAn1/Assets/TextMesh Pro/Examples &amp; Extras/Scripts/VertexShakeB.cs" />
        <File uid="73" fullPath="C:/Document/Unity/DuAn1/Assets/TextMesh Pro/Examples &amp; Extras/Scripts/VertexZoom.cs" />
        <File uid="74" fullPath="C:/Document/Unity/DuAn1/Assets/TextMesh Pro/Examples &amp; Extras/Scripts/WarpTextExample.cs" />
      </Files>
      <Classes>
        <Class>
          <Summary numSequencePoints="7" visitedSequencePoints="7" numBranchPoints="0" visitedBranchPoints="0" sequenceCoverage="100.0" branchCoverage="0.0" maxCyclomaticComplexity="0" minCyclomaticComplexity="0" maxCrapScore="0" minCrapScore="0" visitedClasses="1" numClasses="1" visitedMethods="1" numMethods="1" />
          <FullName>AudioManager2</FullName>
          <Methods>
            <Method visited="true" cyclomaticComplexity="0" nPathComplexity="0" sequenceCoverage="100.0" branchCoverage="0" crapScore="0" isConstructor="false" isStatic="false" isGetter="false" isSetter="false">
              <Summary numSequencePoints="7" visitedSequencePoints="7" numBranchPoints="0" visitedBranchPoints="0" sequenceCoverage="100.0" branchCoverage="0" maxCyclomaticComplexity="0" minCyclomaticComplexity="0" maxCrapScore="0" minCrapScore="0" visitedClasses="0" numClasses="0" visitedMethods="1" numMethods="1" />
              <MetadataToken>100663400</MetadataToken>
              <Name>System.Void AudioManager2::Start()</Name>
              <FileRef uid="19" />
              <SequencePoints>
                <SequencePoint vc="7" uspid="34708" ordinal="0" offset="0" sl="12" sc="5" el="12" ec="5" bec="0" bev="0" fileid="19" />
                <SequencePoint vc="7" uspid="34709" ordinal="0" offset="1" sl="13" sc="9" el="13" ec="9" bec="0" bev="0" fileid="19" />
                <SequencePoint vc="7" uspid="34710" ordinal="0" offset="15" sl="14" sc="9" el="14" ec="9" bec="0" bev="0" fileid="19" />
                <SequencePoint vc="7" uspid="34711" ordinal="0" offset="16" sl="15" sc="13" el="15" ec="13" bec="0" bev="0" fileid="19" />
                <SequencePoint vc="7" uspid="34712" ordinal="0" offset="41" sl="16" sc="9" el="16" ec="9" bec="0" bev="0" fileid="19" />
                <SequencePoint vc="7" uspid="34713" ordinal="0" offset="42" sl="17" sc="9" el="17" ec="9" bec="0" bev="0" fileid="19" />
                <SequencePoint vc="7" uspid="34714" ordinal="0" offset="71" sl="18" sc="5" el="18" ec="5" bec="0" bev="0" fileid="19" />
              </SequencePoints>
              <BranchPoints />
            </Method>
          </Methods>
        </Class>
        <Class>
          <Summary numSequencePoints="25" visitedSequencePoints="17" numBranchPoints="0" visitedBranchPoints="0" sequenceCoverage="68.00" branchCoverage="0.0" maxCyclomaticComplexity="0" minCyclomaticComplexity="0" maxCrapScore="0" minCrapScore="0" visitedClasses="1" numClasses="1" visitedMethods="3" numMethods="3" />
          <FullName>Bomb</FullName>
          <Methods>
            <Method visited="true" cyclomaticComplexity="0" nPathComplexity="0" sequenceCoverage="100.0" branchCoverage="0" crapScore="0" isConstructor="false" isStatic="false" isGetter="false" isSetter="false">
              <Summary numSequencePoints="8" visitedSequencePoints="8" numBranchPoints="0" visitedBranchPoints="0" sequenceCoverage="100.0" branchCoverage="0" maxCyclomaticComplexity="0" minCyclomaticComplexity="0" maxCrapScore="0" minCrapScore="0" visitedClasses="0" numClasses="0" visitedMethods="1" numMethods="1" />
              <MetadataToken>100663403</MetadataToken>
              <Name>System.Void Bomb::Start()</Name>
              <FileRef uid="20" />
              <SequencePoints>
                <SequencePoint vc="14" uspid="34724" ordinal="0" offset="0" sl="26" sc="5" el="26" ec="5" bec="0" bev="0" fileid="20" />
                <SequencePoint vc="14" uspid="34725" ordinal="0" offset="1" sl="27" sc="9" el="27" ec="9" bec="0" bev="0" fileid="20" />
                <SequencePoint vc="14" uspid="34726" ordinal="0" offset="17" sl="28" sc="9" el="28" ec="9" bec="0" bev="0" fileid="20" />
                <SequencePoint vc="14" uspid="34727" ordinal="0" offset="29" sl="29" sc="9" el="29" ec="9" bec="0" bev="0" fileid="20" />
                <SequencePoint vc="14" uspid="34728" ordinal="0" offset="41" sl="30" sc="9" el="30" ec="9" bec="0" bev="0" fileid="20" />
                <SequencePoint vc="14" uspid="34729" ordinal="0" offset="58" sl="31" sc="9" el="31" ec="9" bec="0" bev="0" fileid="20" />
                <SequencePoint vc="14" uspid="34730" ordinal="0" offset="70" sl="32" sc="9" el="32" ec="9" bec="0" bev="0" fileid="20" />
                <SequencePoint vc="14" uspid="34731" ordinal="0" offset="82" sl="33" sc="5" el="33" ec="5" bec="0" bev="0" fileid="20" />
              </SequencePoints>
              <BranchPoints />
            </Method>
            <Method visited="true" cyclomaticComplexity="0" nPathComplexity="0" sequenceCoverage="46.67" branchCoverage="0" crapScore="0" isConstructor="false" isStatic="false" isGetter="false" isSetter="false">
              <Summary numSequencePoints="15" visitedSequencePoints="7" numBranchPoints="0" visitedBranchPoints="0" sequenceCoverage="46.67" branchCoverage="0" maxCyclomaticComplexity="0" minCyclomaticComplexity="0" maxCrapScore="0" minCrapScore="0" visitedClasses="0" numClasses="0" visitedMethods="1" numMethods="1" />
              <MetadataToken>100663404</MetadataToken>
              <Name>System.Void Bomb::Update()</Name>
              <FileRef uid="20" />
              <SequencePoints>
                <SequencePoint vc="2288" uspid="34732" ordinal="0" offset="0" sl="35" sc="5" el="35" ec="5" bec="0" bev="0" fileid="20" />
                <SequencePoint vc="2288" uspid="34733" ordinal="0" offset="1" sl="36" sc="9" el="36" ec="9" bec="0" bev="0" fileid="20" />
                <SequencePoint vc="2288" uspid="34734" ordinal="0" offset="34" sl="37" sc="9" el="37" ec="9" bec="0" bev="0" fileid="20" />
                <SequencePoint vc="2288" uspid="34735" ordinal="0" offset="35" sl="38" sc="13" el="38" ec="13" bec="0" bev="0" fileid="20" />
                <SequencePoint vc="2288" uspid="34736" ordinal="0" offset="78" sl="39" sc="13" el="39" ec="13" bec="0" bev="0" fileid="20" />
                <SequencePoint vc="0" uspid="34737" ordinal="0" offset="94" sl="40" sc="13" el="40" ec="13" bec="0" bev="0" fileid="20" />
                <SequencePoint vc="0" uspid="34738" ordinal="0" offset="95" sl="41" sc="17" el="41" ec="17" bec="0" bev="0" fileid="20" />
                <SequencePoint vc="0" uspid="34739" ordinal="0" offset="108" sl="42" sc="17" el="42" ec="17" bec="0" bev="0" fileid="20" />
                <SequencePoint vc="0" uspid="34740" ordinal="0" offset="115" sl="43" sc="17" el="43" ec="17" bec="0" bev="0" fileid="20" />
                <SequencePoint vc="0" uspid="34741" ordinal="0" offset="128" sl="44" sc="17" el="44" ec="17" bec="0" bev="0" fileid="20" />
                <SequencePoint vc="0" uspid="34742" ordinal="0" offset="140" sl="45" sc="17" el="45" ec="17" bec="0" bev="0" fileid="20" />
                <SequencePoint vc="0" uspid="34743" ordinal="0" offset="153" sl="46" sc="17" el="46" ec="17" bec="0" bev="0" fileid="20" />
                <SequencePoint vc="0" uspid="34744" ordinal="0" offset="178" sl="47" sc="13" el="47" ec="13" bec="0" bev="0" fileid="20" />
                <SequencePoint vc="2288" uspid="34745" ordinal="0" offset="179" sl="48" sc="9" el="48" ec="9" bec="0" bev="0" fileid="20" />
                <SequencePoint vc="2288" uspid="34746" ordinal="0" offset="180" sl="49" sc="5" el="49" ec="5" bec="0" bev="0" fileid="20" />
              </SequencePoints>
              <BranchPoints />
            </Method>
            <Method visited="true" cyclomaticComplexity="0" nPathComplexity="0" sequenceCoverage="100.0" branchCoverage="0" crapScore="0" isConstructor="true" isStatic="false" isGetter="false" isSetter="false">
              <Summary numSequencePoints="2" visitedSequencePoints="2" numBranchPoints="0" visitedBranchPoints="0" sequenceCoverage="100.0" branchCoverage="0" maxCyclomaticComplexity="0" minCyclomaticComplexity="0" maxCrapScore="0" minCrapScore="0" visitedClasses="0" numClasses="0" visitedMethods="1" numMethods="1" />
              <MetadataToken>100663411</MetadataToken>
              <Name>Bomb::Bomb()</Name>
              <FileRef uid="20" />
              <SequencePoints>
                <SequencePoint vc="20" uspid="34774" ordinal="0" offset="0" sl="13" sc="5" el="13" ec="5" bec="0" bev="0" fileid="20" />
                <SequencePoint vc="20" uspid="34775" ordinal="0" offset="7" sl="15" sc="5" el="15" ec="5" bec="0" bev="0" fileid="20" />
              </SequencePoints>
              <BranchPoints />
            </Method>
          </Methods>
        </Class>
        <Class>
          <Summary numSequencePoints="17" visitedSequencePoints="7" numBranchPoints="0" visitedBranchPoints="0" sequenceCoverage="41.18" branchCoverage="0.0" maxCyclomaticComplexity="0" minCyclomaticComplexity="0" maxCrapScore="0" minCrapScore="0" visitedClasses="1" numClasses="1" visitedMethods="3" numMethods="3" />
          <FullName>PoisonPraticle</FullName>
          <Methods>
            <Method visited="true" cyclomaticComplexity="0" nPathComplexity="0" sequenceCoverage="33.33" branchCoverage="0" crapScore="0" isConstructor="false" isStatic="false" isGetter="false" isSetter="false">
              <Summary numSequencePoints="9" visitedSequencePoints="3" numBranchPoints="0" visitedBranchPoints="0" sequenceCoverage="33.33" branchCoverage="0" maxCyclomaticComplexity="0" minCyclomaticComplexity="0" maxCrapScore="0" minCrapScore="0" visitedClasses="0" numClasses="0" visitedMethods="1" numMethods="1" />
              <MetadataToken>100663416</MetadataToken>
              <Name>System.Void PoisonPraticle::OnTriggerEnter2D(UnityEngine.Collider2D)</Name>
              <FileRef uid="22" />
              <SequencePoints>
                <SequencePoint vc="69" uspid="34791" ordinal="0" offset="0" sl="12" sc="5" el="12" ec="5" bec="0" bev="0" fileid="22" />
                <SequencePoint vc="69" uspid="34792" ordinal="0" offset="1" sl="13" sc="9" el="13" ec="9" bec="0" bev="0" fileid="22" />
                <SequencePoint vc="0" uspid="34793" ordinal="0" offset="26" sl="14" sc="9" el="14" ec="9" bec="0" bev="0" fileid="22" />
                <SequencePoint vc="0" uspid="34794" ordinal="0" offset="27" sl="15" sc="13" el="15" ec="13" bec="0" bev="0" fileid="22" />
                <SequencePoint vc="0" uspid="34795" ordinal="0" offset="40" sl="16" sc="13" el="16" ec="13" bec="0" bev="0" fileid="22" />
                <SequencePoint vc="0" uspid="34796" ordinal="0" offset="41" sl="17" sc="17" el="17" ec="17" bec="0" bev="0" fileid="22" />
                <SequencePoint vc="0" uspid="34797" ordinal="0" offset="60" sl="18" sc="13" el="18" ec="13" bec="0" bev="0" fileid="22" />
                <SequencePoint vc="0" uspid="34798" ordinal="0" offset="61" sl="19" sc="9" el="19" ec="9" bec="0" bev="0" fileid="22" />
                <SequencePoint vc="69" uspid="34799" ordinal="0" offset="62" sl="20" sc="5" el="20" ec="5" bec="0" bev="0" fileid="22" />
              </SequencePoints>
              <BranchPoints />
            </Method>
            <Method visited="true" cyclomaticComplexity="0" nPathComplexity="0" sequenceCoverage="42.86" branchCoverage="0" crapScore="0" isConstructor="false" isStatic="false" isGetter="false" isSetter="false">
              <Summary numSequencePoints="7" visitedSequencePoints="3" numBranchPoints="0" visitedBranchPoints="0" sequenceCoverage="42.86" branchCoverage="0" maxCyclomaticComplexity="0" minCyclomaticComplexity="0" maxCrapScore="0" minCrapScore="0" visitedClasses="0" numClasses="0" visitedMethods="1" numMethods="1" />
              <MetadataToken>100663418</MetadataToken>
              <Name>System.Void PoisonPraticle::OnTriggerExit2D(UnityEngine.Collider2D)</Name>
              <FileRef uid="22" />
              <SequencePoints>
                <SequencePoint vc="69" uspid="34800" ordinal="0" offset="0" sl="35" sc="5" el="35" ec="5" bec="0" bev="0" fileid="22" />
                <SequencePoint vc="69" uspid="34801" ordinal="0" offset="1" sl="36" sc="9" el="36" ec="9" bec="0" bev="0" fileid="22" />
                <SequencePoint vc="0" uspid="34802" ordinal="0" offset="26" sl="37" sc="9" el="37" ec="9" bec="0" bev="0" fileid="22" />
                <SequencePoint vc="0" uspid="34803" ordinal="0" offset="27" sl="38" sc="13" el="38" ec="13" bec="0" bev="0" fileid="22" />
                <SequencePoint vc="0" uspid="34804" ordinal="0" offset="46" sl="39" sc="13" el="39" ec="13" bec="0" bev="0" fileid="22" />
                <SequencePoint vc="0" uspid="34805" ordinal="0" offset="53" sl="40" sc="9" el="40" ec="9" bec="0" bev="0" fileid="22" />
                <SequencePoint vc="69" uspid="34806" ordinal="0" offset="54" sl="41" sc="5" el="41" ec="5" bec="0" bev="0" fileid="22" />
              </SequencePoints>
              <BranchPoints />
            </Method>
            <Method visited="true" cyclomaticComplexity="0" nPathComplexity="0" sequenceCoverage="100.0" branchCoverage="0" crapScore="0" isConstructor="true" isStatic="false" isGetter="false" isSetter="false">
              <Summary numSequencePoints="1" visitedSequencePoints="1" numBranchPoints="0" visitedBranchPoints="0" sequenceCoverage="100.0" branchCoverage="0" maxCyclomaticComplexity="0" minCyclomaticComplexity="0" maxCrapScore="0" minCrapScore="0" visitedClasses="0" numClasses="0" visitedMethods="1" numMethods="1" />
              <MetadataToken>100663419</MetadataToken>
              <Name>PoisonPraticle::PoisonPraticle()</Name>
              <FileRef uid="22" />
              <SequencePoints>
                <SequencePoint vc="73" uspid="34807" ordinal="0" offset="0" sl="9" sc="5" el="9" ec="5" bec="0" bev="0" fileid="22" />
              </SequencePoints>
              <BranchPoints />
            </Method>
          </Methods>
        </Class>
        <Class>
          <Summary numSequencePoints="3" visitedSequencePoints="3" numBranchPoints="0" visitedBranchPoints="0" sequenceCoverage="100.0" branchCoverage="0.0" maxCyclomaticComplexity="0" minCyclomaticComplexity="0" maxCrapScore="0" minCrapScore="0" visitedClasses="1" numClasses="1" visitedMethods="1" numMethods="1" />
          <FullName>bullet2</FullName>
          <Methods>
            <Method visited="true" cyclomaticComplexity="0" nPathComplexity="0" sequenceCoverage="100.0" branchCoverage="0" crapScore="0" isConstructor="true" isStatic="false" isGetter="false" isSetter="false">
              <Summary numSequencePoints="3" visitedSequencePoints="3" numBranchPoints="0" visitedBranchPoints="0" sequenceCoverage="100.0" branchCoverage="0" maxCyclomaticComplexity="0" minCyclomaticComplexity="0" maxCrapScore="0" minCrapScore="0" visitedClasses="0" numClasses="0" visitedMethods="1" numMethods="1" />
              <MetadataToken>100663425</MetadataToken>
              <Name>bullet2::bullet2()</Name>
              <FileRef uid="23" />
              <SequencePoints>
                <SequencePoint vc="1" uspid="34848" ordinal="0" offset="0" sl="16" sc="5" el="16" ec="5" bec="0" bev="0" fileid="23" />
                <SequencePoint vc="1" uspid="34849" ordinal="0" offset="11" sl="17" sc="5" el="17" ec="5" bec="0" bev="0" fileid="23" />
                <SequencePoint vc="1" uspid="34850" ordinal="0" offset="22" sl="18" sc="5" el="18" ec="5" bec="0" bev="0" fileid="23" />
              </SequencePoints>
              <BranchPoints />
            </Method>
          </Methods>
        </Class>
        <Class>
          <Summary numSequencePoints="82" visitedSequencePoints="49" numBranchPoints="0" visitedBranchPoints="0" sequenceCoverage="59.76" branchCoverage="0.0" maxCyclomaticComplexity="0" minCyclomaticComplexity="0" maxCrapScore="0" minCrapScore="0" visitedClasses="1" numClasses="1" visitedMethods="7" numMethods="7" />
          <FullName>EnemyBomb</FullName>
          <Methods>
            <Method visited="true" cyclomaticComplexity="0" nPathComplexity="0" sequenceCoverage="100.0" branchCoverage="0" crapScore="0" isConstructor="false" isStatic="false" isGetter="false" isSetter="false">
              <Summary numSequencePoints="7" visitedSequencePoints="7" numBranchPoints="0" visitedBranchPoints="0" sequenceCoverage="100.0" branchCoverage="0" maxCyclomaticComplexity="0" minCyclomaticComplexity="0" maxCrapScore="0" minCrapScore="0" visitedClasses="0" numClasses="0" visitedMethods="1" numMethods="1" />
              <MetadataToken>100663429</MetadataToken>
              <Name>System.Void EnemyBomb::Start()</Name>
              <FileRef uid="25" />
              <SequencePoints>
                <SequencePoint vc="14" uspid="34875" ordinal="0" offset="0" sl="35" sc="5" el="35" ec="5" bec="0" bev="0" fileid="25" />
                <SequencePoint vc="14" uspid="34876" ordinal="0" offset="1" sl="36" sc="9" el="36" ec="9" bec="0" bev="0" fileid="25" />
                <SequencePoint vc="14" uspid="34877" ordinal="0" offset="22" sl="37" sc="9" el="37" ec="9" bec="0" bev="0" fileid="25" />
                <SequencePoint vc="14" uspid="34878" ordinal="0" offset="34" sl="38" sc="9" el="38" ec="9" bec="0" bev="0" fileid="25" />
                <SequencePoint vc="14" uspid="34879" ordinal="0" offset="46" sl="39" sc="9" el="39" ec="9" bec="0" bev="0" fileid="25" />
                <SequencePoint vc="14" uspid="34880" ordinal="0" offset="68" sl="40" sc="9" el="40" ec="9" bec="0" bev="0" fileid="25" />
                <SequencePoint vc="14" uspid="34881" ordinal="0" offset="86" sl="41" sc="5" el="41" ec="5" bec="0" bev="0" fileid="25" />
              </SequencePoints>
              <BranchPoints />
            </Method>
            <Method visited="true" cyclomaticComplexity="0" nPathComplexity="0" sequenceCoverage="62.50" branchCoverage="0" crapScore="0" isConstructor="false" isStatic="false" isGetter="false" isSetter="false">
              <Summary numSequencePoints="8" visitedSequencePoints="5" numBranchPoints="0" visitedBranchPoints="0" sequenceCoverage="62.50" branchCoverage="0" maxCyclomaticComplexity="0" minCyclomaticComplexity="0" maxCrapScore="0" minCrapScore="0" visitedClasses="0" numClasses="0" visitedMethods="1" numMethods="1" />
              <MetadataToken>100663430</MetadataToken>
              <Name>System.Void EnemyBomb::Update()</Name>
              <FileRef uid="25" />
              <SequencePoints>
                <SequencePoint vc="2288" uspid="34882" ordinal="0" offset="0" sl="44" sc="5" el="44" ec="5" bec="0" bev="0" fileid="25" />
                <SequencePoint vc="2288" uspid="34883" ordinal="0" offset="1" sl="45" sc="9" el="45" ec="9" bec="0" bev="0" fileid="25" />
                <SequencePoint vc="0" uspid="34884" ordinal="0" offset="11" sl="46" sc="9" el="46" ec="9" bec="0" bev="0" fileid="25" />
                <SequencePoint vc="0" uspid="34885" ordinal="0" offset="12" sl="47" sc="13" el="47" ec="13" bec="0" bev="0" fileid="25" />
                <SequencePoint vc="2288" uspid="34886" ordinal="0" offset="14" sl="50" sc="9" el="50" ec="9" bec="0" bev="0" fileid="25" />
                <SequencePoint vc="0" uspid="34887" ordinal="0" offset="30" sl="51" sc="13" el="51" ec="13" bec="0" bev="0" fileid="25" />
                <SequencePoint vc="2288" uspid="34888" ordinal="0" offset="32" sl="53" sc="9" el="53" ec="9" bec="0" bev="0" fileid="25" />
                <SequencePoint vc="2288" uspid="34889" ordinal="0" offset="39" sl="54" sc="5" el="54" ec="5" bec="0" bev="0" fileid="25" />
              </SequencePoints>
              <BranchPoints />
            </Method>
            <Method visited="true" cyclomaticComplexity="0" nPathComplexity="0" sequenceCoverage="38.10" branchCoverage="0" crapScore="0" isConstructor="false" isStatic="false" isGetter="false" isSetter="false">
              <Summary numSequencePoints="21" visitedSequencePoints="8" numBranchPoints="0" visitedBranchPoints="0" sequenceCoverage="38.10" branchCoverage="0" maxCyclomaticComplexity="0" minCyclomaticComplexity="0" maxCrapScore="0" minCrapScore="0" visitedClasses="0" numClasses="0" visitedMethods="1" numMethods="1" />
              <MetadataToken>100663431</MetadataToken>
              <Name>System.Void EnemyBomb::Chase()</Name>
              <FileRef uid="25" />
              <SequencePoints>
                <SequencePoint vc="2288" uspid="34890" ordinal="0" offset="0" sl="57" sc="5" el="57" ec="5" bec="0" bev="0" fileid="25" />
                <SequencePoint vc="2288" uspid="34891" ordinal="0" offset="1" sl="58" sc="9" el="58" ec="9" bec="0" bev="0" fileid="25" />
                <SequencePoint vc="2288" uspid="34892" ordinal="0" offset="44" sl="59" sc="9" el="59" ec="9" bec="0" bev="0" fileid="25" />
                <SequencePoint vc="2288" uspid="34893" ordinal="0" offset="165" sl="61" sc="9" el="61" ec="9" bec="0" bev="0" fileid="25" />
                <SequencePoint vc="2288" uspid="34894" ordinal="0" offset="173" sl="62" sc="9" el="62" ec="9" bec="0" bev="0" fileid="25" />
                <SequencePoint vc="2288" uspid="34895" ordinal="0" offset="174" sl="63" sc="13" el="63" ec="13" bec="0" bev="0" fileid="25" />
                <SequencePoint vc="2288" uspid="34896" ordinal="0" offset="181" sl="64" sc="13" el="64" ec="13" bec="0" bev="0" fileid="25" />
                <SequencePoint vc="0" uspid="34897" ordinal="0" offset="186" sl="66" sc="9" el="66" ec="9" bec="0" bev="0" fileid="25" />
                <SequencePoint vc="0" uspid="34898" ordinal="0" offset="226" sl="67" sc="9" el="67" ec="9" bec="0" bev="0" fileid="25" />
                <SequencePoint vc="0" uspid="34899" ordinal="0" offset="227" sl="68" sc="13" el="68" ec="13" bec="0" bev="0" fileid="25" />
                <SequencePoint vc="0" uspid="34900" ordinal="0" offset="245" sl="69" sc="13" el="69" ec="13" bec="0" bev="0" fileid="25" />
                <SequencePoint vc="0" uspid="34901" ordinal="0" offset="258" sl="70" sc="13" el="70" ec="13" bec="0" bev="0" fileid="25" />
                <SequencePoint vc="0" uspid="34902" ordinal="0" offset="275" sl="71" sc="9" el="71" ec="9" bec="0" bev="0" fileid="25" />
                <SequencePoint vc="0" uspid="34903" ordinal="0" offset="281" sl="72" sc="14" el="72" ec="14" bec="0" bev="0" fileid="25" />
                <SequencePoint vc="0" uspid="34904" ordinal="0" offset="307" sl="73" sc="9" el="73" ec="9" bec="0" bev="0" fileid="25" />
                <SequencePoint vc="0" uspid="34905" ordinal="0" offset="308" sl="74" sc="13" el="74" ec="13" bec="0" bev="0" fileid="25" />
                <SequencePoint vc="0" uspid="34906" ordinal="0" offset="379" sl="75" sc="13" el="75" ec="13" bec="0" bev="0" fileid="25" />
                <SequencePoint vc="0" uspid="34907" ordinal="0" offset="397" sl="76" sc="13" el="76" ec="13" bec="0" bev="0" fileid="25" />
                <SequencePoint vc="0" uspid="34908" ordinal="0" offset="415" sl="77" sc="13" el="77" ec="13" bec="0" bev="0" fileid="25" />
                <SequencePoint vc="0" uspid="34909" ordinal="0" offset="422" sl="78" sc="9" el="78" ec="9" bec="0" bev="0" fileid="25" />
                <SequencePoint vc="2288" uspid="34910" ordinal="0" offset="423" sl="79" sc="5" el="79" ec="5" bec="0" bev="0" fileid="25" />
              </SequencePoints>
              <BranchPoints />
            </Method>
            <Method visited="true" cyclomaticComplexity="0" nPathComplexity="0" sequenceCoverage="54.55" branchCoverage="0" crapScore="0" isConstructor="false" isStatic="false" isGetter="false" isSetter="false">
              <Summary numSequencePoints="11" visitedSequencePoints="6" numBranchPoints="0" visitedBranchPoints="0" sequenceCoverage="54.55" branchCoverage="0" maxCyclomaticComplexity="0" minCyclomaticComplexity="0" maxCrapScore="0" minCrapScore="0" visitedClasses="0" numClasses="0" visitedMethods="1" numMethods="1" />
              <MetadataToken>100663432</MetadataToken>
              <Name>System.Void EnemyBomb::ReturnToStartingPointOrPatrol()</Name>
              <FileRef uid="25" />
              <SequencePoints>
                <SequencePoint vc="2288" uspid="34911" ordinal="0" offset="0" sl="82" sc="5" el="82" ec="5" bec="0" bev="0" fileid="25" />
                <SequencePoint vc="2288" uspid="34912" ordinal="0" offset="1" sl="83" sc="9" el="83" ec="9" bec="0" bev="0" fileid="25" />
                <SequencePoint vc="2288" uspid="34913" ordinal="0" offset="15" sl="84" sc="9" el="84" ec="9" bec="0" bev="0" fileid="25" />
                <SequencePoint vc="2288" uspid="34914" ordinal="0" offset="16" sl="85" sc="13" el="85" ec="13" bec="0" bev="0" fileid="25" />
                <SequencePoint vc="2288" uspid="34915" ordinal="0" offset="23" sl="86" sc="9" el="86" ec="9" bec="0" bev="0" fileid="25" />
                <SequencePoint vc="0" uspid="34916" ordinal="0" offset="26" sl="88" sc="9" el="88" ec="9" bec="0" bev="0" fileid="25" />
                <SequencePoint vc="0" uspid="34917" ordinal="0" offset="27" sl="89" sc="13" el="89" ec="13" bec="0" bev="0" fileid="25" />
                <SequencePoint vc="0" uspid="34918" ordinal="0" offset="83" sl="90" sc="13" el="90" ec="13" bec="0" bev="0" fileid="25" />
                <SequencePoint vc="0" uspid="34919" ordinal="0" offset="101" sl="91" sc="13" el="91" ec="13" bec="0" bev="0" fileid="25" />
                <SequencePoint vc="0" uspid="34920" ordinal="0" offset="108" sl="92" sc="9" el="92" ec="9" bec="0" bev="0" fileid="25" />
                <SequencePoint vc="2288" uspid="34921" ordinal="0" offset="109" sl="93" sc="5" el="93" ec="5" bec="0" bev="0" fileid="25" />
              </SequencePoints>
              <BranchPoints />
            </Method>
            <Method visited="true" cyclomaticComplexity="0" nPathComplexity="0" sequenceCoverage="55.00" branchCoverage="0" crapScore="0" isConstructor="false" isStatic="false" isGetter="false" isSetter="false">
              <Summary numSequencePoints="20" visitedSequencePoints="11" numBranchPoints="0" visitedBranchPoints="0" sequenceCoverage="55.00" branchCoverage="0" maxCyclomaticComplexity="0" minCyclomaticComplexity="0" maxCrapScore="0" minCrapScore="0" visitedClasses="0" numClasses="0" visitedMethods="1" numMethods="1" />
              <MetadataToken>100663433</MetadataToken>
              <Name>System.Void EnemyBomb::Patrol()</Name>
              <FileRef uid="25" />
              <SequencePoints>
                <SequencePoint vc="2288" uspid="34922" ordinal="0" offset="0" sl="96" sc="5" el="96" ec="5" bec="0" bev="0" fileid="25" />
                <SequencePoint vc="2288" uspid="34923" ordinal="0" offset="1" sl="97" sc="9" el="97" ec="9" bec="0" bev="0" fileid="25" />
                <SequencePoint vc="0" uspid="34924" ordinal="0" offset="15" sl="97" sc="39" el="97" ec="39" bec="0" bev="0" fileid="25" />
                <SequencePoint vc="2288" uspid="34925" ordinal="0" offset="20" sl="99" sc="9" el="99" ec="9" bec="0" bev="0" fileid="25" />
                <SequencePoint vc="2288" uspid="34926" ordinal="0" offset="34" sl="100" sc="9" el="100" ec="9" bec="0" bev="0" fileid="25" />
                <SequencePoint vc="2288" uspid="34927" ordinal="0" offset="95" sl="101" sc="9" el="101" ec="9" bec="0" bev="0" fileid="25" />
                <SequencePoint vc="2288" uspid="34928" ordinal="0" offset="103" sl="103" sc="9" el="103" ec="9" bec="0" bev="0" fileid="25" />
                <SequencePoint vc="0" uspid="34929" ordinal="0" offset="146" sl="104" sc="9" el="104" ec="9" bec="0" bev="0" fileid="25" />
                <SequencePoint vc="0" uspid="34930" ordinal="0" offset="147" sl="105" sc="13" el="105" ec="13" bec="0" bev="0" fileid="25" />
                <SequencePoint vc="0" uspid="34931" ordinal="0" offset="165" sl="106" sc="13" el="106" ec="13" bec="0" bev="0" fileid="25" />
                <SequencePoint vc="0" uspid="34932" ordinal="0" offset="186" sl="107" sc="13" el="107" ec="13" bec="0" bev="0" fileid="25" />
                <SequencePoint vc="0" uspid="34933" ordinal="0" offset="187" sl="108" sc="17" el="108" ec="17" bec="0" bev="0" fileid="25" />
                <SequencePoint vc="0" uspid="34934" ordinal="0" offset="210" sl="109" sc="17" el="109" ec="17" bec="0" bev="0" fileid="25" />
                <SequencePoint vc="0" uspid="34935" ordinal="0" offset="221" sl="110" sc="13" el="110" ec="13" bec="0" bev="0" fileid="25" />
                <SequencePoint vc="0" uspid="34936" ordinal="0" offset="222" sl="111" sc="9" el="111" ec="9" bec="0" bev="0" fileid="25" />
                <SequencePoint vc="2288" uspid="34937" ordinal="0" offset="225" sl="113" sc="9" el="113" ec="9" bec="0" bev="0" fileid="25" />
                <SequencePoint vc="2288" uspid="34938" ordinal="0" offset="226" sl="114" sc="13" el="114" ec="13" bec="0" bev="0" fileid="25" />
                <SequencePoint vc="2288" uspid="34939" ordinal="0" offset="237" sl="115" sc="9" el="115" ec="9" bec="0" bev="0" fileid="25" />
                <SequencePoint vc="2288" uspid="34940" ordinal="0" offset="238" sl="117" sc="9" el="117" ec="9" bec="0" bev="0" fileid="25" />
                <SequencePoint vc="2288" uspid="34941" ordinal="0" offset="256" sl="118" sc="5" el="118" ec="5" bec="0" bev="0" fileid="25" />
              </SequencePoints>
              <BranchPoints />
            </Method>
            <Method visited="true" cyclomaticComplexity="0" nPathComplexity="0" sequenceCoverage="66.67" branchCoverage="0" crapScore="0" isConstructor="false" isStatic="false" isGetter="false" isSetter="false">
              <Summary numSequencePoints="9" visitedSequencePoints="6" numBranchPoints="0" visitedBranchPoints="0" sequenceCoverage="66.67" branchCoverage="0" maxCyclomaticComplexity="0" minCyclomaticComplexity="0" maxCrapScore="0" minCrapScore="0" visitedClasses="0" numClasses="0" visitedMethods="1" numMethods="1" />
              <MetadataToken>100663438</MetadataToken>
              <Name>System.Void EnemyBomb::FlipTowardsPatrolPoint(UnityEngine.Transform)</Name>
              <FileRef uid="25" />
              <SequencePoints>
                <SequencePoint vc="2288" uspid="34985" ordinal="0" offset="0" sl="180" sc="5" el="180" ec="5" bec="0" bev="0" fileid="25" />
                <SequencePoint vc="2288" uspid="34986" ordinal="0" offset="1" sl="181" sc="9" el="181" ec="9" bec="0" bev="0" fileid="25" />
                <SequencePoint vc="2288" uspid="34987" ordinal="0" offset="34" sl="182" sc="9" el="182" ec="9" bec="0" bev="0" fileid="25" />
                <SequencePoint vc="2288" uspid="34988" ordinal="0" offset="35" sl="183" sc="13" el="183" ec="13" bec="0" bev="0" fileid="25" />
                <SequencePoint vc="2288" uspid="34989" ordinal="0" offset="67" sl="184" sc="9" el="184" ec="9" bec="0" bev="0" fileid="25" />
                <SequencePoint vc="0" uspid="34990" ordinal="0" offset="70" sl="186" sc="9" el="186" ec="9" bec="0" bev="0" fileid="25" />
                <SequencePoint vc="0" uspid="34991" ordinal="0" offset="71" sl="187" sc="13" el="187" ec="13" bec="0" bev="0" fileid="25" />
                <SequencePoint vc="0" uspid="34992" ordinal="0" offset="103" sl="188" sc="9" el="188" ec="9" bec="0" bev="0" fileid="25" />
                <SequencePoint vc="2288" uspid="34993" ordinal="0" offset="104" sl="189" sc="5" el="189" ec="5" bec="0" bev="0" fileid="25" />
              </SequencePoints>
              <BranchPoints />
            </Method>
            <Method visited="true" cyclomaticComplexity="0" nPathComplexity="0" sequenceCoverage="100.0" branchCoverage="0" crapScore="0" isConstructor="true" isStatic="false" isGetter="false" isSetter="false">
              <Summary numSequencePoints="6" visitedSequencePoints="6" numBranchPoints="0" visitedBranchPoints="0" sequenceCoverage="100.0" branchCoverage="0" maxCyclomaticComplexity="0" minCyclomaticComplexity="0" maxCrapScore="0" minCrapScore="0" visitedClasses="0" numClasses="0" visitedMethods="1" numMethods="1" />
              <MetadataToken>100663439</MetadataToken>
              <Name>EnemyBomb::EnemyBomb()</Name>
              <FileRef uid="25" />
              <SequencePoints>
                <SequencePoint vc="20" uspid="34994" ordinal="0" offset="0" sl="13" sc="5" el="13" ec="5" bec="0" bev="0" fileid="25" />
                <SequencePoint vc="20" uspid="34995" ordinal="0" offset="11" sl="16" sc="5" el="16" ec="5" bec="0" bev="0" fileid="25" />
                <SequencePoint vc="20" uspid="34996" ordinal="0" offset="18" sl="17" sc="5" el="17" ec="5" bec="0" bev="0" fileid="25" />
                <SequencePoint vc="20" uspid="34997" ordinal="0" offset="25" sl="24" sc="5" el="24" ec="5" bec="0" bev="0" fileid="25" />
                <SequencePoint vc="20" uspid="34998" ordinal="0" offset="32" sl="30" sc="5" el="30" ec="5" bec="0" bev="0" fileid="25" />
                <SequencePoint vc="20" uspid="34999" ordinal="0" offset="39" sl="31" sc="5" el="31" ec="5" bec="0" bev="0" fileid="25" />
              </SequencePoints>
              <BranchPoints />
            </Method>
          </Methods>
        </Class>
        <Class>
          <Summary numSequencePoints="29" visitedSequencePoints="23" numBranchPoints="0" visitedBranchPoints="0" sequenceCoverage="79.31" branchCoverage="0.0" maxCyclomaticComplexity="0" minCyclomaticComplexity="0" maxCrapScore="0" minCrapScore="0" visitedClasses="1" numClasses="1" visitedMethods="4" numMethods="4" />
          <FullName>EnemySlime</FullName>
          <Methods>
            <Method visited="true" cyclomaticComplexity="0" nPathComplexity="0" sequenceCoverage="100.0" branchCoverage="0" crapScore="0" isConstructor="false" isStatic="false" isGetter="false" isSetter="false">
              <Summary numSequencePoints="6" visitedSequencePoints="6" numBranchPoints="0" visitedBranchPoints="0" sequenceCoverage="100.0" branchCoverage="0" maxCyclomaticComplexity="0" minCyclomaticComplexity="0" maxCrapScore="0" minCrapScore="0" visitedClasses="0" numClasses="0" visitedMethods="1" numMethods="1" />
              <MetadataToken>100663449</MetadataToken>
              <Name>System.Void EnemySlime::Start()</Name>
              <FileRef uid="27" />
              <SequencePoints>
                <SequencePoint vc="21" uspid="35045" ordinal="0" offset="0" sl="24" sc="5" el="24" ec="5" bec="0" bev="0" fileid="27" />
                <SequencePoint vc="21" uspid="35046" ordinal="0" offset="1" sl="25" sc="9" el="25" ec="9" bec="0" bev="0" fileid="27" />
                <SequencePoint vc="21" uspid="35047" ordinal="0" offset="13" sl="26" sc="9" el="26" ec="9" bec="0" bev="0" fileid="27" />
                <SequencePoint vc="21" uspid="35048" ordinal="0" offset="25" sl="27" sc="9" el="27" ec="9" bec="0" bev="0" fileid="27" />
                <SequencePoint vc="21" uspid="35049" ordinal="0" offset="42" sl="28" sc="9" el="28" ec="9" bec="0" bev="0" fileid="27" />
                <SequencePoint vc="21" uspid="35050" ordinal="0" offset="49" sl="29" sc="5" el="29" ec="5" bec="0" bev="0" fileid="27" />
              </SequencePoints>
              <BranchPoints />
            </Method>
            <Method visited="true" cyclomaticComplexity="0" nPathComplexity="0" sequenceCoverage="64.71" branchCoverage="0" crapScore="0" isConstructor="false" isStatic="false" isGetter="false" isSetter="false">
              <Summary numSequencePoints="17" visitedSequencePoints="11" numBranchPoints="0" visitedBranchPoints="0" sequenceCoverage="64.71" branchCoverage="0" maxCyclomaticComplexity="0" minCyclomaticComplexity="0" maxCrapScore="0" minCrapScore="0" visitedClasses="0" numClasses="0" visitedMethods="1" numMethods="1" />
              <MetadataToken>100663450</MetadataToken>
              <Name>System.Void EnemySlime::Update()</Name>
              <FileRef uid="27" />
              <SequencePoints>
                <SequencePoint vc="3432" uspid="35051" ordinal="0" offset="0" sl="32" sc="5" el="32" ec="5" bec="0" bev="0" fileid="27" />
                <SequencePoint vc="3432" uspid="35052" ordinal="0" offset="1" sl="33" sc="9" el="33" ec="9" bec="0" bev="0" fileid="27" />
                <SequencePoint vc="3432" uspid="35053" ordinal="0" offset="39" sl="34" sc="9" el="34" ec="9" bec="0" bev="0" fileid="27" />
                <SequencePoint vc="3432" uspid="35054" ordinal="0" offset="93" sl="35" sc="9" el="35" ec="9" bec="0" bev="0" fileid="27" />
                <SequencePoint vc="0" uspid="35055" ordinal="0" offset="114" sl="36" sc="9" el="36" ec="9" bec="0" bev="0" fileid="27" />
                <SequencePoint vc="0" uspid="35056" ordinal="0" offset="115" sl="37" sc="13" el="37" ec="13" bec="0" bev="0" fileid="27" />
                <SequencePoint vc="0" uspid="35057" ordinal="0" offset="122" sl="38" sc="9" el="38" ec="9" bec="0" bev="0" fileid="27" />
                <SequencePoint vc="3432" uspid="35058" ordinal="0" offset="125" sl="39" sc="14" el="39" ec="14" bec="0" bev="0" fileid="27" />
                <SequencePoint vc="0" uspid="35059" ordinal="0" offset="149" sl="40" sc="9" el="40" ec="9" bec="0" bev="0" fileid="27" />
                <SequencePoint vc="0" uspid="35060" ordinal="0" offset="150" sl="41" sc="13" el="41" ec="13" bec="0" bev="0" fileid="27" />
                <SequencePoint vc="0" uspid="35061" ordinal="0" offset="157" sl="42" sc="9" el="42" ec="9" bec="0" bev="0" fileid="27" />
                <SequencePoint vc="3432" uspid="35062" ordinal="0" offset="158" sl="43" sc="9" el="43" ec="9" bec="0" bev="0" fileid="27" />
                <SequencePoint vc="51" uspid="35063" ordinal="0" offset="192" sl="44" sc="9" el="44" ec="9" bec="0" bev="0" fileid="27" />
                <SequencePoint vc="51" uspid="35064" ordinal="0" offset="193" sl="45" sc="13" el="45" ec="13" bec="0" bev="0" fileid="27" />
                <SequencePoint vc="51" uspid="35065" ordinal="0" offset="200" sl="46" sc="13" el="46" ec="13" bec="0" bev="0" fileid="27" />
                <SequencePoint vc="51" uspid="35066" ordinal="0" offset="217" sl="47" sc="9" el="47" ec="9" bec="0" bev="0" fileid="27" />
                <SequencePoint vc="3432" uspid="35067" ordinal="0" offset="218" sl="48" sc="5" el="48" ec="5" bec="0" bev="0" fileid="27" />
              </SequencePoints>
              <BranchPoints />
            </Method>
            <Method visited="true" cyclomaticComplexity="0" nPathComplexity="0" sequenceCoverage="100.0" branchCoverage="0" crapScore="0" isConstructor="false" isStatic="false" isGetter="false" isSetter="false">
              <Summary numSequencePoints="4" visitedSequencePoints="4" numBranchPoints="0" visitedBranchPoints="0" sequenceCoverage="100.0" branchCoverage="0" maxCyclomaticComplexity="0" minCyclomaticComplexity="0" maxCrapScore="0" minCrapScore="0" visitedClasses="0" numClasses="0" visitedMethods="1" numMethods="1" />
              <MetadataToken>100663453</MetadataToken>
              <Name>System.Void EnemySlime::CreatePoisonSpot()</Name>
              <FileRef uid="27" />
              <SequencePoints>
                <SequencePoint vc="72" uspid="35077" ordinal="0" offset="0" sl="63" sc="5" el="63" ec="5" bec="0" bev="0" fileid="27" />
                <SequencePoint vc="72" uspid="35078" ordinal="0" offset="1" sl="64" sc="9" el="64" ec="9" bec="0" bev="0" fileid="27" />
                <SequencePoint vc="72" uspid="35079" ordinal="0" offset="29" sl="65" sc="9" el="65" ec="9" bec="0" bev="0" fileid="27" />
                <SequencePoint vc="72" uspid="35080" ordinal="0" offset="42" sl="66" sc="5" el="66" ec="5" bec="0" bev="0" fileid="27" />
              </SequencePoints>
              <BranchPoints />
            </Method>
            <Method visited="true" cyclomaticComplexity="0" nPathComplexity="0" sequenceCoverage="100.0" branchCoverage="0" crapScore="0" isConstructor="true" isStatic="false" isGetter="false" isSetter="false">
              <Summary numSequencePoints="2" visitedSequencePoints="2" numBranchPoints="0" visitedBranchPoints="0" sequenceCoverage="100.0" branchCoverage="0" maxCyclomaticComplexity="0" minCyclomaticComplexity="0" maxCrapScore="0" minCrapScore="0" visitedClasses="0" numClasses="0" visitedMethods="1" numMethods="1" />
              <MetadataToken>100663454</MetadataToken>
              <Name>EnemySlime::EnemySlime()</Name>
              <FileRef uid="27" />
              <SequencePoints>
                <SequencePoint vc="27" uspid="35081" ordinal="0" offset="0" sl="7" sc="5" el="7" ec="5" bec="0" bev="0" fileid="27" />
                <SequencePoint vc="27" uspid="35082" ordinal="0" offset="11" sl="20" sc="5" el="20" ec="5" bec="0" bev="0" fileid="27" />
              </SequencePoints>
              <BranchPoints />
            </Method>
          </Methods>
        </Class>
        <Class>
          <Summary numSequencePoints="82" visitedSequencePoints="56" numBranchPoints="0" visitedBranchPoints="0" sequenceCoverage="68.29" branchCoverage="0.0" maxCyclomaticComplexity="0" minCyclomaticComplexity="0" maxCrapScore="0" minCrapScore="0" visitedClasses="1" numClasses="1" visitedMethods="7" numMethods="7" />
          <FullName>EnemyFlying2</FullName>
          <Methods>
            <Method visited="true" cyclomaticComplexity="0" nPathComplexity="0" sequenceCoverage="100.0" branchCoverage="0" crapScore="0" isConstructor="false" isStatic="false" isGetter="false" isSetter="false">
              <Summary numSequencePoints="6" visitedSequencePoints="6" numBranchPoints="0" visitedBranchPoints="0" sequenceCoverage="100.0" branchCoverage="0" maxCyclomaticComplexity="0" minCyclomaticComplexity="0" maxCrapScore="0" minCrapScore="0" visitedClasses="0" numClasses="0" visitedMethods="1" numMethods="1" />
              <MetadataToken>100663455</MetadataToken>
              <Name>System.Void EnemyFlying2::Start()</Name>
              <FileRef uid="28" />
              <SequencePoints>
                <SequencePoint vc="42" uspid="35083" ordinal="0" offset="0" sl="35" sc="5" el="35" ec="5" bec="0" bev="0" fileid="28" />
                <SequencePoint vc="42" uspid="35084" ordinal="0" offset="1" sl="36" sc="9" el="36" ec="9" bec="0" bev="0" fileid="28" />
                <SequencePoint vc="42" uspid="35085" ordinal="0" offset="22" sl="37" sc="9" el="37" ec="9" bec="0" bev="0" fileid="28" />
                <SequencePoint vc="42" uspid="35086" ordinal="0" offset="34" sl="38" sc="9" el="38" ec="9" bec="0" bev="0" fileid="28" />
                <SequencePoint vc="42" uspid="35087" ordinal="0" offset="46" sl="39" sc="9" el="39" ec="9" bec="0" bev="0" fileid="28" />
                <SequencePoint vc="42" uspid="35088" ordinal="0" offset="68" sl="40" sc="5" el="40" ec="5" bec="0" bev="0" fileid="28" />
              </SequencePoints>
              <BranchPoints />
            </Method>
            <Method visited="true" cyclomaticComplexity="0" nPathComplexity="0" sequenceCoverage="62.50" branchCoverage="0" crapScore="0" isConstructor="false" isStatic="false" isGetter="false" isSetter="false">
              <Summary numSequencePoints="8" visitedSequencePoints="5" numBranchPoints="0" visitedBranchPoints="0" sequenceCoverage="62.50" branchCoverage="0" maxCyclomaticComplexity="0" minCyclomaticComplexity="0" maxCrapScore="0" minCrapScore="0" visitedClasses="0" numClasses="0" visitedMethods="1" numMethods="1" />
              <MetadataToken>100663456</MetadataToken>
              <Name>System.Void EnemyFlying2::Update()</Name>
              <FileRef uid="28" />
              <SequencePoints>
                <SequencePoint vc="6864" uspid="35089" ordinal="0" offset="0" sl="43" sc="5" el="43" ec="5" bec="0" bev="0" fileid="28" />
                <SequencePoint vc="6864" uspid="35090" ordinal="0" offset="1" sl="44" sc="9" el="44" ec="9" bec="0" bev="0" fileid="28" />
                <SequencePoint vc="0" uspid="35091" ordinal="0" offset="11" sl="45" sc="9" el="45" ec="9" bec="0" bev="0" fileid="28" />
                <SequencePoint vc="0" uspid="35092" ordinal="0" offset="12" sl="46" sc="13" el="46" ec="13" bec="0" bev="0" fileid="28" />
                <SequencePoint vc="6864" uspid="35093" ordinal="0" offset="14" sl="49" sc="9" el="49" ec="9" bec="0" bev="0" fileid="28" />
                <SequencePoint vc="0" uspid="35094" ordinal="0" offset="30" sl="50" sc="13" el="50" ec="13" bec="0" bev="0" fileid="28" />
                <SequencePoint vc="6864" uspid="35095" ordinal="0" offset="32" sl="52" sc="9" el="52" ec="9" bec="0" bev="0" fileid="28" />
                <SequencePoint vc="6864" uspid="35096" ordinal="0" offset="39" sl="53" sc="5" el="53" ec="5" bec="0" bev="0" fileid="28" />
              </SequencePoints>
              <BranchPoints />
            </Method>
            <Method visited="true" cyclomaticComplexity="0" nPathComplexity="0" sequenceCoverage="42.11" branchCoverage="0" crapScore="0" isConstructor="false" isStatic="false" isGetter="false" isSetter="false">
              <Summary numSequencePoints="19" visitedSequencePoints="8" numBranchPoints="0" visitedBranchPoints="0" sequenceCoverage="42.11" branchCoverage="0" maxCyclomaticComplexity="0" minCyclomaticComplexity="0" maxCrapScore="0" minCrapScore="0" visitedClasses="0" numClasses="0" visitedMethods="1" numMethods="1" />
              <MetadataToken>100663457</MetadataToken>
              <Name>System.Void EnemyFlying2::Chase()</Name>
              <FileRef uid="28" />
              <SequencePoints>
                <SequencePoint vc="6864" uspid="35097" ordinal="0" offset="0" sl="56" sc="5" el="56" ec="5" bec="0" bev="0" fileid="28" />
                <SequencePoint vc="6864" uspid="35098" ordinal="0" offset="1" sl="57" sc="9" el="57" ec="9" bec="0" bev="0" fileid="28" />
                <SequencePoint vc="6864" uspid="35099" ordinal="0" offset="44" sl="58" sc="9" el="58" ec="9" bec="0" bev="0" fileid="28" />
                <SequencePoint vc="6864" uspid="35100" ordinal="0" offset="165" sl="60" sc="9" el="60" ec="9" bec="0" bev="0" fileid="28" />
                <SequencePoint vc="6864" uspid="35101" ordinal="0" offset="173" sl="61" sc="9" el="61" ec="9" bec="0" bev="0" fileid="28" />
                <SequencePoint vc="6864" uspid="35102" ordinal="0" offset="174" sl="62" sc="13" el="62" ec="13" bec="0" bev="0" fileid="28" />
                <SequencePoint vc="6864" uspid="35103" ordinal="0" offset="181" sl="63" sc="13" el="63" ec="13" bec="0" bev="0" fileid="28" />
                <SequencePoint vc="0" uspid="35104" ordinal="0" offset="186" sl="66" sc="9" el="66" ec="9" bec="0" bev="0" fileid="28" />
                <SequencePoint vc="0" uspid="35105" ordinal="0" offset="226" sl="67" sc="9" el="67" ec="9" bec="0" bev="0" fileid="28" />
                <SequencePoint vc="0" uspid="35106" ordinal="0" offset="227" sl="68" sc="13" el="68" ec="13" bec="0" bev="0" fileid="28" />
                <SequencePoint vc="0" uspid="35107" ordinal="0" offset="245" sl="69" sc="13" el="69" ec="13" bec="0" bev="0" fileid="28" />
                <SequencePoint vc="0" uspid="35108" ordinal="0" offset="258" sl="70" sc="9" el="70" ec="9" bec="0" bev="0" fileid="28" />
                <SequencePoint vc="0" uspid="35109" ordinal="0" offset="261" sl="71" sc="14" el="71" ec="14" bec="0" bev="0" fileid="28" />
                <SequencePoint vc="0" uspid="35110" ordinal="0" offset="287" sl="72" sc="9" el="72" ec="9" bec="0" bev="0" fileid="28" />
                <SequencePoint vc="0" uspid="35111" ordinal="0" offset="288" sl="73" sc="13" el="73" ec="13" bec="0" bev="0" fileid="28" />
                <SequencePoint vc="0" uspid="35112" ordinal="0" offset="359" sl="74" sc="13" el="74" ec="13" bec="0" bev="0" fileid="28" />
                <SequencePoint vc="0" uspid="35113" ordinal="0" offset="377" sl="75" sc="13" el="75" ec="13" bec="0" bev="0" fileid="28" />
                <SequencePoint vc="0" uspid="35114" ordinal="0" offset="384" sl="76" sc="9" el="76" ec="9" bec="0" bev="0" fileid="28" />
                <SequencePoint vc="6864" uspid="35115" ordinal="0" offset="385" sl="77" sc="5" el="77" ec="5" bec="0" bev="0" fileid="28" />
              </SequencePoints>
              <BranchPoints />
            </Method>
            <Method visited="true" cyclomaticComplexity="0" nPathComplexity="0" sequenceCoverage="50.00" branchCoverage="0" crapScore="0" isConstructor="false" isStatic="false" isGetter="false" isSetter="false">
              <Summary numSequencePoints="12" visitedSequencePoints="6" numBranchPoints="0" visitedBranchPoints="0" sequenceCoverage="50.00" branchCoverage="0" maxCyclomaticComplexity="0" minCyclomaticComplexity="0" maxCrapScore="0" minCrapScore="0" visitedClasses="0" numClasses="0" visitedMethods="1" numMethods="1" />
              <MetadataToken>100663458</MetadataToken>
              <Name>System.Void EnemyFlying2::ReturnToStartingPointOrPatrol()</Name>
              <FileRef uid="28" />
              <SequencePoints>
                <SequencePoint vc="6864" uspid="35116" ordinal="0" offset="0" sl="80" sc="5" el="80" ec="5" bec="0" bev="0" fileid="28" />
                <SequencePoint vc="6864" uspid="35117" ordinal="0" offset="1" sl="81" sc="9" el="81" ec="9" bec="0" bev="0" fileid="28" />
                <SequencePoint vc="6864" uspid="35118" ordinal="0" offset="15" sl="82" sc="9" el="82" ec="9" bec="0" bev="0" fileid="28" />
                <SequencePoint vc="6864" uspid="35119" ordinal="0" offset="16" sl="83" sc="13" el="83" ec="13" bec="0" bev="0" fileid="28" />
                <SequencePoint vc="6864" uspid="35120" ordinal="0" offset="23" sl="84" sc="9" el="84" ec="9" bec="0" bev="0" fileid="28" />
                <SequencePoint vc="0" uspid="35121" ordinal="0" offset="26" sl="86" sc="9" el="86" ec="9" bec="0" bev="0" fileid="28" />
                <SequencePoint vc="0" uspid="35122" ordinal="0" offset="27" sl="87" sc="13" el="87" ec="13" bec="0" bev="0" fileid="28" />
                <SequencePoint vc="0" uspid="35123" ordinal="0" offset="83" sl="88" sc="13" el="88" ec="13" bec="0" bev="0" fileid="28" />
                <SequencePoint vc="0" uspid="35124" ordinal="0" offset="101" sl="89" sc="13" el="89" ec="13" bec="0" bev="0" fileid="28" />
                <SequencePoint vc="0" uspid="35125" ordinal="0" offset="118" sl="90" sc="13" el="90" ec="13" bec="0" bev="0" fileid="28" />
                <SequencePoint vc="0" uspid="35126" ordinal="0" offset="125" sl="91" sc="9" el="91" ec="9" bec="0" bev="0" fileid="28" />
                <SequencePoint vc="6864" uspid="35127" ordinal="0" offset="126" sl="92" sc="5" el="92" ec="5" bec="0" bev="0" fileid="28" />
              </SequencePoints>
              <BranchPoints />
            </Method>
            <Method visited="true" cyclomaticComplexity="0" nPathComplexity="0" sequenceCoverage="72.73" branchCoverage="0" crapScore="0" isConstructor="false" isStatic="false" isGetter="false" isSetter="false">
              <Summary numSequencePoints="22" visitedSequencePoints="16" numBranchPoints="0" visitedBranchPoints="0" sequenceCoverage="72.73" branchCoverage="0" maxCyclomaticComplexity="0" minCyclomaticComplexity="0" maxCrapScore="0" minCrapScore="0" visitedClasses="0" numClasses="0" visitedMethods="1" numMethods="1" />
              <MetadataToken>100663459</MetadataToken>
              <Name>System.Void EnemyFlying2::Patrol()</Name>
              <FileRef uid="28" />
              <SequencePoints>
                <SequencePoint vc="6864" uspid="35128" ordinal="0" offset="0" sl="95" sc="5" el="95" ec="5" bec="0" bev="0" fileid="28" />
                <SequencePoint vc="6864" uspid="35129" ordinal="0" offset="1" sl="96" sc="9" el="96" ec="9" bec="0" bev="0" fileid="28" />
                <SequencePoint vc="0" uspid="35130" ordinal="0" offset="15" sl="96" sc="39" el="96" ec="39" bec="0" bev="0" fileid="28" />
                <SequencePoint vc="6864" uspid="35131" ordinal="0" offset="20" sl="98" sc="9" el="98" ec="9" bec="0" bev="0" fileid="28" />
                <SequencePoint vc="6864" uspid="35132" ordinal="0" offset="34" sl="99" sc="9" el="99" ec="9" bec="0" bev="0" fileid="28" />
                <SequencePoint vc="6864" uspid="35133" ordinal="0" offset="95" sl="100" sc="9" el="100" ec="9" bec="0" bev="0" fileid="28" />
                <SequencePoint vc="6864" uspid="35134" ordinal="0" offset="103" sl="102" sc="9" el="102" ec="9" bec="0" bev="0" fileid="28" />
                <SequencePoint vc="1905" uspid="35135" ordinal="0" offset="146" sl="103" sc="9" el="103" ec="9" bec="0" bev="0" fileid="28" />
                <SequencePoint vc="1905" uspid="35136" ordinal="0" offset="147" sl="104" sc="13" el="104" ec="13" bec="0" bev="0" fileid="28" />
                <SequencePoint vc="1905" uspid="35137" ordinal="0" offset="165" sl="105" sc="13" el="105" ec="13" bec="0" bev="0" fileid="28" />
                <SequencePoint vc="1905" uspid="35138" ordinal="0" offset="183" sl="107" sc="13" el="107" ec="13" bec="0" bev="0" fileid="28" />
                <SequencePoint vc="0" uspid="35139" ordinal="0" offset="204" sl="108" sc="13" el="108" ec="13" bec="0" bev="0" fileid="28" />
                <SequencePoint vc="0" uspid="35140" ordinal="0" offset="205" sl="109" sc="17" el="109" ec="17" bec="0" bev="0" fileid="28" />
                <SequencePoint vc="0" uspid="35141" ordinal="0" offset="228" sl="110" sc="17" el="110" ec="17" bec="0" bev="0" fileid="28" />
                <SequencePoint vc="0" uspid="35142" ordinal="0" offset="239" sl="111" sc="17" el="111" ec="17" bec="0" bev="0" fileid="28" />
                <SequencePoint vc="0" uspid="35143" ordinal="0" offset="257" sl="112" sc="13" el="112" ec="13" bec="0" bev="0" fileid="28" />
                <SequencePoint vc="1905" uspid="35144" ordinal="0" offset="258" sl="113" sc="9" el="113" ec="9" bec="0" bev="0" fileid="28" />
                <SequencePoint vc="4959" uspid="35145" ordinal="0" offset="261" sl="115" sc="9" el="115" ec="9" bec="0" bev="0" fileid="28" />
                <SequencePoint vc="4959" uspid="35146" ordinal="0" offset="262" sl="116" sc="13" el="116" ec="13" bec="0" bev="0" fileid="28" />
                <SequencePoint vc="4959" uspid="35147" ordinal="0" offset="273" sl="117" sc="13" el="117" ec="13" bec="0" bev="0" fileid="28" />
                <SequencePoint vc="4959" uspid="35148" ordinal="0" offset="291" sl="118" sc="9" el="118" ec="9" bec="0" bev="0" fileid="28" />
                <SequencePoint vc="6864" uspid="35149" ordinal="0" offset="292" sl="119" sc="5" el="119" ec="5" bec="0" bev="0" fileid="28" />
              </SequencePoints>
              <BranchPoints />
            </Method>
            <Method visited="true" cyclomaticComplexity="0" nPathComplexity="0" sequenceCoverage="100.0" branchCoverage="0" crapScore="0" isConstructor="false" isStatic="false" isGetter="false" isSetter="false">
              <Summary numSequencePoints="9" visitedSequencePoints="9" numBranchPoints="0" visitedBranchPoints="0" sequenceCoverage="100.0" branchCoverage="0" maxCyclomaticComplexity="0" minCyclomaticComplexity="0" maxCrapScore="0" minCrapScore="0" visitedClasses="0" numClasses="0" visitedMethods="1" numMethods="1" />
              <MetadataToken>100663464</MetadataToken>
              <Name>System.Void EnemyFlying2::FlipTowardsPatrolPoint(UnityEngine.Transform)</Name>
              <FileRef uid="28" />
              <SequencePoints>
                <SequencePoint vc="6864" uspid="35193" ordinal="0" offset="0" sl="181" sc="5" el="181" ec="5" bec="0" bev="0" fileid="28" />
                <SequencePoint vc="6864" uspid="35194" ordinal="0" offset="1" sl="182" sc="9" el="182" ec="9" bec="0" bev="0" fileid="28" />
                <SequencePoint vc="3952" uspid="35195" ordinal="0" offset="34" sl="183" sc="9" el="183" ec="9" bec="0" bev="0" fileid="28" />
                <SequencePoint vc="3952" uspid="35196" ordinal="0" offset="35" sl="184" sc="13" el="184" ec="13" bec="0" bev="0" fileid="28" />
                <SequencePoint vc="3952" uspid="35197" ordinal="0" offset="67" sl="185" sc="9" el="185" ec="9" bec="0" bev="0" fileid="28" />
                <SequencePoint vc="2912" uspid="35198" ordinal="0" offset="70" sl="187" sc="9" el="187" ec="9" bec="0" bev="0" fileid="28" />
                <SequencePoint vc="2912" uspid="35199" ordinal="0" offset="71" sl="188" sc="13" el="188" ec="13" bec="0" bev="0" fileid="28" />
                <SequencePoint vc="2912" uspid="35200" ordinal="0" offset="103" sl="189" sc="9" el="189" ec="9" bec="0" bev="0" fileid="28" />
                <SequencePoint vc="6864" uspid="35201" ordinal="0" offset="104" sl="190" sc="5" el="190" ec="5" bec="0" bev="0" fileid="28" />
              </SequencePoints>
              <BranchPoints />
            </Method>
            <Method visited="true" cyclomaticComplexity="0" nPathComplexity="0" sequenceCoverage="100.0" branchCoverage="0" crapScore="0" isConstructor="true" isStatic="false" isGetter="false" isSetter="false">
              <Summary numSequencePoints="6" visitedSequencePoints="6" numBranchPoints="0" visitedBranchPoints="0" sequenceCoverage="100.0" branchCoverage="0" maxCyclomaticComplexity="0" minCyclomaticComplexity="0" maxCrapScore="0" minCrapScore="0" visitedClasses="0" numClasses="0" visitedMethods="1" numMethods="1" />
              <MetadataToken>100663465</MetadataToken>
              <Name>EnemyFlying2::EnemyFlying2()</Name>
              <FileRef uid="28" />
              <SequencePoints>
                <SequencePoint vc="60" uspid="35202" ordinal="0" offset="0" sl="13" sc="5" el="13" ec="5" bec="0" bev="0" fileid="28" />
                <SequencePoint vc="60" uspid="35203" ordinal="0" offset="11" sl="16" sc="5" el="16" ec="5" bec="0" bev="0" fileid="28" />
                <SequencePoint vc="60" uspid="35204" ordinal="0" offset="18" sl="17" sc="5" el="17" ec="5" bec="0" bev="0" fileid="28" />
                <SequencePoint vc="60" uspid="35205" ordinal="0" offset="25" sl="24" sc="5" el="24" ec="5" bec="0" bev="0" fileid="28" />
                <SequencePoint vc="60" uspid="35206" ordinal="0" offset="32" sl="30" sc="5" el="30" ec="5" bec="0" bev="0" fileid="28" />
                <SequencePoint vc="60" uspid="35207" ordinal="0" offset="39" sl="31" sc="5" el="31" ec="5" bec="0" bev="0" fileid="28" />
              </SequencePoints>
              <BranchPoints />
            </Method>
          </Methods>
        </Class>
        <Class>
          <Summary numSequencePoints="45" visitedSequencePoints="37" numBranchPoints="0" visitedBranchPoints="0" sequenceCoverage="82.22" branchCoverage="0.0" maxCyclomaticComplexity="0" minCyclomaticComplexity="0" maxCrapScore="0" minCrapScore="0" visitedClasses="1" numClasses="1" visitedMethods="6" numMethods="6" />
          <FullName>Trap</FullName>
          <Methods>
            <Method visited="true" cyclomaticComplexity="0" nPathComplexity="0" sequenceCoverage="100.0" branchCoverage="0" crapScore="0" isConstructor="false" isStatic="false" isGetter="false" isSetter="false">
              <Summary numSequencePoints="4" visitedSequencePoints="4" numBranchPoints="0" visitedBranchPoints="0" sequenceCoverage="100.0" branchCoverage="0" maxCyclomaticComplexity="0" minCyclomaticComplexity="0" maxCrapScore="0" minCrapScore="0" visitedClasses="0" numClasses="0" visitedMethods="1" numMethods="1" />
              <MetadataToken>100663522</MetadataToken>
              <Name>System.Void Trap::Start()</Name>
              <FileRef uid="37" />
              <SequencePoints>
                <SequencePoint vc="14" uspid="35517" ordinal="0" offset="0" sl="20" sc="5" el="20" ec="5" bec="0" bev="0" fileid="37" />
                <SequencePoint vc="14" uspid="35518" ordinal="0" offset="1" sl="21" sc="9" el="21" ec="9" bec="0" bev="0" fileid="37" />
                <SequencePoint vc="14" uspid="35519" ordinal="0" offset="31" sl="22" sc="9" el="22" ec="9" bec="0" bev="0" fileid="37" />
                <SequencePoint vc="14" uspid="35520" ordinal="0" offset="43" sl="23" sc="5" el="23" ec="5" bec="0" bev="0" fileid="37" />
              </SequencePoints>
              <BranchPoints />
            </Method>
            <Method visited="true" cyclomaticComplexity="0" nPathComplexity="0" sequenceCoverage="100.0" branchCoverage="0" crapScore="0" isConstructor="false" isStatic="false" isGetter="false" isSetter="false">
              <Summary numSequencePoints="7" visitedSequencePoints="7" numBranchPoints="0" visitedBranchPoints="0" sequenceCoverage="100.0" branchCoverage="0" maxCyclomaticComplexity="0" minCyclomaticComplexity="0" maxCrapScore="0" minCrapScore="0" visitedClasses="0" numClasses="0" visitedMethods="1" numMethods="1" />
              <MetadataToken>100663523</MetadataToken>
              <Name>System.Void Trap::Update()</Name>
              <FileRef uid="37" />
              <SequencePoints>
                <SequencePoint vc="2288" uspid="35521" ordinal="0" offset="0" sl="25" sc="5" el="25" ec="5" bec="0" bev="0" fileid="37" />
                <SequencePoint vc="2288" uspid="35522" ordinal="0" offset="1" sl="26" sc="9" el="26" ec="9" bec="0" bev="0" fileid="37" />
                <SequencePoint vc="1246" uspid="35523" ordinal="0" offset="11" sl="27" sc="9" el="27" ec="9" bec="0" bev="0" fileid="37" />
                <SequencePoint vc="1246" uspid="35524" ordinal="0" offset="12" sl="28" sc="13" el="28" ec="13" bec="0" bev="0" fileid="37" />
                <SequencePoint vc="1246" uspid="35525" ordinal="0" offset="19" sl="29" sc="9" el="29" ec="9" bec="0" bev="0" fileid="37" />
                <SequencePoint vc="2288" uspid="35526" ordinal="0" offset="20" sl="30" sc="9" el="30" ec="9" bec="0" bev="0" fileid="37" />
                <SequencePoint vc="2288" uspid="35527" ordinal="0" offset="27" sl="31" sc="5" el="31" ec="5" bec="0" bev="0" fileid="37" />
              </SequencePoints>
              <BranchPoints />
            </Method>
            <Method visited="true" cyclomaticComplexity="0" nPathComplexity="0" sequenceCoverage="100.0" branchCoverage="0" crapScore="0" isConstructor="false" isStatic="false" isGetter="false" isSetter="false">
              <Summary numSequencePoints="9" visitedSequencePoints="9" numBranchPoints="0" visitedBranchPoints="0" sequenceCoverage="100.0" branchCoverage="0" maxCyclomaticComplexity="0" minCyclomaticComplexity="0" maxCrapScore="0" minCrapScore="0" visitedClasses="0" numClasses="0" visitedMethods="1" numMethods="1" />
              <MetadataToken>100663524</MetadataToken>
              <Name>System.Void Trap::MoveTrap()</Name>
              <FileRef uid="37" />
              <SequencePoints>
                <SequencePoint vc="1246" uspid="35528" ordinal="0" offset="0" sl="33" sc="5" el="33" ec="5" bec="0" bev="0" fileid="37" />
                <SequencePoint vc="1246" uspid="35529" ordinal="0" offset="1" sl="34" sc="9" el="34" ec="9" bec="0" bev="0" fileid="37" />
                <SequencePoint vc="14" uspid="35530" ordinal="0" offset="61" sl="35" sc="9" el="35" ec="9" bec="0" bev="0" fileid="37" />
                <SequencePoint vc="14" uspid="35531" ordinal="0" offset="62" sl="36" sc="13" el="36" ec="13" bec="0" bev="0" fileid="37" />
                <SequencePoint vc="14" uspid="35532" ordinal="0" offset="75" sl="37" sc="9" el="37" ec="9" bec="0" bev="0" fileid="37" />
                <SequencePoint vc="1232" uspid="35533" ordinal="0" offset="78" sl="39" sc="9" el="39" ec="9" bec="0" bev="0" fileid="37" />
                <SequencePoint vc="1232" uspid="35534" ordinal="0" offset="79" sl="40" sc="13" el="40" ec="13" bec="0" bev="0" fileid="37" />
                <SequencePoint vc="1232" uspid="35535" ordinal="0" offset="152" sl="42" sc="9" el="42" ec="9" bec="0" bev="0" fileid="37" />
                <SequencePoint vc="1246" uspid="35536" ordinal="0" offset="153" sl="43" sc="5" el="43" ec="5" bec="0" bev="0" fileid="37" />
              </SequencePoints>
              <BranchPoints />
            </Method>
            <Method visited="true" cyclomaticComplexity="0" nPathComplexity="0" sequenceCoverage="60.00" branchCoverage="0" crapScore="0" isConstructor="false" isStatic="false" isGetter="false" isSetter="false">
              <Summary numSequencePoints="20" visitedSequencePoints="12" numBranchPoints="0" visitedBranchPoints="0" sequenceCoverage="60.00" branchCoverage="0" maxCyclomaticComplexity="0" minCyclomaticComplexity="0" maxCrapScore="0" minCrapScore="0" visitedClasses="0" numClasses="0" visitedMethods="1" numMethods="1" />
              <MetadataToken>100663525</MetadataToken>
              <Name>System.Void Trap::OnTriggerEnter2D(UnityEngine.Collider2D)</Name>
              <FileRef uid="37" />
              <SequencePoints>
                <SequencePoint vc="8" uspid="35537" ordinal="0" offset="0" sl="45" sc="5" el="45" ec="5" bec="0" bev="0" fileid="37" />
                <SequencePoint vc="8" uspid="35538" ordinal="0" offset="1" sl="46" sc="9" el="46" ec="9" bec="0" bev="0" fileid="37" />
                <SequencePoint vc="0" uspid="35539" ordinal="0" offset="37" sl="47" sc="9" el="47" ec="9" bec="0" bev="0" fileid="37" />
                <SequencePoint vc="0" uspid="35540" ordinal="0" offset="38" sl="48" sc="13" el="48" ec="13" bec="0" bev="0" fileid="37" />
                <SequencePoint vc="0" uspid="35541" ordinal="0" offset="45" sl="49" sc="13" el="49" ec="13" bec="0" bev="0" fileid="37" />
                <SequencePoint vc="0" uspid="35542" ordinal="0" offset="56" sl="50" sc="13" el="50" ec="13" bec="0" bev="0" fileid="37" />
                <SequencePoint vc="0" uspid="35543" ordinal="0" offset="57" sl="51" sc="17" el="51" ec="17" bec="0" bev="0" fileid="37" />
                <SequencePoint vc="0" uspid="35544" ordinal="0" offset="70" sl="52" sc="17" el="52" ec="17" bec="0" bev="0" fileid="37" />
                <SequencePoint vc="0" uspid="35545" ordinal="0" offset="83" sl="53" sc="13" el="53" ec="13" bec="0" bev="0" fileid="37" />
                <SequencePoint vc="0" uspid="35546" ordinal="0" offset="84" sl="54" sc="9" el="54" ec="9" bec="0" bev="0" fileid="37" />
                <SequencePoint vc="8" uspid="35547" ordinal="0" offset="85" sl="55" sc="9" el="55" ec="9" bec="0" bev="0" fileid="37" />
                <SequencePoint vc="6" uspid="35548" ordinal="0" offset="110" sl="56" sc="9" el="56" ec="9" bec="0" bev="0" fileid="37" />
                <SequencePoint vc="6" uspid="35549" ordinal="0" offset="111" sl="57" sc="13" el="57" ec="13" bec="0" bev="0" fileid="37" />
                <SequencePoint vc="6" uspid="35550" ordinal="0" offset="129" sl="58" sc="13" el="58" ec="13" bec="0" bev="0" fileid="37" />
                <SequencePoint vc="6" uspid="35551" ordinal="0" offset="130" sl="59" sc="17" el="59" ec="17" bec="0" bev="0" fileid="37" />
                <SequencePoint vc="6" uspid="35552" ordinal="0" offset="143" sl="60" sc="17" el="60" ec="17" bec="0" bev="0" fileid="37" />
                <SequencePoint vc="6" uspid="35553" ordinal="0" offset="168" sl="61" sc="17" el="61" ec="17" bec="0" bev="0" fileid="37" />
                <SequencePoint vc="6" uspid="35554" ordinal="0" offset="181" sl="62" sc="13" el="62" ec="13" bec="0" bev="0" fileid="37" />
                <SequencePoint vc="6" uspid="35555" ordinal="0" offset="182" sl="63" sc="9" el="63" ec="9" bec="0" bev="0" fileid="37" />
                <SequencePoint vc="8" uspid="35556" ordinal="0" offset="183" sl="64" sc="5" el="64" ec="5" bec="0" bev="0" fileid="37" />
              </SequencePoints>
              <BranchPoints />
            </Method>
            <Method visited="true" cyclomaticComplexity="0" nPathComplexity="0" sequenceCoverage="100.0" branchCoverage="0" crapScore="0" isConstructor="false" isStatic="false" isGetter="false" isSetter="false">
              <Summary numSequencePoints="3" visitedSequencePoints="3" numBranchPoints="0" visitedBranchPoints="0" sequenceCoverage="100.0" branchCoverage="0" maxCyclomaticComplexity="0" minCyclomaticComplexity="0" maxCrapScore="0" minCrapScore="0" visitedClasses="0" numClasses="0" visitedMethods="1" numMethods="1" />
              <MetadataToken>100663527</MetadataToken>
              <Name>System.Void Trap::Turn()</Name>
              <FileRef uid="37" />
              <SequencePoints>
                <SequencePoint vc="2288" uspid="35557" ordinal="0" offset="0" sl="73" sc="5" el="73" ec="5" bec="0" bev="0" fileid="37" />
                <SequencePoint vc="2288" uspid="35558" ordinal="0" offset="1" sl="74" sc="9" el="74" ec="9" bec="0" bev="0" fileid="37" />
                <SequencePoint vc="2288" uspid="35559" ordinal="0" offset="35" sl="75" sc="5" el="75" ec="5" bec="0" bev="0" fileid="37" />
              </SequencePoints>
              <BranchPoints />
            </Method>
            <Method visited="true" cyclomaticComplexity="0" nPathComplexity="0" sequenceCoverage="100.0" branchCoverage="0" crapScore="0" isConstructor="true" isStatic="false" isGetter="false" isSetter="false">
              <Summary numSequencePoints="2" visitedSequencePoints="2" numBranchPoints="0" visitedBranchPoints="0" sequenceCoverage="100.0" branchCoverage="0" maxCyclomaticComplexity="0" minCyclomaticComplexity="0" maxCrapScore="0" minCrapScore="0" visitedClasses="0" numClasses="0" visitedMethods="1" numMethods="1" />
              <MetadataToken>100663529</MetadataToken>
              <Name>Trap::Trap()</Name>
              <FileRef uid="37" />
              <SequencePoints>
                <SequencePoint vc="20" uspid="35560" ordinal="0" offset="0" sl="13" sc="5" el="13" ec="5" bec="0" bev="0" fileid="37" />
                <SequencePoint vc="20" uspid="35561" ordinal="0" offset="7" sl="14" sc="5" el="14" ec="5" bec="0" bev="0" fileid="37" />
              </SequencePoints>
              <BranchPoints />
            </Method>
          </Methods>
        </Class>
        <Class>
          <Summary numSequencePoints="12" visitedSequencePoints="3" numBranchPoints="0" visitedBranchPoints="0" sequenceCoverage="25.00" branchCoverage="0.0" maxCyclomaticComplexity="0" minCyclomaticComplexity="0" maxCrapScore="0" minCrapScore="0" visitedClasses="1" numClasses="1" visitedMethods="1" numMethods="1" />
          <FullName>Coin</FullName>
          <Methods>
            <Method visited="true" cyclomaticComplexity="0" nPathComplexity="0" sequenceCoverage="25.00" branchCoverage="0" crapScore="0" isConstructor="false" isStatic="false" isGetter="false" isSetter="false">
              <Summary numSequencePoints="12" visitedSequencePoints="3" numBranchPoints="0" visitedBranchPoints="0" sequenceCoverage="25.00" branchCoverage="0" maxCyclomaticComplexity="0" minCyclomaticComplexity="0" maxCrapScore="0" minCrapScore="0" visitedClasses="0" numClasses="0" visitedMethods="1" numMethods="1" />
              <MetadataToken>100663530</MetadataToken>
[...]
                <SequencePoint vc="7" uspid="67807" ordinal="0" offset="51" sl="264" sc="9" el="264" ec="9" bec="0" bev="0" fileid="170" />
                <SequencePoint vc="7" uspid="67808" ordinal="0" offset="52" sl="265" sc="5" el="265" ec="5" bec="0" bev="0" fileid="170" />
              </SequencePoints>
              <BranchPoints />
            </Method>
            <Method visited="true" cyclomaticComplexity="0" nPathComplexity="0" sequenceCoverage="100.0" branchCoverage="0" crapScore="0" isConstructor="true" isStatic="false" isGetter="false" isSetter="false">
              <Summary numSequencePoints="9" visitedSequencePoints="9" numBranchPoints="0" visitedBranchPoints="0" sequenceCoverage="100.0" branchCoverage="0" maxCyclomaticComplexity="0" minCyclomaticComplexity="0" maxCrapScore="0" minCrapScore="0" visitedClasses="0" numClasses="0" visitedMethods="1" numMethods="1" />
              <MetadataToken>100663452</MetadataToken>
              <Name>PlayerAttack2::PlayerAttack2()</Name>
              <FileRef uid="170" />
              <SequencePoints>
                <SequencePoint vc="13" uspid="67809" ordinal="0" offset="0" sl="13" sc="5" el="13" ec="5" bec="0" bev="0" fileid="170" />
                <SequencePoint vc="13" uspid="67810" ordinal="0" offset="11" sl="14" sc="5" el="14" ec="5" bec="0" bev="0" fileid="170" />
                <SequencePoint vc="13" uspid="67811" ordinal="0" offset="22" sl="15" sc="5" el="15" ec="5" bec="0" bev="0" fileid="170" />
                <SequencePoint vc="13" uspid="67812" ordinal="0" offset="33" sl="16" sc="5" el="16" ec="5" bec="0" bev="0" fileid="170" />
                <SequencePoint vc="13" uspid="67813" ordinal="0" offset="44" sl="17" sc="5" el="17" ec="5" bec="0" bev="0" fileid="170" />
                <SequencePoint vc="13" uspid="67814" ordinal="0" offset="51" sl="18" sc="5" el="18" ec="5" bec="0" bev="0" fileid="170" />
                <SequencePoint vc="13" uspid="67815" ordinal="0" offset="62" sl="24" sc="5" el="24" ec="5" bec="0" bev="0" fileid="170" />
                <SequencePoint vc="13" uspid="67816" ordinal="0" offset="73" sl="25" sc="5" el="25" ec="5" bec="0" bev="0" fileid="170" />
                <SequencePoint vc="13" uspid="67817" ordinal="0" offset="80" sl="26" sc="5" el="26" ec="5" bec="0" bev="0" fileid="170" />
              </SequencePoints>
              <BranchPoints />
            </Method>
          </Methods>
        </Class>
        <Class>
          <Summary numSequencePoints="10" visitedSequencePoints="7" numBranchPoints="0" visitedBranchPoints="0" sequenceCoverage="70.00" branchCoverage="0.0" maxCyclomaticComplexity="0" minCyclomaticComplexity="0" maxCrapScore="0" minCrapScore="0" visitedClasses="1" numClasses="1" visitedMethods="3" numMethods="3" />
          <FullName>Portial</FullName>
          <Methods>
            <Method visited="true" cyclomaticComplexity="0" nPathComplexity="0" sequenceCoverage="100.0" branchCoverage="0" crapScore="0" isConstructor="false" isStatic="false" isGetter="false" isSetter="false">
              <Summary numSequencePoints="3" visitedSequencePoints="3" numBranchPoints="0" visitedBranchPoints="0" sequenceCoverage="100.0" branchCoverage="0" maxCyclomaticComplexity="0" minCyclomaticComplexity="0" maxCrapScore="0" minCrapScore="0" visitedClasses="0" numClasses="0" visitedMethods="1" numMethods="1" />
              <MetadataToken>100663453</MetadataToken>
              <Name>System.Void Portial::Start()</Name>
              <FileRef uid="171" />
              <SequencePoints>
                <SequencePoint vc="7" uspid="67818" ordinal="0" offset="0" sl="14" sc="5" el="14" ec="5" bec="0" bev="0" fileid="171" />
                <SequencePoint vc="7" uspid="67819" ordinal="0" offset="1" sl="15" sc="9" el="15" ec="9" bec="0" bev="0" fileid="171" />
                <SequencePoint vc="7" uspid="67820" ordinal="0" offset="19" sl="16" sc="5" el="16" ec="5" bec="0" bev="0" fileid="171" />
              </SequencePoints>
              <BranchPoints />
            </Method>
            <Method visited="true" cyclomaticComplexity="0" nPathComplexity="0" sequenceCoverage="50.00" branchCoverage="0" crapScore="0" isConstructor="false" isStatic="false" isGetter="false" isSetter="false">
              <Summary numSequencePoints="6" visitedSequencePoints="3" numBranchPoints="0" visitedBranchPoints="0" sequenceCoverage="50.00" branchCoverage="0" maxCyclomaticComplexity="0" minCyclomaticComplexity="0" maxCrapScore="0" minCrapScore="0" visitedClasses="0" numClasses="0" visitedMethods="1" numMethods="1" />
              <MetadataToken>100663456</MetadataToken>
              <Name>System.Void Portial::Update()</Name>
              <FileRef uid="171" />
              <SequencePoints>
                <SequencePoint vc="1144" uspid="67835" ordinal="0" offset="0" sl="35" sc="5" el="35" ec="5" bec="0" bev="0" fileid="171" />
                <SequencePoint vc="1144" uspid="67836" ordinal="0" offset="1" sl="36" sc="9" el="36" ec="9" bec="0" bev="0" fileid="171" />
                <SequencePoint vc="0" uspid="67837" ordinal="0" offset="23" sl="37" sc="9" el="37" ec="9" bec="0" bev="0" fileid="171" />
                <SequencePoint vc="0" uspid="67838" ordinal="0" offset="24" sl="38" sc="13" el="38" ec="13" bec="0" bev="0" fileid="171" />
                <SequencePoint vc="0" uspid="67839" ordinal="0" offset="31" sl="39" sc="9" el="39" ec="9" bec="0" bev="0" fileid="171" />
                <SequencePoint vc="1144" uspid="67840" ordinal="0" offset="32" sl="40" sc="5" el="40" ec="5" bec="0" bev="0" fileid="171" />
              </SequencePoints>
              <BranchPoints />
            </Method>
            <Method visited="true" cyclomaticComplexity="0" nPathComplexity="0" sequenceCoverage="100.0" branchCoverage="0" crapScore="0" isConstructor="true" isStatic="false" isGetter="false" isSetter="false">
              <Summary numSequencePoints="1" visitedSequencePoints="1" numBranchPoints="0" visitedBranchPoints="0" sequenceCoverage="100.0" branchCoverage="0" maxCyclomaticComplexity="0" minCyclomaticComplexity="0" maxCrapScore="0" minCrapScore="0" visitedClasses="0" numClasses="0" visitedMethods="1" numMethods="1" />
              <MetadataToken>100663457</MetadataToken>
              <Name>Portial::Portial()</Name>
              <FileRef uid="171" />
              <SequencePoints>
                <SequencePoint vc="13" uspid="67841" ordinal="0" offset="0" sl="11" sc="5" el="11" ec="5" bec="0" bev="0" fileid="171" />
              </SequencePoints>
              <BranchPoints />
            </Method>
          </Methods>
        </Class>
        <Class>
          <Summary numSequencePoints="3" visitedSequencePoints="3" numBranchPoints="0" visitedBranchPoints="0" sequenceCoverage="100.0" branchCoverage="0.0" maxCyclomaticComplexity="0" minCyclomaticComplexity="0" maxCrapScore="0" minCrapScore="0" visitedClasses="1" numClasses="1" visitedMethods="1" numMethods="1" />
          <FullName>SettingPanel</FullName>
          <Methods>
            <Method visited="true" cyclomaticComplexity="0" nPathComplexity="0" sequenceCoverage="100.0" branchCoverage="0" crapScore="0" isConstructor="false" isStatic="false" isGetter="false" isSetter="false">
              <Summary numSequencePoints="3" visitedSequencePoints="3" numBranchPoints="0" visitedBranchPoints="0" sequenceCoverage="100.0" branchCoverage="0" maxCyclomaticComplexity="0" minCyclomaticComplexity="0" maxCrapScore="0" minCrapScore="0" visitedClasses="0" numClasses="0" visitedMethods="1" numMethods="1" />
              <MetadataToken>100663462</MetadataToken>
              <Name>System.Void SettingPanel::OpenSetting()</Name>
              <FileRef uid="173" />
              <SequencePoints>
                <SequencePoint vc="1" uspid="67854" ordinal="0" offset="0" sl="19" sc="5" el="19" ec="5" bec="0" bev="0" fileid="173" />
                <SequencePoint vc="1" uspid="67855" ordinal="0" offset="1" sl="20" sc="9" el="20" ec="9" bec="0" bev="0" fileid="173" />
                <SequencePoint vc="1" uspid="67856" ordinal="0" offset="19" sl="21" sc="5" el="21" ec="5" bec="0" bev="0" fileid="173" />
              </SequencePoints>
              <BranchPoints />
            </Method>
          </Methods>
        </Class>
        <Class>
          <Summary numSequencePoints="6" visitedSequencePoints="6" numBranchPoints="0" visitedBranchPoints="0" sequenceCoverage="100.0" branchCoverage="0.0" maxCyclomaticComplexity="0" minCyclomaticComplexity="0" maxCrapScore="0" minCrapScore="0" visitedClasses="1" numClasses="1" visitedMethods="2" numMethods="2" />
          <FullName>StartGame</FullName>
          <Methods>
            <Method visited="true" cyclomaticComplexity="0" nPathComplexity="0" sequenceCoverage="100.0" branchCoverage="0" crapScore="0" isConstructor="false" isStatic="false" isGetter="false" isSetter="false">
              <Summary numSequencePoints="3" visitedSequencePoints="3" numBranchPoints="0" visitedBranchPoints="0" sequenceCoverage="100.0" branchCoverage="0" maxCyclomaticComplexity="0" minCyclomaticComplexity="0" maxCrapScore="0" minCrapScore="0" visitedClasses="0" numClasses="0" visitedMethods="1" numMethods="1" />
              <MetadataToken>100663471</MetadataToken>
              <Name>System.Void StartGame::LoadGame(System.Int32)</Name>
              <FileRef uid="174" />
              <SequencePoints>
                <SequencePoint vc="1" uspid="67878" ordinal="0" offset="0" sl="9" sc="5" el="9" ec="5" bec="0" bev="0" fileid="174" />
                <SequencePoint vc="1" uspid="67879" ordinal="0" offset="1" sl="10" sc="9" el="10" ec="9" bec="0" bev="0" fileid="174" />
                <SequencePoint vc="1" uspid="67880" ordinal="0" offset="8" sl="11" sc="5" el="11" ec="5" bec="0" bev="0" fileid="174" />
              </SequencePoints>
              <BranchPoints />
            </Method>
            <Method visited="true" cyclomaticComplexity="0" nPathComplexity="0" sequenceCoverage="100.0" branchCoverage="0" crapScore="0" isConstructor="false" isStatic="false" isGetter="false" isSetter="false">
              <Summary numSequencePoints="3" visitedSequencePoints="3" numBranchPoints="0" visitedBranchPoints="0" sequenceCoverage="100.0" branchCoverage="0" maxCyclomaticComplexity="0" minCyclomaticComplexity="0" maxCrapScore="0" minCrapScore="0" visitedClasses="0" numClasses="0" visitedMethods="1" numMethods="1" />
              <MetadataToken>100663472</MetadataToken>
              <Name>System.Void StartGame::Awake()</Name>
              <FileRef uid="174" />
              <SequencePoints>
                <SequencePoint vc="2" uspid="67881" ordinal="0" offset="0" sl="13" sc="5" el="13" ec="5" bec="0" bev="0" fileid="174" />
                <SequencePoint vc="2" uspid="67882" ordinal="0" offset="1" sl="14" sc="9" el="14" ec="9" bec="0" bev="0" fileid="174" />
                <SequencePoint vc="2" uspid="67883" ordinal="0" offset="13" sl="15" sc="5" el="15" ec="5" bec="0" bev="0" fileid="174" />
              </SequencePoints>
              <BranchPoints />
            </Method>
          </Methods>
        </Class>
        <Class>
          <Summary numSequencePoints="21" visitedSequencePoints="10" numBranchPoints="0" visitedBranchPoints="0" sequenceCoverage="47.62" branchCoverage="0.0" maxCyclomaticComplexity="0" minCyclomaticComplexity="0" maxCrapScore="0" minCrapScore="0" visitedClasses="1" numClasses="1" visitedMethods="3" numMethods="3" />
          <FullName>ThrowingDagger</FullName>
          <Methods>
            <Method visited="true" cyclomaticComplexity="0" nPathComplexity="0" sequenceCoverage="100.0" branchCoverage="0" crapScore="0" isConstructor="false" isStatic="false" isGetter="false" isSetter="false">
              <Summary numSequencePoints="3" visitedSequencePoints="3" numBranchPoints="0" visitedBranchPoints="0" sequenceCoverage="100.0" branchCoverage="0" maxCyclomaticComplexity="0" minCyclomaticComplexity="0" maxCrapScore="0" minCrapScore="0" visitedClasses="0" numClasses="0" visitedMethods="1" numMethods="1" />
              <MetadataToken>100663476</MetadataToken>
              <Name>System.Void ThrowingDagger::Awake()</Name>
              <FileRef uid="176" />
              <SequencePoints>
                <SequencePoint vc="7" uspid="67887" ordinal="0" offset="0" sl="15" sc="5" el="15" ec="5" bec="0" bev="0" fileid="176" />
                <SequencePoint vc="7" uspid="67888" ordinal="0" offset="1" sl="16" sc="9" el="16" ec="9" bec="0" bev="0" fileid="176" />
                <SequencePoint vc="7" uspid="67889" ordinal="0" offset="13" sl="17" sc="5" el="17" ec="5" bec="0" bev="0" fileid="176" />
              </SequencePoints>
              <BranchPoints />
            </Method>
            <Method visited="true" cyclomaticComplexity="0" nPathComplexity="0" sequenceCoverage="31.25" branchCoverage="0" crapScore="0" isConstructor="false" isStatic="false" isGetter="false" isSetter="false">
              <Summary numSequencePoints="16" visitedSequencePoints="5" numBranchPoints="0" visitedBranchPoints="0" sequenceCoverage="31.25" branchCoverage="0" maxCyclomaticComplexity="0" minCyclomaticComplexity="0" maxCrapScore="0" minCrapScore="0" visitedClasses="0" numClasses="0" visitedMethods="1" numMethods="1" />
              <MetadataToken>100663477</MetadataToken>
              <Name>System.Void ThrowingDagger::Update()</Name>
              <FileRef uid="176" />
              <SequencePoints>
                <SequencePoint vc="1144" uspid="67890" ordinal="0" offset="0" sl="19" sc="5" el="19" ec="5" bec="0" bev="0" fileid="176" />
                <SequencePoint vc="1144" uspid="67891" ordinal="0" offset="1" sl="20" sc="9" el="20" ec="9" bec="0" bev="0" fileid="176" />
                <SequencePoint vc="0" uspid="67892" ordinal="0" offset="23" sl="21" sc="9" el="21" ec="9" bec="0" bev="0" fileid="176" />
                <SequencePoint vc="0" uspid="67893" ordinal="0" offset="24" sl="22" sc="13" el="22" ec="13" bec="0" bev="0" fileid="176" />
                <SequencePoint vc="0" uspid="67894" ordinal="0" offset="31" sl="23" sc="13" el="23" ec="13" bec="0" bev="0" fileid="176" />
                <SequencePoint vc="0" uspid="67895" ordinal="0" offset="43" sl="24" sc="13" el="24" ec="13" bec="0" bev="0" fileid="176" />
                <SequencePoint vc="0" uspid="67896" ordinal="0" offset="56" sl="25" sc="9" el="25" ec="9" bec="0" bev="0" fileid="176" />
                <SequencePoint vc="1144" uspid="67897" ordinal="0" offset="57" sl="26" sc="9" el="26" ec="9" bec="0" bev="0" fileid="176" />
                <SequencePoint vc="0" uspid="67898" ordinal="0" offset="71" sl="27" sc="9" el="27" ec="9" bec="0" bev="0" fileid="176" />
                <SequencePoint vc="0" uspid="67899" ordinal="0" offset="72" sl="28" sc="13" el="28" ec="13" bec="0" bev="0" fileid="176" />
                <SequencePoint vc="0" uspid="67900" ordinal="0" offset="79" sl="29" sc="9" el="29" ec="9" bec="0" bev="0" fileid="176" />
                <SequencePoint vc="1144" uspid="67901" ordinal="0" offset="82" sl="30" sc="14" el="30" ec="14" bec="0" bev="0" fileid="176" />
                <SequencePoint vc="0" uspid="67902" ordinal="0" offset="96" sl="31" sc="9" el="31" ec="9" bec="0" bev="0" fileid="176" />
                <SequencePoint vc="0" uspid="67903" ordinal="0" offset="97" sl="32" sc="13" el="32" ec="13" bec="0" bev="0" fileid="176" />
                <SequencePoint vc="0" uspid="67904" ordinal="0" offset="104" sl="33" sc="9" el="33" ec="9" bec="0" bev="0" fileid="176" />
                <SequencePoint vc="1144" uspid="67905" ordinal="0" offset="105" sl="34" sc="5" el="34" ec="5" bec="0" bev="0" fileid="176" />
              </SequencePoints>
              <BranchPoints />
            </Method>
            <Method visited="true" cyclomaticComplexity="0" nPathComplexity="0" sequenceCoverage="100.0" branchCoverage="0" crapScore="0" isConstructor="true" isStatic="false" isGetter="false" isSetter="false">
              <Summary numSequencePoints="2" visitedSequencePoints="2" numBranchPoints="0" visitedBranchPoints="0" sequenceCoverage="100.0" branchCoverage="0" maxCyclomaticComplexity="0" minCyclomaticComplexity="0" maxCrapScore="0" minCrapScore="0" visitedClasses="0" numClasses="0" visitedMethods="1" numMethods="1" />
              <MetadataToken>100663480</MetadataToken>
              <Name>ThrowingDagger::ThrowingDagger()</Name>
              <FileRef uid="176" />
              <SequencePoints>
                <SequencePoint vc="13" uspid="67913" ordinal="0" offset="0" sl="11" sc="5" el="11" ec="5" bec="0" bev="0" fileid="176" />
                <SequencePoint vc="13" uspid="67914" ordinal="0" offset="7" sl="12" sc="5" el="12" ec="5" bec="0" bev="0" fileid="176" />
              </SequencePoints>
              <BranchPoints />
            </Method>
          </Methods>
        </Class>
        <Class>
          <Summary numSequencePoints="6" visitedSequencePoints="6" numBranchPoints="0" visitedBranchPoints="0" sequenceCoverage="100.0" branchCoverage="0.0" maxCyclomaticComplexity="0" minCyclomaticComplexity="0" maxCrapScore="0" minCrapScore="0" visitedClasses="1" numClasses="1" visitedMethods="2" numMethods="2" />
          <FullName>UIManager</FullName>
          <Methods>
            <Method visited="true" cyclomaticComplexity="0" nPathComplexity="0" sequenceCoverage="100.0" branchCoverage="0" crapScore="0" isConstructor="false" isStatic="false" isGetter="false" isSetter="false">
              <Summary numSequencePoints="3" visitedSequencePoints="3" numBranchPoints="0" visitedBranchPoints="0" sequenceCoverage="100.0" branchCoverage="0" maxCyclomaticComplexity="0" minCyclomaticComplexity="0" maxCrapScore="0" minCrapScore="0" visitedClasses="0" numClasses="0" visitedMethods="1" numMethods="1" />
              <MetadataToken>100663481</MetadataToken>
              <Name>System.Void UIManager::UpdateScore(System.Int32)</Name>
              <FileRef uid="177" />
              <SequencePoints>
                <SequencePoint vc="27" uspid="67915" ordinal="0" offset="0" sl="12" sc="5" el="12" ec="5" bec="0" bev="0" fileid="177" />
                <SequencePoint vc="27" uspid="67916" ordinal="0" offset="1" sl="13" sc="9" el="13" ec="9" bec="0" bev="0" fileid="177" />
                <SequencePoint vc="27" uspid="67917" ordinal="0" offset="30" sl="14" sc="5" el="14" ec="5" bec="0" bev="0" fileid="177" />
              </SequencePoints>
              <BranchPoints />
            </Method>
            <Method visited="true" cyclomaticComplexity="0" nPathComplexity="0" sequenceCoverage="100.0" branchCoverage="0" crapScore="0" isConstructor="false" isStatic="false" isGetter="false" isSetter="false">
              <Summary numSequencePoints="3" visitedSequencePoints="3" numBranchPoints="0" visitedBranchPoints="0" sequenceCoverage="100.0" branchCoverage="0" maxCyclomaticComplexity="0" minCyclomaticComplexity="0" maxCrapScore="0" minCrapScore="0" visitedClasses="0" numClasses="0" visitedMethods="1" numMethods="1" />
              <MetadataToken>100663482</MetadataToken>
              <Name>System.Void UIManager::UpdateLives(System.Int32)</Name>
              <FileRef uid="177" />
              <SequencePoints>
                <SequencePoint vc="27" uspid="67918" ordinal="0" offset="0" sl="16" sc="5" el="16" ec="5" bec="0" bev="0" fileid="177" />
                <SequencePoint vc="27" uspid="67919" ordinal="0" offset="1" sl="17" sc="9" el="17" ec="9" bec="0" bev="0" fileid="177" />
                <SequencePoint vc="27" uspid="67920" ordinal="0" offset="30" sl="18" sc="5" el="18" ec="5" bec="0" bev="0" fileid="177" />
              </SequencePoints>
              <BranchPoints />
            </Method>
          </Methods>
        </Class>
      </Classes>
    </Module>
  </Modules>
</CoverageSession>